nohup: ignoring input
========================================
VizWiz Few-Shot DeFRCN Training
CO-DETR MATCH (2X) Configuration
========================================

Base iterations: 3472 (~16 epochs)
Novel iterations: 1400 (~50 epochs for 10-shot)
Folds: OD25_0 OD25_1 OD25_2 OD25_3
K-shots: 1 10
Weights & Biases: defrcn_gpu_c

✅ ImageNet pretrained weights found

========================================
Processing Fold: OD25_0
========================================

📊 STAGE 1: Base Training (3472 iterations)
----------------------------------------
Config: /home/turje87/DeFRCN/configs/vizwiz_det_r101_base_balanced.yaml
Output: /home/turje87/DeFRCN/outputs_codetr_2x/OD25_0/base_model
Iterations: 3472

✅ Registered VizWiz datasets for 4 folds with k-shot variants
[10/26 17:01:57 detectron2]: Rank of current process: 0. World size: 1
[10/26 17:01:57 detectron2]: Command line arguments: Namespace(config_file='/home/turje87/DeFRCN/configs/vizwiz_det_r101_base_balanced.yaml', resume=False, eval_only=False, eval_all=False, eval_during_train=False, eval_iter=-1, start_iter=-1, end_iter=-1, num_gpus=1, num_machines=1, machine_rank=0, dist_url='tcp://127.0.0.1:50154', opts=['MODEL.WEIGHTS', '/home/turje87/DeFRCN/imagenet_pretrain/MSRA/R-101.pkl', 'OUTPUT_DIR', '/home/turje87/DeFRCN/outputs_codetr_2x/OD25_0/base_model', 'SOLVER.IMS_PER_BATCH', '2', 'SOLVER.BASE_LR', '0.0025', 'SOLVER.MAX_ITER', '3472', 'SOLVER.STEPS', '(2083,2777)', 'SOLVER.WARMUP_ITERS', '1000', 'DATASETS.TRAIN', "('vizwiz_OD25_0_train_base',)", 'DATASETS.TEST', "('vizwiz_OD25_0_val_base',)"])
[10/26 17:01:57 detectron2]: Contents of args.config_file=/home/turje87/DeFRCN/configs/vizwiz_det_r101_base_balanced.yaml:
_BASE_: "Base-RCNN.yaml"

# VizWiz Base Training Config with Class Balancing
# Addresses severe class imbalance (up to 451x ratio)

MODEL:
  WEIGHTS: "data/.pretrain_weights/ImageNetPretrained/MSRA/R-101.pkl"
  MASK_ON: False
  RESNETS:
    DEPTH: 101
  RPN:
    ENABLE_DECOUPLE: True
    BACKWARD_SCALE: 0.0
  ROI_HEADS:
    NUM_CLASSES: 75  # OD25 base split has 75 classes (FIXED from 101)
    ENABLE_DECOUPLE: True
    BACKWARD_SCALE: 0.75
    # Use focal loss to handle class imbalance
    SCORE_THRESH_TEST: 0.05  # Lower threshold for rare classes

DATASETS:
  TRAIN: ('vizwiz_train',)
  TEST: ('vizwiz_val',)

# ==================== CLASS BALANCING STRATEGIES ==================== #

# 1. Repeat Factor Sampling (oversample rare classes)
DATALOADER:
  SAMPLER_TRAIN: "RepeatFactorTrainingSampler"
  REPEAT_THRESHOLD: 0.001  # Oversample classes with <0.1% frequency
  NUM_WORKERS: 4

# 2. Training parameters optimized for imbalanced data
SOLVER:
  IMS_PER_BATCH: 16
  BASE_LR: 0.01  # Reduced from 0.02 for stability with imbalanced data
  WEIGHT_DECAY: 0.0001
  WEIGHT_DECAY_BIAS: 0.0001
  WEIGHT_DECAY_NORM: 0.0
  WARMUP_ITERS: 500  # Gradual warmup helps with rare classes
  WARMUP_FACTOR: 0.001
  STEPS: (6000,)
  MAX_ITER: 8000
  CHECKPOINT_PERIOD: 100000
  CLIP_GRADIENTS:
    ENABLED: True
    CLIP_TYPE: "norm"
    CLIP_VALUE: 1.0
    NORM_TYPE: 2.0

OUTPUT_DIR: "output/vizwiz_base_balanced"

# ==================== NOTES ==================== #
# This config addresses the severe class imbalance found:
# - monitor: 451 samples (most common)
# - purse: 1 sample (least common)  
# - Imbalance ratio: 451x
#
# RepeatFactorTrainingSampler will:
# - Oversample rare classes like "purse", "sign", "sandwich"
# - Balance the training distribution
# - Improve mAP on rare classes


[10/26 17:01:57 detectron2]: Full config saved to /home/turje87/DeFRCN/outputs_codetr_2x/OD25_0/base_model/config.yaml
[10/26 17:01:57 d2.utils.env]: Using a generated random seed 58499497
WARNING [10/26 17:02:00 d2.data.datasets.coco]: 
Category ids in annotations are not in [1, #categories]! We'll apply a mapping for you.

[10/26 17:02:00 d2.data.datasets.coco]: Loaded 1735 images in COCO format from /home/turje87/DeFRCN/datasets/vizwiz/annotations/OD25_0/instances_train_base.json
[10/26 17:02:00 defrcn.dataloader.build]: Removed 0 images with no usable annotations. 1735 images left.
[10/26 17:02:00 defrcn.dataloader.dataset_mapper]: [DatasetMapper] Augmentations used in training: [ResizeShortestEdge(short_edge_length=(640, 672, 704, 736, 768, 800), max_size=1333, sample_style='choice'), RandomFlip()]
[10/26 17:02:00 defrcn.dataloader.build]: Using training sampler RepeatFactorTrainingSampler
[10/26 17:02:00 d2.data.samplers.distributed_sampler]: Cat ID 0: freq=0.01, rep=1.00
[10/26 17:02:00 d2.data.samplers.distributed_sampler]: Cat ID 1: freq=0.01, rep=1.00
[10/26 17:02:00 d2.data.samplers.distributed_sampler]: Cat ID 2: freq=0.01, rep=1.00
[10/26 17:02:00 d2.data.samplers.distributed_sampler]: Cat ID 3: freq=0.01, rep=1.00
[10/26 17:02:00 d2.data.samplers.distributed_sampler]: Cat ID 4: freq=0.01, rep=1.00
[10/26 17:02:00 d2.data.samplers.distributed_sampler]: Cat ID 5: freq=0.02, rep=1.00
[10/26 17:02:00 d2.data.samplers.distributed_sampler]: Cat ID 6: freq=0.00, rep=1.00
[10/26 17:02:00 d2.data.samplers.distributed_sampler]: Cat ID 7: freq=0.02, rep=1.00
[10/26 17:02:00 d2.data.samplers.distributed_sampler]: Cat ID 8: freq=0.07, rep=1.00
[10/26 17:02:00 d2.data.samplers.distributed_sampler]: Cat ID 9: freq=0.02, rep=1.00
[10/26 17:02:00 d2.data.samplers.distributed_sampler]: Cat ID 10: freq=0.01, rep=1.00
[10/26 17:02:00 d2.data.samplers.distributed_sampler]: Cat ID 13: freq=0.01, rep=1.00
[10/26 17:02:00 d2.data.samplers.distributed_sampler]: Cat ID 14: freq=0.03, rep=1.00
[10/26 17:02:00 d2.data.samplers.distributed_sampler]: Cat ID 15: freq=0.01, rep=1.00
[10/26 17:02:00 d2.data.samplers.distributed_sampler]: Cat ID 16: freq=0.05, rep=1.00
[10/26 17:02:00 d2.data.samplers.distributed_sampler]: Cat ID 17: freq=0.01, rep=1.00
[10/26 17:02:00 d2.data.samplers.distributed_sampler]: Cat ID 18: freq=0.14, rep=1.00
[10/26 17:02:00 d2.data.samplers.distributed_sampler]: Cat ID 19: freq=0.04, rep=1.00
[10/26 17:02:00 d2.data.samplers.distributed_sampler]: Cat ID 20: freq=0.10, rep=1.00
[10/26 17:02:00 d2.data.samplers.distributed_sampler]: Cat ID 21: freq=0.00, rep=1.00
[10/26 17:02:00 d2.data.samplers.distributed_sampler]: Cat ID 22: freq=0.02, rep=1.00
[10/26 17:02:00 d2.data.samplers.distributed_sampler]: Cat ID 23: freq=0.02, rep=1.00
[10/26 17:02:00 d2.data.samplers.distributed_sampler]: Cat ID 24: freq=0.01, rep=1.00
[10/26 17:02:00 d2.data.samplers.distributed_sampler]: Cat ID 25: freq=0.01, rep=1.00
[10/26 17:02:00 d2.data.samplers.distributed_sampler]: Cat ID 26: freq=0.01, rep=1.00
[10/26 17:02:00 d2.data.samplers.distributed_sampler]: Cat ID 27: freq=0.01, rep=1.00
[10/26 17:02:00 d2.data.samplers.distributed_sampler]: Cat ID 28: freq=0.01, rep=1.00
[10/26 17:02:00 d2.data.samplers.distributed_sampler]: Cat ID 29: freq=0.00, rep=1.00
[10/26 17:02:00 d2.data.samplers.distributed_sampler]: Cat ID 30: freq=0.01, rep=1.00
[10/26 17:02:00 d2.data.samplers.distributed_sampler]: Cat ID 31: freq=0.01, rep=1.00
[10/26 17:02:00 d2.data.samplers.distributed_sampler]: Cat ID 32: freq=0.01, rep=1.00
[10/26 17:02:00 d2.data.samplers.distributed_sampler]: Cat ID 33: freq=0.01, rep=1.00
[10/26 17:02:00 d2.data.samplers.distributed_sampler]: Cat ID 34: freq=0.01, rep=1.00
[10/26 17:02:00 d2.data.samplers.distributed_sampler]: Cat ID 35: freq=0.07, rep=1.00
[10/26 17:02:00 d2.data.samplers.distributed_sampler]: Cat ID 36: freq=0.01, rep=1.00
[10/26 17:02:00 d2.data.samplers.distributed_sampler]: Cat ID 37: freq=0.01, rep=1.00
[10/26 17:02:00 d2.data.samplers.distributed_sampler]: Cat ID 38: freq=0.00, rep=1.00
[10/26 17:02:00 d2.data.samplers.distributed_sampler]: Cat ID 39: freq=0.03, rep=1.00
[10/26 17:02:00 d2.data.samplers.distributed_sampler]: Cat ID 40: freq=0.00, rep=1.00
[10/26 17:02:00 d2.data.samplers.distributed_sampler]: Cat ID 41: freq=0.01, rep=1.00
[10/26 17:02:00 d2.data.samplers.distributed_sampler]: Cat ID 42: freq=0.01, rep=1.00
[10/26 17:02:00 d2.data.samplers.distributed_sampler]: Cat ID 43: freq=0.02, rep=1.00
[10/26 17:02:00 d2.data.samplers.distributed_sampler]: Cat ID 44: freq=0.01, rep=1.00
[10/26 17:02:00 d2.data.samplers.distributed_sampler]: Cat ID 45: freq=0.05, rep=1.00
[10/26 17:02:00 d2.data.samplers.distributed_sampler]: Cat ID 46: freq=0.01, rep=1.00
[10/26 17:02:00 d2.data.samplers.distributed_sampler]: Cat ID 47: freq=0.01, rep=1.00
[10/26 17:02:00 d2.data.samplers.distributed_sampler]: Cat ID 48: freq=0.04, rep=1.00
[10/26 17:02:00 d2.data.samplers.distributed_sampler]: Cat ID 49: freq=0.01, rep=1.00
[10/26 17:02:00 d2.data.samplers.distributed_sampler]: Cat ID 50: freq=0.00, rep=1.00
[10/26 17:02:00 d2.data.samplers.distributed_sampler]: Cat ID 51: freq=0.00, rep=1.00
[10/26 17:02:00 d2.data.samplers.distributed_sampler]: Cat ID 52: freq=0.01, rep=1.00
[10/26 17:02:00 d2.data.samplers.distributed_sampler]: Cat ID 53: freq=0.02, rep=1.00
[10/26 17:02:00 d2.data.samplers.distributed_sampler]: Cat ID 54: freq=0.02, rep=1.00
[10/26 17:02:00 d2.data.samplers.distributed_sampler]: Cat ID 55: freq=0.01, rep=1.00
[10/26 17:02:00 d2.data.samplers.distributed_sampler]: Cat ID 56: freq=0.00, rep=1.32
[10/26 17:02:00 d2.data.samplers.distributed_sampler]: Cat ID 57: freq=0.00, rep=1.00
[10/26 17:02:00 d2.data.samplers.distributed_sampler]: Cat ID 58: freq=0.03, rep=1.00
[10/26 17:02:00 d2.data.samplers.distributed_sampler]: Cat ID 59: freq=0.00, rep=1.00
[10/26 17:02:00 d2.data.samplers.distributed_sampler]: Cat ID 60: freq=0.01, rep=1.00
[10/26 17:02:00 d2.data.samplers.distributed_sampler]: Cat ID 61: freq=0.02, rep=1.00
[10/26 17:02:00 d2.data.samplers.distributed_sampler]: Cat ID 62: freq=0.01, rep=1.00
[10/26 17:02:00 d2.data.samplers.distributed_sampler]: Cat ID 64: freq=0.00, rep=1.00
[10/26 17:02:00 d2.data.samplers.distributed_sampler]: Cat ID 65: freq=0.07, rep=1.00
[10/26 17:02:00 d2.data.samplers.distributed_sampler]: Cat ID 66: freq=0.00, rep=1.00
[10/26 17:02:00 d2.data.samplers.distributed_sampler]: Cat ID 67: freq=0.00, rep=1.00
[10/26 17:02:00 d2.data.samplers.distributed_sampler]: Cat ID 68: freq=0.00, rep=1.00
[10/26 17:02:00 d2.data.samplers.distributed_sampler]: Cat ID 69: freq=0.01, rep=1.00
[10/26 17:02:00 d2.data.samplers.distributed_sampler]: Cat ID 70: freq=0.02, rep=1.00
[10/26 17:02:00 d2.data.samplers.distributed_sampler]: Cat ID 71: freq=0.01, rep=1.00
[10/26 17:02:00 d2.data.samplers.distributed_sampler]: Cat ID 72: freq=0.01, rep=1.00
[10/26 17:02:00 d2.data.samplers.distributed_sampler]: Cat ID 73: freq=0.01, rep=1.00
[10/26 17:02:00 d2.data.samplers.distributed_sampler]: Cat ID 74: freq=0.01, rep=1.00
[10/26 17:02:00 d2.data.common]: Serializing the dataset using: <class 'detectron2.data.common._TorchSerializedList'>
[10/26 17:02:00 d2.data.common]: Serializing 1735 elements to byte tensors and concatenating them all ...
[10/26 17:02:00 d2.data.common]: Serialized dataset takes 0.56 MiB
[10/26 17:02:00 fvcore.common.checkpoint]: [Checkpointer] Loading from /home/turje87/DeFRCN/imagenet_pretrain/MSRA/R-101.pkl ...
[10/26 17:02:00 d2.checkpoint.c2_model_loading]: Renaming Caffe2 weights ......
[10/26 17:02:00 d2.checkpoint.c2_model_loading]: Following weights matched with submodule model - Total num: 105
[10/26 17:02:00 d2.engine.train_loop]: Starting training from iteration 0
/home/turje87/miniconda/envs/defrcn-cu121/lib/python3.10/site-packages/torch/functional.py:504: UserWarning: torch.meshgrid: in an upcoming release, it will be required to pass the indexing argument. (Triggered internally at ../aten/src/ATen/native/TensorShape.cpp:3526.)
  return _VF.meshgrid(tensors, **kwargs)  # type: ignore[attr-defined]
[10/26 17:02:06 d2.utils.events]:  eta: 0:11:20  iter: 19  total_loss: 1.373e+06  loss_cls: 9.871e+05  loss_box_reg: 1.966e+05  loss_rpn_cls: 4.34e+04  loss_rpn_loc: 1.239e+05    time: 0.2067  last_time: 0.2015  data_time: 0.0338  last_data_time: 0.0040   lr: 4.9952e-05  max_mem: 1803M
[10/26 17:02:09 d2.utils.events]:  eta: 0:10:45  iter: 39  total_loss: 3.599e+05  loss_cls: 2.589e+05  loss_box_reg: 5.119e+04  loss_rpn_cls: 7868  loss_rpn_loc: 3.244e+04    time: 0.1869  last_time: 0.1987  data_time: 0.0048  last_data_time: 0.0048   lr: 9.9902e-05  max_mem: 1803M
[10/26 17:02:13 d2.utils.events]:  eta: 0:10:56  iter: 59  total_loss: 8.193e+04  loss_cls: 7.234e+04  loss_box_reg: 1.13e+04  loss_rpn_cls: 960.5  loss_rpn_loc: 5125    time: 0.1905  last_time: 0.1755  data_time: 0.0057  last_data_time: 0.0049   lr: 0.00014985  max_mem: 1806M
[10/26 17:02:17 d2.utils.events]:  eta: 0:09:59  iter: 79  total_loss: 1.67e+04  loss_cls: 1.067e+04  loss_box_reg: 2856  loss_rpn_cls: 335.3  loss_rpn_loc: 2246    time: 0.1871  last_time: 0.1951  data_time: 0.0048  last_data_time: 0.0050   lr: 0.0001998  max_mem: 1811M
[10/26 17:02:21 d2.utils.events]:  eta: 0:09:48  iter: 99  total_loss: 1.124e+04  loss_cls: 7801  loss_box_reg: 1988  loss_rpn_cls: 264.6  loss_rpn_loc: 1373    time: 0.1855  last_time: 0.1775  data_time: 0.0051  last_data_time: 0.0054   lr: 0.00024975  max_mem: 1829M
[10/26 17:02:24 d2.utils.events]:  eta: 0:09:44  iter: 119  total_loss: 6907  loss_cls: 4662  loss_box_reg: 1403  loss_rpn_cls: 218.7  loss_rpn_loc: 753.4    time: 0.1844  last_time: 0.1708  data_time: 0.0049  last_data_time: 0.0042   lr: 0.0002997  max_mem: 1829M
[10/26 17:02:28 d2.utils.events]:  eta: 0:09:40  iter: 139  total_loss: 4155  loss_cls: 2441  loss_box_reg: 788  loss_rpn_cls: 144.2  loss_rpn_loc: 726.6    time: 0.1829  last_time: 0.1975  data_time: 0.0071  last_data_time: 0.0050   lr: 0.00034965  max_mem: 1829M
[10/26 17:02:31 d2.utils.events]:  eta: 0:09:36  iter: 159  total_loss: 2358  loss_cls: 1341  loss_box_reg: 486.6  loss_rpn_cls: 99.6  loss_rpn_loc: 471.6    time: 0.1828  last_time: 0.1763  data_time: 0.0055  last_data_time: 0.0053   lr: 0.0003996  max_mem: 1829M
[10/26 17:02:35 d2.utils.events]:  eta: 0:09:34  iter: 179  total_loss: 2586  loss_cls: 1501  loss_box_reg: 569.4  loss_rpn_cls: 83.45  loss_rpn_loc: 438.9    time: 0.1839  last_time: 0.2023  data_time: 0.0055  last_data_time: 0.0057   lr: 0.00044955  max_mem: 1879M
[10/26 17:02:39 d2.utils.events]:  eta: 0:09:30  iter: 199  total_loss: 1466  loss_cls: 777.2  loss_box_reg: 274.7  loss_rpn_cls: 62.41  loss_rpn_loc: 314.5    time: 0.1844  last_time: 0.1558  data_time: 0.0047  last_data_time: 0.0049   lr: 0.0004995  max_mem: 1879M
[10/26 17:02:43 d2.utils.events]:  eta: 0:09:27  iter: 219  total_loss: 1002  loss_cls: 452.4  loss_box_reg: 142.6  loss_rpn_cls: 58.24  loss_rpn_loc: 241.2    time: 0.1855  last_time: 0.1699  data_time: 0.0055  last_data_time: 0.0046   lr: 0.00054945  max_mem: 1879M
[10/26 17:02:47 d2.utils.events]:  eta: 0:09:24  iter: 239  total_loss: 1201  loss_cls: 601.7  loss_box_reg: 260.2  loss_rpn_cls: 59.88  loss_rpn_loc: 271.6    time: 0.1857  last_time: 0.1487  data_time: 0.0049  last_data_time: 0.0060   lr: 0.0005994  max_mem: 1893M
[10/26 17:02:50 d2.utils.events]:  eta: 0:09:22  iter: 259  total_loss: 570.6  loss_cls: 278.7  loss_box_reg: 74.24  loss_rpn_cls: 41.92  loss_rpn_loc: 174.5    time: 0.1860  last_time: 0.1409  data_time: 0.0050  last_data_time: 0.0042   lr: 0.00064935  max_mem: 1893M
[10/26 17:02:54 d2.utils.events]:  eta: 0:09:20  iter: 279  total_loss: 455.5  loss_cls: 192.5  loss_box_reg: 110.3  loss_rpn_cls: 34.85  loss_rpn_loc: 162    time: 0.1865  last_time: 0.2201  data_time: 0.0048  last_data_time: 0.0051   lr: 0.0006993  max_mem: 2028M
[10/26 17:02:58 d2.utils.events]:  eta: 0:09:18  iter: 299  total_loss: 548.3  loss_cls: 181.1  loss_box_reg: 91.5  loss_rpn_cls: 28.35  loss_rpn_loc: 153.9    time: 0.1876  last_time: 0.2061  data_time: 0.0050  last_data_time: 0.0046   lr: 0.00074925  max_mem: 2167M
[10/26 17:03:03 d2.utils.events]:  eta: 0:09:18  iter: 319  total_loss: 280.6  loss_cls: 112.9  loss_box_reg: 22.03  loss_rpn_cls: 23.57  loss_rpn_loc: 109.4    time: 0.1892  last_time: 0.2082  data_time: 0.0056  last_data_time: 0.0047   lr: 0.0007992  max_mem: 2167M
[10/26 17:03:07 d2.utils.events]:  eta: 0:09:20  iter: 339  total_loss: 167.8  loss_cls: 45.75  loss_box_reg: 15.53  loss_rpn_cls: 23.56  loss_rpn_loc: 78.25    time: 0.1913  last_time: 0.2621  data_time: 0.0052  last_data_time: 0.0049   lr: 0.00084915  max_mem: 2167M
[10/26 17:03:11 d2.utils.events]:  eta: 0:09:19  iter: 359  total_loss: 186.4  loss_cls: 51.58  loss_box_reg: 14.13  loss_rpn_cls: 16.04  loss_rpn_loc: 82.26    time: 0.1927  last_time: 0.2630  data_time: 0.0054  last_data_time: 0.0057   lr: 0.0008991  max_mem: 2167M
[10/26 17:03:16 d2.utils.events]:  eta: 0:09:30  iter: 379  total_loss: 137.8  loss_cls: 41.3  loss_box_reg: 12.89  loss_rpn_cls: 13.99  loss_rpn_loc: 68.91    time: 0.1950  last_time: 0.1924  data_time: 0.0052  last_data_time: 0.0044   lr: 0.00094905  max_mem: 2223M
[10/26 17:03:21 d2.utils.events]:  eta: 0:09:34  iter: 399  total_loss: 149.7  loss_cls: 41.84  loss_box_reg: 13.18  loss_rpn_cls: 10.06  loss_rpn_loc: 63.66    time: 0.1966  last_time: 0.1738  data_time: 0.0053  last_data_time: 0.0063   lr: 0.000999  max_mem: 2243M
[10/26 17:03:26 d2.utils.events]:  eta: 0:09:47  iter: 419  total_loss: 95.77  loss_cls: 17.14  loss_box_reg: 4.932  loss_rpn_cls: 10.8  loss_rpn_loc: 54.31    time: 0.1991  last_time: 0.2947  data_time: 0.0050  last_data_time: 0.0050   lr: 0.001049  max_mem: 2492M
[10/26 17:03:31 d2.utils.events]:  eta: 0:09:51  iter: 439  total_loss: 82.87  loss_cls: 17.79  loss_box_reg: 4.635  loss_rpn_cls: 10.16  loss_rpn_loc: 50.39    time: 0.2014  last_time: 0.2901  data_time: 0.0055  last_data_time: 0.0050   lr: 0.0010989  max_mem: 2492M
[10/26 17:03:36 d2.utils.events]:  eta: 0:09:54  iter: 459  total_loss: 85.41  loss_cls: 13.88  loss_box_reg: 4.716  loss_rpn_cls: 11.91  loss_rpn_loc: 39.63    time: 0.2031  last_time: 0.2521  data_time: 0.0051  last_data_time: 0.0052   lr: 0.0011489  max_mem: 2492M
[10/26 17:03:41 d2.utils.events]:  eta: 0:09:54  iter: 479  total_loss: 39.87  loss_cls: 5.969  loss_box_reg: 1.944  loss_rpn_cls: 6.013  loss_rpn_loc: 25.51    time: 0.2059  last_time: 0.3414  data_time: 0.0051  last_data_time: 0.0056   lr: 0.0011988  max_mem: 2492M
[10/26 17:03:47 d2.utils.events]:  eta: 0:09:53  iter: 499  total_loss: 44.37  loss_cls: 5.12  loss_box_reg: 1.388  loss_rpn_cls: 6.818  loss_rpn_loc: 32.23    time: 0.2088  last_time: 0.2321  data_time: 0.0052  last_data_time: 0.0047   lr: 0.0012488  max_mem: 2610M
[10/26 17:03:53 d2.utils.events]:  eta: 0:09:54  iter: 519  total_loss: 34.64  loss_cls: 3.924  loss_box_reg: 1.019  loss_rpn_cls: 4.26  loss_rpn_loc: 20.73    time: 0.2124  last_time: 0.3240  data_time: 0.0049  last_data_time: 0.0050   lr: 0.0012987  max_mem: 2698M
[10/26 17:03:59 d2.utils.events]:  eta: 0:09:57  iter: 539  total_loss: 23.24  loss_cls: 2.845  loss_box_reg: 0.7723  loss_rpn_cls: 2.622  loss_rpn_loc: 14.52    time: 0.2167  last_time: 0.3211  data_time: 0.0051  last_data_time: 0.0048   lr: 0.0013487  max_mem: 2699M
[10/26 17:04:06 d2.utils.events]:  eta: 0:09:58  iter: 559  total_loss: 17.31  loss_cls: 1.632  loss_box_reg: 0.5744  loss_rpn_cls: 2.28  loss_rpn_loc: 12.05    time: 0.2213  last_time: 0.3948  data_time: 0.0051  last_data_time: 0.0047   lr: 0.0013986  max_mem: 2701M
[10/26 17:04:13 d2.utils.events]:  eta: 0:10:02  iter: 579  total_loss: 14.76  loss_cls: 1.885  loss_box_reg: 0.9211  loss_rpn_cls: 1.885  loss_rpn_loc: 9.429    time: 0.2261  last_time: 0.3835  data_time: 0.0051  last_data_time: 0.0055   lr: 0.0014486  max_mem: 2701M
[10/26 17:04:20 d2.utils.events]:  eta: 0:10:09  iter: 599  total_loss: 10.16  loss_cls: 1.595  loss_box_reg: 0.5017  loss_rpn_cls: 1.187  loss_rpn_loc: 6.34    time: 0.2305  last_time: 0.3351  data_time: 0.0048  last_data_time: 0.0050   lr: 0.0014985  max_mem: 2702M
[10/26 17:04:27 d2.utils.events]:  eta: 0:10:17  iter: 619  total_loss: 6.449  loss_cls: 1.156  loss_box_reg: 0.3159  loss_rpn_cls: 0.8476  loss_rpn_loc: 3.646    time: 0.2343  last_time: 0.3874  data_time: 0.0049  last_data_time: 0.0049   lr: 0.0015485  max_mem: 2702M
[10/26 17:04:34 d2.utils.events]:  eta: 0:10:19  iter: 639  total_loss: 5.279  loss_cls: 1.519  loss_box_reg: 0.4931  loss_rpn_cls: 0.6674  loss_rpn_loc: 2.062    time: 0.2378  last_time: 0.3289  data_time: 0.0053  last_data_time: 0.0055   lr: 0.0015984  max_mem: 2702M
[10/26 17:04:41 d2.utils.events]:  eta: 0:10:26  iter: 659  total_loss: 5.435  loss_cls: 1.549  loss_box_reg: 0.6583  loss_rpn_cls: 0.4807  loss_rpn_loc: 1.91    time: 0.2411  last_time: 0.3340  data_time: 0.0051  last_data_time: 0.0054   lr: 0.0016484  max_mem: 2702M
[10/26 17:04:48 d2.utils.events]:  eta: 0:10:33  iter: 679  total_loss: 3.216  loss_cls: 0.9323  loss_box_reg: 0.5968  loss_rpn_cls: 0.455  loss_rpn_loc: 1.063    time: 0.2445  last_time: 0.3476  data_time: 0.0051  last_data_time: 0.0046   lr: 0.0016983  max_mem: 2702M
[10/26 17:04:56 d2.utils.events]:  eta: 0:10:40  iter: 699  total_loss: 3.461  loss_cls: 1.476  loss_box_reg: 0.5744  loss_rpn_cls: 0.4246  loss_rpn_loc: 0.7344    time: 0.2478  last_time: 0.3849  data_time: 0.0054  last_data_time: 0.0058   lr: 0.0017483  max_mem: 2702M
[10/26 17:05:03 d2.utils.events]:  eta: 0:10:43  iter: 719  total_loss: 2.934  loss_cls: 1.295  loss_box_reg: 0.4851  loss_rpn_cls: 0.4053  loss_rpn_loc: 0.6156    time: 0.2509  last_time: 0.3887  data_time: 0.0051  last_data_time: 0.0058   lr: 0.0017982  max_mem: 2703M
[10/26 17:05:10 d2.utils.events]:  eta: 0:10:53  iter: 739  total_loss: 2.269  loss_cls: 1.072  loss_box_reg: 0.4625  loss_rpn_cls: 0.3957  loss_rpn_loc: 0.3693    time: 0.2539  last_time: 0.3818  data_time: 0.0050  last_data_time: 0.0055   lr: 0.0018482  max_mem: 2705M
[10/26 17:05:17 d2.utils.events]:  eta: 0:11:00  iter: 759  total_loss: 2.113  loss_cls: 1.032  loss_box_reg: 0.3135  loss_rpn_cls: 0.3673  loss_rpn_loc: 0.285    time: 0.2563  last_time: 0.3417  data_time: 0.0047  last_data_time: 0.0047   lr: 0.0018981  max_mem: 2705M
[10/26 17:05:24 d2.utils.events]:  eta: 0:11:06  iter: 779  total_loss: 1.646  loss_cls: 0.656  loss_box_reg: 0.2889  loss_rpn_cls: 0.3534  loss_rpn_loc: 0.3111    time: 0.2589  last_time: 0.3367  data_time: 0.0049  last_data_time: 0.0048   lr: 0.0019481  max_mem: 2705M
[10/26 17:05:31 d2.utils.events]:  eta: 0:11:10  iter: 799  total_loss: 1.364  loss_cls: 0.5302  loss_box_reg: 0.1786  loss_rpn_cls: 0.3551  loss_rpn_loc: 0.182    time: 0.2614  last_time: 0.3191  data_time: 0.0050  last_data_time: 0.0051   lr: 0.001998  max_mem: 2705M
[10/26 17:05:38 d2.utils.events]:  eta: 0:11:11  iter: 819  total_loss: 1.618  loss_cls: 0.6025  loss_box_reg: 0.2477  loss_rpn_cls: 0.347  loss_rpn_loc: 0.3338    time: 0.2637  last_time: 0.3371  data_time: 0.0052  last_data_time: 0.0043   lr: 0.002048  max_mem: 2705M
[10/26 17:05:45 d2.utils.events]:  eta: 0:11:19  iter: 839  total_loss: 1.245  loss_cls: 0.4629  loss_box_reg: 0.1822  loss_rpn_cls: 0.3071  loss_rpn_loc: 0.2031    time: 0.2656  last_time: 0.3911  data_time: 0.0049  last_data_time: 0.0047   lr: 0.0020979  max_mem: 2705M
[10/26 17:05:52 d2.utils.events]:  eta: 0:11:22  iter: 859  total_loss: 1.22  loss_cls: 0.4891  loss_box_reg: 0.2093  loss_rpn_cls: 0.3164  loss_rpn_loc: 0.2456    time: 0.2673  last_time: 0.3203  data_time: 0.0056  last_data_time: 0.0047   lr: 0.0021479  max_mem: 2705M
[10/26 17:05:59 d2.utils.events]:  eta: 0:11:28  iter: 879  total_loss: 1.222  loss_cls: 0.3633  loss_box_reg: 0.1766  loss_rpn_cls: 0.3974  loss_rpn_loc: 0.2269    time: 0.2694  last_time: 0.3260  data_time: 0.0053  last_data_time: 0.0078   lr: 0.0021978  max_mem: 2705M
[10/26 17:06:06 d2.utils.events]:  eta: 0:11:37  iter: 899  total_loss: 1.355  loss_cls: 0.4678  loss_box_reg: 0.2035  loss_rpn_cls: 0.3602  loss_rpn_loc: 0.2707    time: 0.2711  last_time: 0.3810  data_time: 0.0051  last_data_time: 0.0052   lr: 0.0022478  max_mem: 2705M
[10/26 17:06:13 d2.utils.events]:  eta: 0:11:57  iter: 919  total_loss: 1.261  loss_cls: 0.4519  loss_box_reg: 0.1818  loss_rpn_cls: 0.3562  loss_rpn_loc: 0.2932    time: 0.2729  last_time: 0.3462  data_time: 0.0050  last_data_time: 0.0045   lr: 0.0022977  max_mem: 2705M
[10/26 17:06:20 d2.utils.events]:  eta: 0:12:05  iter: 939  total_loss: 1.171  loss_cls: 0.4298  loss_box_reg: 0.1662  loss_rpn_cls: 0.3532  loss_rpn_loc: 0.2532    time: 0.2745  last_time: 0.3245  data_time: 0.0050  last_data_time: 0.0048   lr: 0.0023477  max_mem: 2705M
[10/26 17:06:27 d2.utils.events]:  eta: 0:12:09  iter: 959  total_loss: 1.444  loss_cls: 0.5616  loss_box_reg: 0.2094  loss_rpn_cls: 0.3915  loss_rpn_loc: 0.348    time: 0.2761  last_time: 0.3422  data_time: 0.0048  last_data_time: 0.0049   lr: 0.0023976  max_mem: 2705M
[10/26 17:06:34 d2.utils.events]:  eta: 0:12:23  iter: 979  total_loss: 1.136  loss_cls: 0.3878  loss_box_reg: 0.153  loss_rpn_cls: 0.3263  loss_rpn_loc: 0.2772    time: 0.2777  last_time: 0.3853  data_time: 0.0050  last_data_time: 0.0055   lr: 0.0024476  max_mem: 2705M
[10/26 17:06:41 d2.utils.events]:  eta: 0:12:40  iter: 999  total_loss: 1.295  loss_cls: 0.4843  loss_box_reg: 0.1856  loss_rpn_cls: 0.3733  loss_rpn_loc: 0.1904    time: 0.2791  last_time: 0.3281  data_time: 0.0049  last_data_time: 0.0041   lr: 0.0024975  max_mem: 2705M
[10/26 17:06:48 d2.utils.events]:  eta: 0:13:02  iter: 1019  total_loss: 1.183  loss_cls: 0.3803  loss_box_reg: 0.1549  loss_rpn_cls: 0.3073  loss_rpn_loc: 0.2138    time: 0.2803  last_time: 0.3552  data_time: 0.0051  last_data_time: 0.0052   lr: 0.0025  max_mem: 2705M
[10/26 17:06:55 d2.utils.events]:  eta: 0:13:01  iter: 1039  total_loss: 1.188  loss_cls: 0.3657  loss_box_reg: 0.1345  loss_rpn_cls: 0.3171  loss_rpn_loc: 0.193    time: 0.2817  last_time: 0.3538  data_time: 0.0051  last_data_time: 0.0042   lr: 0.0025  max_mem: 2705M
[10/26 17:07:02 d2.utils.events]:  eta: 0:13:04  iter: 1059  total_loss: 1.207  loss_cls: 0.3814  loss_box_reg: 0.1428  loss_rpn_cls: 0.3862  loss_rpn_loc: 0.1975    time: 0.2832  last_time: 0.3301  data_time: 0.0052  last_data_time: 0.0042   lr: 0.0025  max_mem: 2705M
[10/26 17:07:10 d2.utils.events]:  eta: 0:13:05  iter: 1079  total_loss: 1.127  loss_cls: 0.3842  loss_box_reg: 0.1422  loss_rpn_cls: 0.3099  loss_rpn_loc: 0.2583    time: 0.2846  last_time: 0.3662  data_time: 0.0049  last_data_time: 0.0044   lr: 0.0025  max_mem: 2705M
[10/26 17:07:16 d2.utils.events]:  eta: 0:13:02  iter: 1099  total_loss: 1.215  loss_cls: 0.443  loss_box_reg: 0.1364  loss_rpn_cls: 0.3706  loss_rpn_loc: 0.2505    time: 0.2856  last_time: 0.3253  data_time: 0.0050  last_data_time: 0.0053   lr: 0.0025  max_mem: 2705M
[10/26 17:07:23 d2.utils.events]:  eta: 0:13:00  iter: 1119  total_loss: 0.9683  loss_cls: 0.3418  loss_box_reg: 0.1374  loss_rpn_cls: 0.32  loss_rpn_loc: 0.1794    time: 0.2867  last_time: 0.3457  data_time: 0.0047  last_data_time: 0.0047   lr: 0.0025  max_mem: 2705M
[10/26 17:07:30 d2.utils.events]:  eta: 0:12:58  iter: 1139  total_loss: 1.193  loss_cls: 0.4517  loss_box_reg: 0.1675  loss_rpn_cls: 0.3839  loss_rpn_loc: 0.3064    time: 0.2879  last_time: 0.3381  data_time: 0.0050  last_data_time: 0.0034   lr: 0.0025  max_mem: 2705M
[10/26 17:07:38 d2.utils.events]:  eta: 0:12:54  iter: 1159  total_loss: 0.9636  loss_cls: 0.3027  loss_box_reg: 0.1288  loss_rpn_cls: 0.291  loss_rpn_loc: 0.1939    time: 0.2891  last_time: 0.3405  data_time: 0.0050  last_data_time: 0.0058   lr: 0.0025  max_mem: 2705M
[10/26 17:07:45 d2.utils.events]:  eta: 0:12:50  iter: 1179  total_loss: 1.005  loss_cls: 0.355  loss_box_reg: 0.1298  loss_rpn_cls: 0.3258  loss_rpn_loc: 0.2018    time: 0.2902  last_time: 0.3792  data_time: 0.0049  last_data_time: 0.0055   lr: 0.0025  max_mem: 2705M
[10/26 17:07:52 d2.utils.events]:  eta: 0:12:46  iter: 1199  total_loss: 1.158  loss_cls: 0.4512  loss_box_reg: 0.1363  loss_rpn_cls: 0.3267  loss_rpn_loc: 0.2187    time: 0.2913  last_time: 0.3376  data_time: 0.0050  last_data_time: 0.0044   lr: 0.0025  max_mem: 2705M
[10/26 17:07:59 d2.utils.events]:  eta: 0:12:41  iter: 1219  total_loss: 0.9944  loss_cls: 0.3153  loss_box_reg: 0.1558  loss_rpn_cls: 0.338  loss_rpn_loc: 0.2166    time: 0.2922  last_time: 0.3592  data_time: 0.0052  last_data_time: 0.0056   lr: 0.0025  max_mem: 2705M
[10/26 17:08:06 d2.utils.events]:  eta: 0:12:36  iter: 1239  total_loss: 1.05  loss_cls: 0.3925  loss_box_reg: 0.1566  loss_rpn_cls: 0.3294  loss_rpn_loc: 0.2113    time: 0.2932  last_time: 0.3383  data_time: 0.0050  last_data_time: 0.0050   lr: 0.0025  max_mem: 2705M
[10/26 17:08:13 d2.utils.events]:  eta: 0:12:30  iter: 1259  total_loss: 1.001  loss_cls: 0.3532  loss_box_reg: 0.1197  loss_rpn_cls: 0.3283  loss_rpn_loc: 0.1802    time: 0.2940  last_time: 0.3663  data_time: 0.0050  last_data_time: 0.0052   lr: 0.0025  max_mem: 2705M
[10/26 17:08:20 d2.utils.events]:  eta: 0:12:25  iter: 1279  total_loss: 0.9814  loss_cls: 0.3445  loss_box_reg: 0.1396  loss_rpn_cls: 0.3281  loss_rpn_loc: 0.1469    time: 0.2949  last_time: 0.3427  data_time: 0.0050  last_data_time: 0.0043   lr: 0.0025  max_mem: 2705M
[10/26 17:08:27 d2.utils.events]:  eta: 0:12:19  iter: 1299  total_loss: 1.021  loss_cls: 0.3651  loss_box_reg: 0.1144  loss_rpn_cls: 0.3478  loss_rpn_loc: 0.1515    time: 0.2958  last_time: 0.3375  data_time: 0.0049  last_data_time: 0.0050   lr: 0.0025  max_mem: 2705M
[10/26 17:08:34 d2.utils.events]:  eta: 0:12:13  iter: 1319  total_loss: 1.208  loss_cls: 0.3496  loss_box_reg: 0.1686  loss_rpn_cls: 0.3435  loss_rpn_loc: 0.2614    time: 0.2965  last_time: 0.3225  data_time: 0.0047  last_data_time: 0.0044   lr: 0.0025  max_mem: 2705M
[10/26 17:08:41 d2.utils.events]:  eta: 0:12:08  iter: 1339  total_loss: 1.112  loss_cls: 0.3249  loss_box_reg: 0.134  loss_rpn_cls: 0.3147  loss_rpn_loc: 0.2564    time: 0.2972  last_time: 0.3392  data_time: 0.0047  last_data_time: 0.0045   lr: 0.0025  max_mem: 2705M
[10/26 17:08:48 d2.utils.events]:  eta: 0:12:02  iter: 1359  total_loss: 1.104  loss_cls: 0.3171  loss_box_reg: 0.1429  loss_rpn_cls: 0.3752  loss_rpn_loc: 0.2557    time: 0.2980  last_time: 0.3417  data_time: 0.0052  last_data_time: 0.0055   lr: 0.0025  max_mem: 2705M
[10/26 17:08:55 d2.utils.events]:  eta: 0:11:56  iter: 1379  total_loss: 1.026  loss_cls: 0.3213  loss_box_reg: 0.1304  loss_rpn_cls: 0.3062  loss_rpn_loc: 0.1982    time: 0.2988  last_time: 0.3690  data_time: 0.0051  last_data_time: 0.0046   lr: 0.0025  max_mem: 2705M
[10/26 17:09:02 d2.utils.events]:  eta: 0:11:51  iter: 1399  total_loss: 1.072  loss_cls: 0.325  loss_box_reg: 0.1149  loss_rpn_cls: 0.3728  loss_rpn_loc: 0.1845    time: 0.2996  last_time: 0.3500  data_time: 0.0049  last_data_time: 0.0053   lr: 0.0025  max_mem: 2705M
[10/26 17:09:09 d2.utils.events]:  eta: 0:11:46  iter: 1419  total_loss: 1.044  loss_cls: 0.3432  loss_box_reg: 0.1284  loss_rpn_cls: 0.3368  loss_rpn_loc: 0.1844    time: 0.3005  last_time: 0.3897  data_time: 0.0048  last_data_time: 0.0045   lr: 0.0025  max_mem: 2705M
[10/26 17:09:16 d2.utils.events]:  eta: 0:11:41  iter: 1439  total_loss: 1.017  loss_cls: 0.3352  loss_box_reg: 0.129  loss_rpn_cls: 0.3003  loss_rpn_loc: 0.1853    time: 0.3014  last_time: 0.3383  data_time: 0.0046  last_data_time: 0.0046   lr: 0.0025  max_mem: 2705M
[10/26 17:09:23 d2.utils.events]:  eta: 0:11:35  iter: 1459  total_loss: 1.049  loss_cls: 0.3503  loss_box_reg: 0.1351  loss_rpn_cls: 0.3431  loss_rpn_loc: 0.2089    time: 0.3020  last_time: 0.3378  data_time: 0.0047  last_data_time: 0.0042   lr: 0.0025  max_mem: 2705M
[10/26 17:09:30 d2.utils.events]:  eta: 0:11:29  iter: 1479  total_loss: 0.9843  loss_cls: 0.2823  loss_box_reg: 0.1166  loss_rpn_cls: 0.338  loss_rpn_loc: 0.2378    time: 0.3026  last_time: 0.3780  data_time: 0.0049  last_data_time: 0.0049   lr: 0.0025  max_mem: 2705M
[10/26 17:09:37 d2.utils.events]:  eta: 0:11:22  iter: 1499  total_loss: 1.266  loss_cls: 0.4347  loss_box_reg: 0.1359  loss_rpn_cls: 0.4571  loss_rpn_loc: 0.2221    time: 0.3033  last_time: 0.3271  data_time: 0.0050  last_data_time: 0.0047   lr: 0.0025  max_mem: 2705M
[10/26 17:09:44 d2.utils.events]:  eta: 0:11:16  iter: 1519  total_loss: 1.078  loss_cls: 0.353  loss_box_reg: 0.1388  loss_rpn_cls: 0.3432  loss_rpn_loc: 0.2039    time: 0.3039  last_time: 0.3613  data_time: 0.0051  last_data_time: 0.0057   lr: 0.0025  max_mem: 2705M
[10/26 17:09:51 d2.utils.events]:  eta: 0:11:09  iter: 1539  total_loss: 0.9844  loss_cls: 0.2662  loss_box_reg: 0.1155  loss_rpn_cls: 0.3294  loss_rpn_loc: 0.1949    time: 0.3045  last_time: 0.3371  data_time: 0.0052  last_data_time: 0.0052   lr: 0.0025  max_mem: 2705M
[10/26 17:09:58 d2.utils.events]:  eta: 0:11:02  iter: 1559  total_loss: 0.9878  loss_cls: 0.289  loss_box_reg: 0.1295  loss_rpn_cls: 0.3734  loss_rpn_loc: 0.1781    time: 0.3049  last_time: 0.3632  data_time: 0.0046  last_data_time: 0.0043   lr: 0.0025  max_mem: 2705M
[10/26 17:10:05 d2.utils.events]:  eta: 0:10:55  iter: 1579  total_loss: 0.9401  loss_cls: 0.314  loss_box_reg: 0.1101  loss_rpn_cls: 0.2862  loss_rpn_loc: 0.2535    time: 0.3056  last_time: 0.3392  data_time: 0.0050  last_data_time: 0.0047   lr: 0.0025  max_mem: 2705M
[10/26 17:10:12 d2.utils.events]:  eta: 0:10:48  iter: 1599  total_loss: 0.9618  loss_cls: 0.2857  loss_box_reg: 0.1435  loss_rpn_cls: 0.3381  loss_rpn_loc: 0.2626    time: 0.3062  last_time: 0.3450  data_time: 0.0054  last_data_time: 0.0048   lr: 0.0025  max_mem: 2705M
[10/26 17:10:20 d2.utils.events]:  eta: 0:10:41  iter: 1619  total_loss: 0.963  loss_cls: 0.2317  loss_box_reg: 0.1165  loss_rpn_cls: 0.3425  loss_rpn_loc: 0.281    time: 0.3068  last_time: 0.3684  data_time: 0.0048  last_data_time: 0.0046   lr: 0.0025  max_mem: 2705M
[10/26 17:10:27 d2.utils.events]:  eta: 0:10:34  iter: 1639  total_loss: 1.047  loss_cls: 0.2479  loss_box_reg: 0.1352  loss_rpn_cls: 0.3539  loss_rpn_loc: 0.2235    time: 0.3074  last_time: 0.3631  data_time: 0.0047  last_data_time: 0.0053   lr: 0.0025  max_mem: 2705M
[10/26 17:10:34 d2.utils.events]:  eta: 0:10:27  iter: 1659  total_loss: 1.145  loss_cls: 0.296  loss_box_reg: 0.1447  loss_rpn_cls: 0.3895  loss_rpn_loc: 0.2136    time: 0.3080  last_time: 0.3760  data_time: 0.0051  last_data_time: 0.0052   lr: 0.0025  max_mem: 2705M
[10/26 17:10:41 d2.utils.events]:  eta: 0:10:20  iter: 1679  total_loss: 1.026  loss_cls: 0.3406  loss_box_reg: 0.1438  loss_rpn_cls: 0.3238  loss_rpn_loc: 0.2708    time: 0.3086  last_time: 0.3331  data_time: 0.0053  last_data_time: 0.0048   lr: 0.0025  max_mem: 2705M
[10/26 17:10:48 d2.utils.events]:  eta: 0:10:14  iter: 1699  total_loss: 1.014  loss_cls: 0.3075  loss_box_reg: 0.1209  loss_rpn_cls: 0.3734  loss_rpn_loc: 0.197    time: 0.3091  last_time: 0.3639  data_time: 0.0048  last_data_time: 0.0049   lr: 0.0025  max_mem: 2705M
[10/26 17:10:55 d2.utils.events]:  eta: 0:10:07  iter: 1719  total_loss: 0.9873  loss_cls: 0.2838  loss_box_reg: 0.1079  loss_rpn_cls: 0.3574  loss_rpn_loc: 0.2097    time: 0.3097  last_time: 0.3882  data_time: 0.0051  last_data_time: 0.0051   lr: 0.0025  max_mem: 2705M
[10/26 17:11:02 d2.utils.events]:  eta: 0:10:00  iter: 1739  total_loss: 1.011  loss_cls: 0.2861  loss_box_reg: 0.1048  loss_rpn_cls: 0.3186  loss_rpn_loc: 0.2212    time: 0.3103  last_time: 0.3408  data_time: 0.0057  last_data_time: 0.0137   lr: 0.0025  max_mem: 2705M
[10/26 17:11:09 d2.utils.events]:  eta: 0:09:54  iter: 1759  total_loss: 0.9398  loss_cls: 0.2853  loss_box_reg: 0.1172  loss_rpn_cls: 0.281  loss_rpn_loc: 0.2351    time: 0.3107  last_time: 0.3807  data_time: 0.0050  last_data_time: 0.0056   lr: 0.0025  max_mem: 2705M
[10/26 17:11:17 d2.utils.events]:  eta: 0:09:47  iter: 1779  total_loss: 1.179  loss_cls: 0.3244  loss_box_reg: 0.1479  loss_rpn_cls: 0.4544  loss_rpn_loc: 0.2676    time: 0.3112  last_time: 0.3374  data_time: 0.0054  last_data_time: 0.0049   lr: 0.0025  max_mem: 2705M
[10/26 17:11:24 d2.utils.events]:  eta: 0:09:39  iter: 1799  total_loss: 0.9539  loss_cls: 0.313  loss_box_reg: 0.1377  loss_rpn_cls: 0.3107  loss_rpn_loc: 0.2049    time: 0.3117  last_time: 0.3748  data_time: 0.0050  last_data_time: 0.0054   lr: 0.0025  max_mem: 2705M
[10/26 17:11:31 d2.utils.events]:  eta: 0:09:32  iter: 1819  total_loss: 0.9754  loss_cls: 0.2451  loss_box_reg: 0.1219  loss_rpn_cls: 0.344  loss_rpn_loc: 0.1826    time: 0.3121  last_time: 0.3305  data_time: 0.0048  last_data_time: 0.0040   lr: 0.0025  max_mem: 2705M
[10/26 17:11:38 d2.utils.events]:  eta: 0:09:26  iter: 1839  total_loss: 1.07  loss_cls: 0.3398  loss_box_reg: 0.1353  loss_rpn_cls: 0.3424  loss_rpn_loc: 0.1493    time: 0.3125  last_time: 0.3476  data_time: 0.0050  last_data_time: 0.0052   lr: 0.0025  max_mem: 2705M
[10/26 17:11:45 d2.utils.events]:  eta: 0:09:20  iter: 1859  total_loss: 0.9281  loss_cls: 0.2443  loss_box_reg: 0.1155  loss_rpn_cls: 0.3678  loss_rpn_loc: 0.1833    time: 0.3129  last_time: 0.3590  data_time: 0.0056  last_data_time: 0.0058   lr: 0.0025  max_mem: 2705M
[10/26 17:11:52 d2.utils.events]:  eta: 0:09:13  iter: 1879  total_loss: 0.9664  loss_cls: 0.3  loss_box_reg: 0.1274  loss_rpn_cls: 0.3323  loss_rpn_loc: 0.14    time: 0.3134  last_time: 0.3270  data_time: 0.0048  last_data_time: 0.0044   lr: 0.0025  max_mem: 2705M
[10/26 17:11:59 d2.utils.events]:  eta: 0:09:06  iter: 1899  total_loss: 1.051  loss_cls: 0.2512  loss_box_reg: 0.1097  loss_rpn_cls: 0.3878  loss_rpn_loc: 0.2059    time: 0.3139  last_time: 0.3565  data_time: 0.0051  last_data_time: 0.0047   lr: 0.0025  max_mem: 2705M
[10/26 17:12:06 d2.utils.events]:  eta: 0:09:00  iter: 1919  total_loss: 0.9551  loss_cls: 0.2381  loss_box_reg: 0.1234  loss_rpn_cls: 0.2921  loss_rpn_loc: 0.2216    time: 0.3143  last_time: 0.3358  data_time: 0.0051  last_data_time: 0.0057   lr: 0.0025  max_mem: 2705M
[10/26 17:12:13 d2.utils.events]:  eta: 0:08:54  iter: 1939  total_loss: 1.088  loss_cls: 0.2776  loss_box_reg: 0.1097  loss_rpn_cls: 0.3051  loss_rpn_loc: 0.1937    time: 0.3148  last_time: 0.3940  data_time: 0.0049  last_data_time: 0.0043   lr: 0.0025  max_mem: 2705M
[10/26 17:12:21 d2.utils.events]:  eta: 0:08:47  iter: 1959  total_loss: 0.9168  loss_cls: 0.2602  loss_box_reg: 0.1258  loss_rpn_cls: 0.3127  loss_rpn_loc: 0.1495    time: 0.3153  last_time: 0.3273  data_time: 0.0049  last_data_time: 0.0056   lr: 0.0025  max_mem: 2705M
[10/26 17:12:28 d2.utils.events]:  eta: 0:08:40  iter: 1979  total_loss: 0.9031  loss_cls: 0.2183  loss_box_reg: 0.1103  loss_rpn_cls: 0.3295  loss_rpn_loc: 0.1928    time: 0.3157  last_time: 0.3719  data_time: 0.0050  last_data_time: 0.0053   lr: 0.0025  max_mem: 2705M
[10/26 17:12:35 d2.utils.events]:  eta: 0:08:34  iter: 1999  total_loss: 1.017  loss_cls: 0.2626  loss_box_reg: 0.1132  loss_rpn_cls: 0.3027  loss_rpn_loc: 0.2586    time: 0.3161  last_time: 0.3446  data_time: 0.0049  last_data_time: 0.0040   lr: 0.0025  max_mem: 2705M
[10/26 17:12:42 d2.utils.events]:  eta: 0:08:27  iter: 2019  total_loss: 0.8707  loss_cls: 0.2372  loss_box_reg: 0.1064  loss_rpn_cls: 0.2987  loss_rpn_loc: 0.1807    time: 0.3165  last_time: 0.3351  data_time: 0.0054  last_data_time: 0.0048   lr: 0.0025  max_mem: 2705M
[10/26 17:12:49 d2.utils.events]:  eta: 0:08:20  iter: 2039  total_loss: 0.8502  loss_cls: 0.2591  loss_box_reg: 0.1127  loss_rpn_cls: 0.3092  loss_rpn_loc: 0.1569    time: 0.3168  last_time: 0.3286  data_time: 0.0051  last_data_time: 0.0046   lr: 0.0025  max_mem: 2705M
[10/26 17:12:56 d2.utils.events]:  eta: 0:08:13  iter: 2059  total_loss: 1.054  loss_cls: 0.2857  loss_box_reg: 0.1244  loss_rpn_cls: 0.3598  loss_rpn_loc: 0.2391    time: 0.3172  last_time: 0.3629  data_time: 0.0048  last_data_time: 0.0046   lr: 0.0025  max_mem: 2705M
[10/26 17:13:03 d2.utils.events]:  eta: 0:08:06  iter: 2079  total_loss: 0.9812  loss_cls: 0.2653  loss_box_reg: 0.1113  loss_rpn_cls: 0.354  loss_rpn_loc: 0.2555    time: 0.3176  last_time: 0.3656  data_time: 0.0050  last_data_time: 0.0055   lr: 0.0025  max_mem: 2705M
[10/26 17:13:10 d2.utils.events]:  eta: 0:08:00  iter: 2099  total_loss: 0.9587  loss_cls: 0.2826  loss_box_reg: 0.1286  loss_rpn_cls: 0.3698  loss_rpn_loc: 0.2026    time: 0.3179  last_time: 0.3808  data_time: 0.0048  last_data_time: 0.0043   lr: 0.00025  max_mem: 2705M
[10/26 17:13:17 d2.utils.events]:  eta: 0:07:53  iter: 2119  total_loss: 0.8468  loss_cls: 0.2499  loss_box_reg: 0.1164  loss_rpn_cls: 0.2784  loss_rpn_loc: 0.2109    time: 0.3183  last_time: 0.3684  data_time: 0.0049  last_data_time: 0.0040   lr: 0.00025  max_mem: 2705M
[10/26 17:13:25 d2.utils.events]:  eta: 0:07:47  iter: 2139  total_loss: 0.8147  loss_cls: 0.2126  loss_box_reg: 0.1192  loss_rpn_cls: 0.2852  loss_rpn_loc: 0.1408    time: 0.3186  last_time: 0.3317  data_time: 0.0050  last_data_time: 0.0052   lr: 0.00025  max_mem: 2705M
[10/26 17:13:32 d2.utils.events]:  eta: 0:07:39  iter: 2159  total_loss: 0.7887  loss_cls: 0.227  loss_box_reg: 0.09629  loss_rpn_cls: 0.2875  loss_rpn_loc: 0.1622    time: 0.3190  last_time: 0.3725  data_time: 0.0048  last_data_time: 0.0047   lr: 0.00025  max_mem: 2732M
[10/26 17:13:39 d2.utils.events]:  eta: 0:07:33  iter: 2179  total_loss: 0.6844  loss_cls: 0.203  loss_box_reg: 0.1066  loss_rpn_cls: 0.2608  loss_rpn_loc: 0.1201    time: 0.3194  last_time: 0.3480  data_time: 0.0049  last_data_time: 0.0053   lr: 0.00025  max_mem: 2732M
[10/26 17:13:46 d2.utils.events]:  eta: 0:07:26  iter: 2199  total_loss: 0.8585  loss_cls: 0.2265  loss_box_reg: 0.1236  loss_rpn_cls: 0.3212  loss_rpn_loc: 0.1687    time: 0.3198  last_time: 0.3952  data_time: 0.0049  last_data_time: 0.0065   lr: 0.00025  max_mem: 2732M
[10/26 17:13:53 d2.utils.events]:  eta: 0:07:19  iter: 2219  total_loss: 0.7192  loss_cls: 0.1641  loss_box_reg: 0.0913  loss_rpn_cls: 0.3148  loss_rpn_loc: 0.1439    time: 0.3201  last_time: 0.3638  data_time: 0.0050  last_data_time: 0.0052   lr: 0.00025  max_mem: 2732M
[10/26 17:14:00 d2.utils.events]:  eta: 0:07:12  iter: 2239  total_loss: 0.6969  loss_cls: 0.2045  loss_box_reg: 0.1053  loss_rpn_cls: 0.2659  loss_rpn_loc: 0.1577    time: 0.3204  last_time: 0.3429  data_time: 0.0050  last_data_time: 0.0048   lr: 0.00025  max_mem: 2732M
[10/26 17:14:08 d2.utils.events]:  eta: 0:07:06  iter: 2259  total_loss: 0.8224  loss_cls: 0.2176  loss_box_reg: 0.126  loss_rpn_cls: 0.2343  loss_rpn_loc: 0.1303    time: 0.3209  last_time: 0.3618  data_time: 0.0054  last_data_time: 0.0055   lr: 0.00025  max_mem: 2732M
[10/26 17:14:15 d2.utils.events]:  eta: 0:06:59  iter: 2279  total_loss: 0.7312  loss_cls: 0.2047  loss_box_reg: 0.1106  loss_rpn_cls: 0.2712  loss_rpn_loc: 0.1718    time: 0.3212  last_time: 0.3807  data_time: 0.0049  last_data_time: 0.0043   lr: 0.00025  max_mem: 2732M
[10/26 17:14:22 d2.utils.events]:  eta: 0:06:52  iter: 2299  total_loss: 0.7665  loss_cls: 0.2127  loss_box_reg: 0.1199  loss_rpn_cls: 0.2921  loss_rpn_loc: 0.1418    time: 0.3215  last_time: 0.3570  data_time: 0.0049  last_data_time: 0.0046   lr: 0.00025  max_mem: 2732M
[10/26 17:14:29 d2.utils.events]:  eta: 0:06:45  iter: 2319  total_loss: 0.7718  loss_cls: 0.1973  loss_box_reg: 0.1071  loss_rpn_cls: 0.2895  loss_rpn_loc: 0.1609    time: 0.3218  last_time: 0.3383  data_time: 0.0047  last_data_time: 0.0051   lr: 0.00025  max_mem: 2732M
[10/26 17:14:36 d2.utils.events]:  eta: 0:06:38  iter: 2339  total_loss: 0.7868  loss_cls: 0.2237  loss_box_reg: 0.1109  loss_rpn_cls: 0.3067  loss_rpn_loc: 0.1536    time: 0.3221  last_time: 0.3394  data_time: 0.0048  last_data_time: 0.0047   lr: 0.00025  max_mem: 2732M
[10/26 17:14:44 d2.utils.events]:  eta: 0:06:32  iter: 2359  total_loss: 0.7362  loss_cls: 0.2195  loss_box_reg: 0.1211  loss_rpn_cls: 0.2975  loss_rpn_loc: 0.1465    time: 0.3224  last_time: 0.3707  data_time: 0.0048  last_data_time: 0.0062   lr: 0.00025  max_mem: 2732M
[10/26 17:14:51 d2.utils.events]:  eta: 0:06:25  iter: 2379  total_loss: 0.8191  loss_cls: 0.1823  loss_box_reg: 0.1049  loss_rpn_cls: 0.2684  loss_rpn_loc: 0.1783    time: 0.3228  last_time: 0.3524  data_time: 0.0049  last_data_time: 0.0057   lr: 0.00025  max_mem: 2732M
[10/26 17:14:58 d2.utils.events]:  eta: 0:06:18  iter: 2399  total_loss: 0.8313  loss_cls: 0.1924  loss_box_reg: 0.1201  loss_rpn_cls: 0.3106  loss_rpn_loc: 0.1823    time: 0.3231  last_time: 0.3837  data_time: 0.0049  last_data_time: 0.0048   lr: 0.00025  max_mem: 2732M
[10/26 17:15:06 d2.utils.events]:  eta: 0:06:11  iter: 2419  total_loss: 0.8418  loss_cls: 0.2304  loss_box_reg: 0.1106  loss_rpn_cls: 0.2883  loss_rpn_loc: 0.148    time: 0.3235  last_time: 0.3374  data_time: 0.0048  last_data_time: 0.0045   lr: 0.00025  max_mem: 2732M
[10/26 17:15:13 d2.utils.events]:  eta: 0:06:04  iter: 2439  total_loss: 0.7655  loss_cls: 0.2375  loss_box_reg: 0.1128  loss_rpn_cls: 0.3172  loss_rpn_loc: 0.09836    time: 0.3237  last_time: 0.3456  data_time: 0.0050  last_data_time: 0.0045   lr: 0.00025  max_mem: 2732M
[10/26 17:15:20 d2.utils.events]:  eta: 0:05:58  iter: 2459  total_loss: 0.8112  loss_cls: 0.2167  loss_box_reg: 0.1108  loss_rpn_cls: 0.2781  loss_rpn_loc: 0.1299    time: 0.3241  last_time: 0.3688  data_time: 0.0047  last_data_time: 0.0050   lr: 0.00025  max_mem: 2732M
[10/26 17:15:28 d2.utils.events]:  eta: 0:05:51  iter: 2479  total_loss: 0.7918  loss_cls: 0.2109  loss_box_reg: 0.1102  loss_rpn_cls: 0.2696  loss_rpn_loc: 0.1656    time: 0.3245  last_time: 0.3933  data_time: 0.0049  last_data_time: 0.0045   lr: 0.00025  max_mem: 2732M
[10/26 17:15:35 d2.utils.events]:  eta: 0:05:44  iter: 2499  total_loss: 0.7318  loss_cls: 0.218  loss_box_reg: 0.1186  loss_rpn_cls: 0.2443  loss_rpn_loc: 0.1487    time: 0.3248  last_time: 0.3584  data_time: 0.0052  last_data_time: 0.0055   lr: 0.00025  max_mem: 2732M
[10/26 17:15:42 d2.utils.events]:  eta: 0:05:37  iter: 2519  total_loss: 0.7692  loss_cls: 0.1714  loss_box_reg: 0.1062  loss_rpn_cls: 0.252  loss_rpn_loc: 0.1922    time: 0.3251  last_time: 0.3606  data_time: 0.0047  last_data_time: 0.0050   lr: 0.00025  max_mem: 2732M
[10/26 17:15:50 d2.utils.events]:  eta: 0:05:31  iter: 2539  total_loss: 0.7407  loss_cls: 0.1812  loss_box_reg: 0.101  loss_rpn_cls: 0.2618  loss_rpn_loc: 0.1823    time: 0.3255  last_time: 0.3828  data_time: 0.0048  last_data_time: 0.0047   lr: 0.00025  max_mem: 2732M
[10/26 17:15:57 d2.utils.events]:  eta: 0:05:24  iter: 2559  total_loss: 0.7529  loss_cls: 0.1791  loss_box_reg: 0.09852  loss_rpn_cls: 0.2725  loss_rpn_loc: 0.1545    time: 0.3258  last_time: 0.3730  data_time: 0.0050  last_data_time: 0.0050   lr: 0.00025  max_mem: 2732M
[10/26 17:16:04 d2.utils.events]:  eta: 0:05:18  iter: 2579  total_loss: 0.7648  loss_cls: 0.172  loss_box_reg: 0.1069  loss_rpn_cls: 0.2884  loss_rpn_loc: 0.1948    time: 0.3261  last_time: 0.3598  data_time: 0.0051  last_data_time: 0.0053   lr: 0.00025  max_mem: 2732M
[10/26 17:16:11 d2.utils.events]:  eta: 0:05:11  iter: 2599  total_loss: 0.8022  loss_cls: 0.1906  loss_box_reg: 0.1159  loss_rpn_cls: 0.2642  loss_rpn_loc: 0.1941    time: 0.3264  last_time: 0.3914  data_time: 0.0051  last_data_time: 0.0094   lr: 0.00025  max_mem: 2732M
[10/26 17:16:19 d2.utils.events]:  eta: 0:05:04  iter: 2619  total_loss: 0.8178  loss_cls: 0.2268  loss_box_reg: 0.1225  loss_rpn_cls: 0.2696  loss_rpn_loc: 0.1675    time: 0.3267  last_time: 0.3548  data_time: 0.0049  last_data_time: 0.0042   lr: 0.00025  max_mem: 2732M
[10/26 17:16:26 d2.utils.events]:  eta: 0:04:57  iter: 2639  total_loss: 0.8241  loss_cls: 0.2321  loss_box_reg: 0.122  loss_rpn_cls: 0.289  loss_rpn_loc: 0.1443    time: 0.3270  last_time: 0.3798  data_time: 0.0047  last_data_time: 0.0049   lr: 0.00025  max_mem: 2732M
[10/26 17:16:34 d2.utils.events]:  eta: 0:04:50  iter: 2659  total_loss: 0.724  loss_cls: 0.2096  loss_box_reg: 0.12  loss_rpn_cls: 0.2632  loss_rpn_loc: 0.1181    time: 0.3273  last_time: 0.3671  data_time: 0.0047  last_data_time: 0.0043   lr: 0.00025  max_mem: 2732M
[10/26 17:16:41 d2.utils.events]:  eta: 0:04:43  iter: 2679  total_loss: 0.7777  loss_cls: 0.1957  loss_box_reg: 0.1226  loss_rpn_cls: 0.2714  loss_rpn_loc: 0.1585    time: 0.3276  last_time: 0.3934  data_time: 0.0048  last_data_time: 0.0049   lr: 0.00025  max_mem: 2828M
[10/26 17:16:48 d2.utils.events]:  eta: 0:04:36  iter: 2699  total_loss: 0.7397  loss_cls: 0.2028  loss_box_reg: 0.1159  loss_rpn_cls: 0.2566  loss_rpn_loc: 0.1187    time: 0.3280  last_time: 0.3649  data_time: 0.0049  last_data_time: 0.0062   lr: 0.00025  max_mem: 2828M
[10/26 17:16:56 d2.utils.events]:  eta: 0:04:29  iter: 2719  total_loss: 0.7983  loss_cls: 0.2497  loss_box_reg: 0.1097  loss_rpn_cls: 0.2563  loss_rpn_loc: 0.1789    time: 0.3283  last_time: 0.3551  data_time: 0.0048  last_data_time: 0.0048   lr: 0.00025  max_mem: 2828M
[10/26 17:17:03 d2.utils.events]:  eta: 0:04:22  iter: 2739  total_loss: 0.8643  loss_cls: 0.2233  loss_box_reg: 0.1105  loss_rpn_cls: 0.3061  loss_rpn_loc: 0.1386    time: 0.3286  last_time: 0.3802  data_time: 0.0052  last_data_time: 0.0051   lr: 0.00025  max_mem: 2828M
[10/26 17:17:11 d2.utils.events]:  eta: 0:04:15  iter: 2759  total_loss: 0.8127  loss_cls: 0.2048  loss_box_reg: 0.1171  loss_rpn_cls: 0.2767  loss_rpn_loc: 0.1442    time: 0.3289  last_time: 0.3942  data_time: 0.0048  last_data_time: 0.0041   lr: 0.00025  max_mem: 2828M
[10/26 17:17:18 d2.utils.events]:  eta: 0:04:08  iter: 2779  total_loss: 0.8125  loss_cls: 0.1939  loss_box_reg: 0.08908  loss_rpn_cls: 0.2748  loss_rpn_loc: 0.2049    time: 0.3292  last_time: 0.3666  data_time: 0.0048  last_data_time: 0.0050   lr: 2.5e-05  max_mem: 2828M
[10/26 17:17:26 d2.utils.events]:  eta: 0:04:01  iter: 2799  total_loss: 0.7493  loss_cls: 0.1952  loss_box_reg: 0.1122  loss_rpn_cls: 0.2789  loss_rpn_loc: 0.1382    time: 0.3295  last_time: 0.3681  data_time: 0.0048  last_data_time: 0.0044   lr: 2.5e-05  max_mem: 2828M
[10/26 17:17:33 d2.utils.events]:  eta: 0:03:55  iter: 2819  total_loss: 0.7167  loss_cls: 0.1776  loss_box_reg: 0.08667  loss_rpn_cls: 0.2634  loss_rpn_loc: 0.1964    time: 0.3298  last_time: 0.3899  data_time: 0.0049  last_data_time: 0.0086   lr: 2.5e-05  max_mem: 2828M
[10/26 17:17:40 d2.utils.events]:  eta: 0:03:48  iter: 2839  total_loss: 0.7528  loss_cls: 0.1789  loss_box_reg: 0.0999  loss_rpn_cls: 0.2748  loss_rpn_loc: 0.1406    time: 0.3301  last_time: 0.3607  data_time: 0.0048  last_data_time: 0.0049   lr: 2.5e-05  max_mem: 2828M
[10/26 17:17:48 d2.utils.events]:  eta: 0:03:40  iter: 2859  total_loss: 0.7275  loss_cls: 0.197  loss_box_reg: 0.1093  loss_rpn_cls: 0.2569  loss_rpn_loc: 0.1651    time: 0.3304  last_time: 0.3624  data_time: 0.0052  last_data_time: 0.0054   lr: 2.5e-05  max_mem: 2828M
[10/26 17:17:55 d2.utils.events]:  eta: 0:03:33  iter: 2879  total_loss: 0.7345  loss_cls: 0.189  loss_box_reg: 0.08611  loss_rpn_cls: 0.2743  loss_rpn_loc: 0.1677    time: 0.3307  last_time: 0.3898  data_time: 0.0047  last_data_time: 0.0047   lr: 2.5e-05  max_mem: 2828M
[10/26 17:18:03 d2.utils.events]:  eta: 0:03:26  iter: 2899  total_loss: 0.6947  loss_cls: 0.2126  loss_box_reg: 0.09767  loss_rpn_cls: 0.2895  loss_rpn_loc: 0.1239    time: 0.3309  last_time: 0.3872  data_time: 0.0053  last_data_time: 0.0091   lr: 2.5e-05  max_mem: 2828M
[10/26 17:18:10 d2.utils.events]:  eta: 0:03:19  iter: 2919  total_loss: 0.7695  loss_cls: 0.1967  loss_box_reg: 0.1058  loss_rpn_cls: 0.2602  loss_rpn_loc: 0.2125    time: 0.3312  last_time: 0.3747  data_time: 0.0049  last_data_time: 0.0089   lr: 2.5e-05  max_mem: 2828M
[10/26 17:18:18 d2.utils.events]:  eta: 0:03:12  iter: 2939  total_loss: 0.753  loss_cls: 0.2094  loss_box_reg: 0.09195  loss_rpn_cls: 0.2911  loss_rpn_loc: 0.1245    time: 0.3315  last_time: 0.3742  data_time: 0.0051  last_data_time: 0.0054   lr: 2.5e-05  max_mem: 2828M
[10/26 17:18:25 d2.utils.events]:  eta: 0:03:05  iter: 2959  total_loss: 0.6429  loss_cls: 0.1776  loss_box_reg: 0.08992  loss_rpn_cls: 0.264  loss_rpn_loc: 0.1274    time: 0.3318  last_time: 0.3647  data_time: 0.0049  last_data_time: 0.0050   lr: 2.5e-05  max_mem: 2828M
[10/26 17:18:33 d2.utils.events]:  eta: 0:02:58  iter: 2979  total_loss: 0.838  loss_cls: 0.2199  loss_box_reg: 0.1149  loss_rpn_cls: 0.3167  loss_rpn_loc: 0.1727    time: 0.3321  last_time: 0.3918  data_time: 0.0050  last_data_time: 0.0040   lr: 2.5e-05  max_mem: 2828M
[10/26 17:18:40 d2.utils.events]:  eta: 0:02:51  iter: 2999  total_loss: 0.7186  loss_cls: 0.1925  loss_box_reg: 0.1182  loss_rpn_cls: 0.2562  loss_rpn_loc: 0.1093    time: 0.3324  last_time: 0.3928  data_time: 0.0047  last_data_time: 0.0045   lr: 2.5e-05  max_mem: 2828M
[10/26 17:18:48 d2.utils.events]:  eta: 0:02:44  iter: 3019  total_loss: 0.6913  loss_cls: 0.1714  loss_box_reg: 0.09643  loss_rpn_cls: 0.2963  loss_rpn_loc: 0.1187    time: 0.3327  last_time: 0.3578  data_time: 0.0048  last_data_time: 0.0050   lr: 2.5e-05  max_mem: 2828M
[10/26 17:18:55 d2.utils.events]:  eta: 0:02:37  iter: 3039  total_loss: 0.6569  loss_cls: 0.1659  loss_box_reg: 0.09797  loss_rpn_cls: 0.247  loss_rpn_loc: 0.158    time: 0.3330  last_time: 0.3854  data_time: 0.0047  last_data_time: 0.0047   lr: 2.5e-05  max_mem: 2828M
[10/26 17:19:03 d2.utils.events]:  eta: 0:02:30  iter: 3059  total_loss: 0.73  loss_cls: 0.1862  loss_box_reg: 0.09939  loss_rpn_cls: 0.2501  loss_rpn_loc: 0.145    time: 0.3332  last_time: 0.3941  data_time: 0.0049  last_data_time: 0.0052   lr: 2.5e-05  max_mem: 2828M
[10/26 17:19:10 d2.utils.events]:  eta: 0:02:23  iter: 3079  total_loss: 0.7906  loss_cls: 0.2025  loss_box_reg: 0.1113  loss_rpn_cls: 0.2788  loss_rpn_loc: 0.1714    time: 0.3335  last_time: 0.3731  data_time: 0.0051  last_data_time: 0.0053   lr: 2.5e-05  max_mem: 2828M
[10/26 17:19:18 d2.utils.events]:  eta: 0:02:16  iter: 3099  total_loss: 0.8548  loss_cls: 0.2456  loss_box_reg: 0.1214  loss_rpn_cls: 0.2895  loss_rpn_loc: 0.2011    time: 0.3337  last_time: 0.3589  data_time: 0.0047  last_data_time: 0.0052   lr: 2.5e-05  max_mem: 2828M
[10/26 17:19:25 d2.utils.events]:  eta: 0:02:09  iter: 3119  total_loss: 0.7518  loss_cls: 0.1827  loss_box_reg: 0.1074  loss_rpn_cls: 0.2858  loss_rpn_loc: 0.1763    time: 0.3340  last_time: 0.3900  data_time: 0.0050  last_data_time: 0.0049   lr: 2.5e-05  max_mem: 2828M
[10/26 17:19:33 d2.utils.events]:  eta: 0:02:01  iter: 3139  total_loss: 0.6979  loss_cls: 0.1909  loss_box_reg: 0.09824  loss_rpn_cls: 0.2692  loss_rpn_loc: 0.1195    time: 0.3343  last_time: 0.3922  data_time: 0.0049  last_data_time: 0.0048   lr: 2.5e-05  max_mem: 2828M
[10/26 17:19:40 d2.utils.events]:  eta: 0:01:54  iter: 3159  total_loss: 0.7744  loss_cls: 0.1905  loss_box_reg: 0.1016  loss_rpn_cls: 0.2774  loss_rpn_loc: 0.1849    time: 0.3345  last_time: 0.3566  data_time: 0.0047  last_data_time: 0.0042   lr: 2.5e-05  max_mem: 2828M
[10/26 17:19:48 d2.utils.events]:  eta: 0:01:47  iter: 3179  total_loss: 0.8006  loss_cls: 0.2301  loss_box_reg: 0.1232  loss_rpn_cls: 0.2765  loss_rpn_loc: 0.1642    time: 0.3348  last_time: 0.3565  data_time: 0.0049  last_data_time: 0.0044   lr: 2.5e-05  max_mem: 2828M
[10/26 17:19:55 d2.utils.events]:  eta: 0:01:39  iter: 3199  total_loss: 0.6978  loss_cls: 0.2083  loss_box_reg: 0.105  loss_rpn_cls: 0.2593  loss_rpn_loc: 0.1437    time: 0.3350  last_time: 0.3690  data_time: 0.0050  last_data_time: 0.0048   lr: 2.5e-05  max_mem: 2828M
[10/26 17:20:03 d2.utils.events]:  eta: 0:01:32  iter: 3219  total_loss: 0.7186  loss_cls: 0.2212  loss_box_reg: 0.1053  loss_rpn_cls: 0.2625  loss_rpn_loc: 0.1302    time: 0.3353  last_time: 0.3939  data_time: 0.0049  last_data_time: 0.0053   lr: 2.5e-05  max_mem: 2828M
[10/26 17:20:11 d2.utils.events]:  eta: 0:01:25  iter: 3239  total_loss: 0.7531  loss_cls: 0.2025  loss_box_reg: 0.1084  loss_rpn_cls: 0.3034  loss_rpn_loc: 0.1565    time: 0.3356  last_time: 0.3586  data_time: 0.0049  last_data_time: 0.0054   lr: 2.5e-05  max_mem: 2828M
[10/26 17:20:18 d2.utils.events]:  eta: 0:01:18  iter: 3259  total_loss: 0.7704  loss_cls: 0.2074  loss_box_reg: 0.1108  loss_rpn_cls: 0.2812  loss_rpn_loc: 0.1774    time: 0.3359  last_time: 0.3993  data_time: 0.0048  last_data_time: 0.0050   lr: 2.5e-05  max_mem: 2828M
[10/26 17:20:25 d2.utils.events]:  eta: 0:01:10  iter: 3279  total_loss: 0.7121  loss_cls: 0.1858  loss_box_reg: 0.0996  loss_rpn_cls: 0.2623  loss_rpn_loc: 0.122    time: 0.3361  last_time: 0.3706  data_time: 0.0048  last_data_time: 0.0045   lr: 2.5e-05  max_mem: 2828M
[10/26 17:20:33 d2.utils.events]:  eta: 0:01:03  iter: 3299  total_loss: 0.7418  loss_cls: 0.1727  loss_box_reg: 0.08551  loss_rpn_cls: 0.3142  loss_rpn_loc: 0.1778    time: 0.3363  last_time: 0.3695  data_time: 0.0061  last_data_time: 0.0045   lr: 2.5e-05  max_mem: 2828M
[10/26 17:20:41 d2.utils.events]:  eta: 0:00:56  iter: 3319  total_loss: 0.775  loss_cls: 0.1986  loss_box_reg: 0.1108  loss_rpn_cls: 0.2809  loss_rpn_loc: 0.1325    time: 0.3365  last_time: 0.3716  data_time: 0.0050  last_data_time: 0.0046   lr: 2.5e-05  max_mem: 2828M
[10/26 17:20:48 d2.utils.events]:  eta: 0:00:48  iter: 3339  total_loss: 0.7379  loss_cls: 0.2195  loss_box_reg: 0.1087  loss_rpn_cls: 0.2816  loss_rpn_loc: 0.1227    time: 0.3368  last_time: 0.3900  data_time: 0.0051  last_data_time: 0.0058   lr: 2.5e-05  max_mem: 2828M
[10/26 17:20:56 d2.utils.events]:  eta: 0:00:41  iter: 3359  total_loss: 0.7691  loss_cls: 0.2542  loss_box_reg: 0.1196  loss_rpn_cls: 0.2862  loss_rpn_loc: 0.127    time: 0.3370  last_time: 0.3662  data_time: 0.0049  last_data_time: 0.0048   lr: 2.5e-05  max_mem: 2828M
[10/26 17:21:03 d2.utils.events]:  eta: 0:00:34  iter: 3379  total_loss: 0.739  loss_cls: 0.2316  loss_box_reg: 0.1046  loss_rpn_cls: 0.3357  loss_rpn_loc: 0.1761    time: 0.3373  last_time: 0.3661  data_time: 0.0051  last_data_time: 0.0044   lr: 2.5e-05  max_mem: 2828M
[10/26 17:21:11 d2.utils.events]:  eta: 0:00:26  iter: 3399  total_loss: 0.8147  loss_cls: 0.2454  loss_box_reg: 0.1209  loss_rpn_cls: 0.3161  loss_rpn_loc: 0.1196    time: 0.3375  last_time: 0.3677  data_time: 0.0048  last_data_time: 0.0045   lr: 2.5e-05  max_mem: 2828M
[10/26 17:21:18 d2.utils.events]:  eta: 0:00:19  iter: 3419  total_loss: 0.738  loss_cls: 0.1918  loss_box_reg: 0.115  loss_rpn_cls: 0.2665  loss_rpn_loc: 0.1262    time: 0.3377  last_time: 0.3518  data_time: 0.0051  last_data_time: 0.0044   lr: 2.5e-05  max_mem: 2828M
[10/26 17:21:26 d2.utils.events]:  eta: 0:00:11  iter: 3439  total_loss: 0.7062  loss_cls: 0.1952  loss_box_reg: 0.1114  loss_rpn_cls: 0.248  loss_rpn_loc: 0.1552    time: 0.3380  last_time: 0.3509  data_time: 0.0048  last_data_time: 0.0049   lr: 2.5e-05  max_mem: 2828M
[10/26 17:21:34 d2.utils.events]:  eta: 0:00:04  iter: 3459  total_loss: 0.847  loss_cls: 0.2045  loss_box_reg: 0.1018  loss_rpn_cls: 0.2775  loss_rpn_loc: 0.2301    time: 0.3382  last_time: 0.3947  data_time: 0.0048  last_data_time: 0.0055   lr: 2.5e-05  max_mem: 2828M
[10/26 17:21:38 fvcore.common.checkpoint]: Saving checkpoint to /home/turje87/DeFRCN/outputs_codetr_2x/OD25_0/base_model/model_final.pth
[10/26 17:21:39 d2.utils.events]:  eta: 0:00:00  iter: 3471  total_loss: 0.7806  loss_cls: 0.2071  loss_box_reg: 0.106  loss_rpn_cls: 0.2641  loss_rpn_loc: 0.1451    time: 0.3384  last_time: 0.3824  data_time: 0.0054  last_data_time: 0.0053   lr: 2.5e-05  max_mem: 2828M
[10/26 17:21:39 d2.engine.hooks]: Overall training speed: 3470 iterations in 0:19:34 (0.3384 s / it)
[10/26 17:21:39 d2.engine.hooks]: Total training time: 0:19:36 (0:00:02 on hooks)
WARNING [10/26 17:21:39 d2.data.datasets.coco]: 
Category ids in annotations are not in [1, #categories]! We'll apply a mapping for you.

[10/26 17:21:39 d2.data.datasets.coco]: Loaded 436 images in COCO format from /home/turje87/DeFRCN/datasets/vizwiz/annotations/OD25_0/instances_val_base.json
[10/26 17:21:39 defrcn.dataloader.dataset_mapper]: [DatasetMapper] Augmentations used in inference: [ResizeShortestEdge(short_edge_length=(800, 800), max_size=1333, sample_style='choice')]
[10/26 17:21:39 d2.data.common]: Serializing the dataset using: <class 'detectron2.data.common._TorchSerializedList'>
[10/26 17:21:39 d2.data.common]: Serializing 436 elements to byte tensors and concatenating them all ...
[10/26 17:21:39 d2.data.common]: Serialized dataset takes 0.14 MiB
[10/26 17:21:39 defrcn.evaluation.evaluator]: Start inference on 436 images
[10/26 17:21:43 defrcn.evaluation.evaluator]: Inference done 50/436. 0.0711 s / img. ETA=0:00:27
[10/26 17:21:46 defrcn.evaluation.evaluator]: Inference done 100/436. 0.0691 s / img. ETA=0:00:23
[10/26 17:21:50 defrcn.evaluation.evaluator]: Inference done 150/436. 0.0686 s / img. ETA=0:00:19
[10/26 17:21:53 defrcn.evaluation.evaluator]: Inference done 200/436. 0.0684 s / img. ETA=0:00:16
[10/26 17:21:57 defrcn.evaluation.evaluator]: Inference done 250/436. 0.0687 s / img. ETA=0:00:12
[10/26 17:22:00 defrcn.evaluation.evaluator]: Inference done 300/436. 0.0683 s / img. ETA=0:00:09
[10/26 17:22:04 defrcn.evaluation.evaluator]: Inference done 350/436. 0.0690 s / img. ETA=0:00:05
[10/26 17:22:07 defrcn.evaluation.evaluator]: Inference done 400/436. 0.0695 s / img. ETA=0:00:02
[10/26 17:22:10 defrcn.evaluation.evaluator]: Total inference time: 0:00:29 (0.067285 s / img per device, on 1 devices)
[10/26 17:22:10 defrcn.evaluation.evaluator]: Total inference pure compute time: 0:00:28 (0.066198 s / img per device, on 1 devices)
[10/26 17:22:10 defrcn.evaluation.coco_evaluation]: Preparing results for COCO format ...
[10/26 17:22:10 defrcn.evaluation.coco_evaluation]: Saving results to /home/turje87/DeFRCN/outputs_codetr_2x/OD25_0/base_model/inference/coco_instances_results.json
[10/26 17:22:10 defrcn.evaluation.coco_evaluation]: Evaluating predictions ...
Loading and preparing results...
DONE (t=0.00s)
creating index...
index created!
Running per image evaluation...
Evaluate annotation type *bbox*
DONE (t=0.35s).
Accumulating evaluation results...
DONE (t=0.14s).
 Average Precision  (AP) @[ IoU=0.50:0.95 | area=   all | maxDets=100 ] = 0.001
 Average Precision  (AP) @[ IoU=0.50      | area=   all | maxDets=100 ] = 0.002
 Average Precision  (AP) @[ IoU=0.75      | area=   all | maxDets=100 ] = 0.000
 Average Precision  (AP) @[ IoU=0.50:0.95 | area= small | maxDets=100 ] = -1.000
 Average Precision  (AP) @[ IoU=0.50:0.95 | area=medium | maxDets=100 ] = 0.000
 Average Precision  (AP) @[ IoU=0.50:0.95 | area= large | maxDets=100 ] = 0.001
 Average Recall     (AR) @[ IoU=0.50:0.95 | area=   all | maxDets=  1 ] = 0.003
 Average Recall     (AR) @[ IoU=0.50:0.95 | area=   all | maxDets= 10 ] = 0.004
 Average Recall     (AR) @[ IoU=0.50:0.95 | area=   all | maxDets=100 ] = 0.004
 Average Recall     (AR) @[ IoU=0.50:0.95 | area= small | maxDets=100 ] = -1.000
 Average Recall     (AR) @[ IoU=0.50:0.95 | area=medium | maxDets=100 ] = 0.000
 Average Recall     (AR) @[ IoU=0.50:0.95 | area= large | maxDets=100 ] = 0.004
[10/26 17:22:10 defrcn.evaluation.coco_evaluation]: Evaluation results for bbox: 
|  AP   |  AP50  |  AP75  |   APs    |  APm  |  APl  |
|:-----:|:------:|:------:|:--------:|:-----:|:-----:|
| 0.088 | 0.212  | 0.039  | -100.000 | 0.000 | 0.090 |
[10/26 17:22:10 defrcn.engine.defaults]: Evaluation results for vizwiz_OD25_0_val_base in csv format:
[10/26 17:22:10 defrcn.evaluation.testing]: copypaste: Task: bbox
[10/26 17:22:10 defrcn.evaluation.testing]: copypaste: bAP,bAP50,bAP75,bAPs,bAPm,bAPl,AP
[10/26 17:22:10 defrcn.evaluation.testing]: copypaste: 0.0876,0.2121,0.0388,-100.0000,0.0000,0.0900,0.0876
✅ Base training complete for OD25_0

🔧 Model Surgery: Removing classification head
----------------------------------------
save changed ckpt to /home/turje87/DeFRCN/outputs_codetr_2x/OD25_0/base_model/model_reset_remove.pth
✅ Model surgery complete

📊 STAGE 2: Few-Shot Fine-Tuning (1-shot, 1400 iterations)
----------------------------------------
Config: /home/turje87/DeFRCN/configs/vizwiz_det_r101_novel_1shot.yaml
Output: /home/turje87/DeFRCN/outputs_codetr_2x/OD25_0/novel_1shot
K-shot: 1
Iterations: 1400

✅ Registered VizWiz datasets for 4 folds with k-shot variants
Traceback (most recent call last):
  File "/home/turje87/DeFRCN/main.py", line 68, in <module>
    launch(
  File "/home/turje87/miniconda/envs/defrcn-cu121/lib/python3.10/site-packages/detectron2/engine/launch.py", line 84, in launch
    main_func(*args)
  File "/home/turje87/DeFRCN/main.py", line 49, in main
    cfg = setup(args)
  File "/home/turje87/DeFRCN/main.py", line 39, in setup
    cfg.merge_from_file(args.config_file)
  File "/home/turje87/miniconda/envs/defrcn-cu121/lib/python3.10/site-packages/detectron2/config/config.py", line 69, in merge_from_file
    self.merge_from_other_cfg(loaded_cfg)
  File "/home/turje87/miniconda/envs/defrcn-cu121/lib/python3.10/site-packages/fvcore/common/config.py", line 132, in merge_from_other_cfg
    return super().merge_from_other_cfg(cfg_other)
  File "/home/turje87/miniconda/envs/defrcn-cu121/lib/python3.10/site-packages/yacs/config.py", line 217, in merge_from_other_cfg
    _merge_a_into_b(cfg_other, self, self, [])
  File "/home/turje87/miniconda/envs/defrcn-cu121/lib/python3.10/site-packages/yacs/config.py", line 478, in _merge_a_into_b
    _merge_a_into_b(v, b[k], root, key_list + [k])
  File "/home/turje87/miniconda/envs/defrcn-cu121/lib/python3.10/site-packages/yacs/config.py", line 478, in _merge_a_into_b
    _merge_a_into_b(v, b[k], root, key_list + [k])
  File "/home/turje87/miniconda/envs/defrcn-cu121/lib/python3.10/site-packages/yacs/config.py", line 491, in _merge_a_into_b
    raise KeyError("Non-existent config key: {}".format(full_key))
KeyError: 'Non-existent config key: MODEL.ROI_HEADS.PCB_ENABLE'
