nohup: ignoring input
========================================
VizWiz Few-Shot DeFRCN Training
CO-DETR MATCH (2X) Configuration
========================================

Base iterations: 3472 (~16 epochs)
Novel iterations: 1400 (~50 epochs for 10-shot)
Folds: OD25_0 OD25_1 OD25_2 OD25_3
K-shots: 1 10
Weights & Biases: DeFRCN_GCP_T

✅ ImageNet pretrained weights found

========================================
Processing Fold: OD25_0
========================================

📊 STAGE 1: Base Training (3472 iterations)
----------------------------------------
Config: /home/turje87/DeFRCN/configs/vizwiz_det_r101_base_balanced.yaml
Output: /home/turje87/DeFRCN/outputs_codetr_2x/OD25_0/base_model
Iterations: 3472

✅ Registered VizWiz datasets for 4 folds with k-shot variants
[10/26 18:43:29 detectron2]: Rank of current process: 0. World size: 1
[10/26 18:43:29 detectron2]: Command line arguments: Namespace(config_file='/home/turje87/DeFRCN/configs/vizwiz_det_r101_base_balanced.yaml', resume=False, eval_only=False, eval_all=False, eval_during_train=False, eval_iter=-1, start_iter=-1, end_iter=-1, num_gpus=1, num_machines=1, machine_rank=0, dist_url='tcp://127.0.0.1:50154', opts=['MODEL.WEIGHTS', '/home/turje87/DeFRCN/imagenet_pretrain/MSRA/R-101.pkl', 'OUTPUT_DIR', '/home/turje87/DeFRCN/outputs_codetr_2x/OD25_0/base_model', 'SOLVER.IMS_PER_BATCH', '2', 'SOLVER.BASE_LR', '0.0025', 'SOLVER.MAX_ITER', '3472', 'SOLVER.STEPS', '(2083,2777)', 'SOLVER.WARMUP_ITERS', '1000', 'DATASETS.TRAIN', "('vizwiz_OD25_0_train_base',)", 'DATASETS.TEST', "('vizwiz_OD25_0_val_base',)"])
[10/26 18:43:29 detectron2]: Contents of args.config_file=/home/turje87/DeFRCN/configs/vizwiz_det_r101_base_balanced.yaml:
_BASE_: "Base-RCNN.yaml"

# VizWiz Base Training Config with Class Balancing
# Addresses severe class imbalance (up to 451x ratio)

MODEL:
  WEIGHTS: "data/.pretrain_weights/ImageNetPretrained/MSRA/R-101.pkl"
  MASK_ON: False
  RESNETS:
    DEPTH: 101
  RPN:
    ENABLE_DECOUPLE: True
    BACKWARD_SCALE: 0.0
  ROI_HEADS:
    NUM_CLASSES: 75  # OD25 base split has 75 classes (FIXED from 101)
    ENABLE_DECOUPLE: True
    BACKWARD_SCALE: 0.75
    # Use focal loss to handle class imbalance
    SCORE_THRESH_TEST: 0.05  # Lower threshold for rare classes

DATASETS:
  TRAIN: ('vizwiz_train',)
  TEST: ('vizwiz_val',)

# ==================== CLASS BALANCING STRATEGIES ==================== #

# 1. Repeat Factor Sampling (oversample rare classes)
DATALOADER:
  SAMPLER_TRAIN: "RepeatFactorTrainingSampler"
  REPEAT_THRESHOLD: 0.001  # Oversample classes with <0.1% frequency
  NUM_WORKERS: 4

# 2. Training parameters optimized for imbalanced data
SOLVER:
  IMS_PER_BATCH: 16
  BASE_LR: 0.01  # Reduced from 0.02 for stability with imbalanced data
  WEIGHT_DECAY: 0.0001
  WEIGHT_DECAY_BIAS: 0.0001
  WEIGHT_DECAY_NORM: 0.0
  WARMUP_ITERS: 500  # Gradual warmup helps with rare classes
  WARMUP_FACTOR: 0.001
  STEPS: (6000,)
  MAX_ITER: 8000
  CHECKPOINT_PERIOD: 100000
  CLIP_GRADIENTS:
    ENABLED: True
    CLIP_TYPE: "norm"
    CLIP_VALUE: 1.0
    NORM_TYPE: 2.0

OUTPUT_DIR: "output/vizwiz_base_balanced"

# ==================== NOTES ==================== #
# This config addresses the severe class imbalance found:
# - monitor: 451 samples (most common)
# - purse: 1 sample (least common)  
# - Imbalance ratio: 451x
#
# RepeatFactorTrainingSampler will:
# - Oversample rare classes like "purse", "sign", "sandwich"
# - Balance the training distribution
# - Improve mAP on rare classes


[10/26 18:43:29 detectron2]: Full config saved to /home/turje87/DeFRCN/outputs_codetr_2x/OD25_0/base_model/config.yaml
[10/26 18:43:29 d2.utils.env]: Using a generated random seed 30649590
WARNING [10/26 18:43:32 d2.data.datasets.coco]: 
Category ids in annotations are not in [1, #categories]! We'll apply a mapping for you.

[10/26 18:43:32 d2.data.datasets.coco]: Loaded 1735 images in COCO format from /home/turje87/DeFRCN/datasets/vizwiz/annotations/OD25_0/instances_train_base.json
[10/26 18:43:32 defrcn.dataloader.build]: Removed 0 images with no usable annotations. 1735 images left.
[10/26 18:43:32 defrcn.dataloader.dataset_mapper]: [DatasetMapper] Augmentations used in training: [ResizeShortestEdge(short_edge_length=(640, 672, 704, 736, 768, 800), max_size=1333, sample_style='choice'), RandomFlip()]
[10/26 18:43:32 defrcn.dataloader.build]: Using training sampler RepeatFactorTrainingSampler
[10/26 18:43:32 d2.data.samplers.distributed_sampler]: Cat ID 0: freq=0.01, rep=1.00
[10/26 18:43:32 d2.data.samplers.distributed_sampler]: Cat ID 1: freq=0.01, rep=1.00
[10/26 18:43:32 d2.data.samplers.distributed_sampler]: Cat ID 2: freq=0.01, rep=1.00
[10/26 18:43:32 d2.data.samplers.distributed_sampler]: Cat ID 3: freq=0.01, rep=1.00
[10/26 18:43:32 d2.data.samplers.distributed_sampler]: Cat ID 4: freq=0.01, rep=1.00
[10/26 18:43:32 d2.data.samplers.distributed_sampler]: Cat ID 5: freq=0.02, rep=1.00
[10/26 18:43:32 d2.data.samplers.distributed_sampler]: Cat ID 6: freq=0.00, rep=1.00
[10/26 18:43:32 d2.data.samplers.distributed_sampler]: Cat ID 7: freq=0.02, rep=1.00
[10/26 18:43:32 d2.data.samplers.distributed_sampler]: Cat ID 8: freq=0.07, rep=1.00
[10/26 18:43:32 d2.data.samplers.distributed_sampler]: Cat ID 9: freq=0.02, rep=1.00
[10/26 18:43:32 d2.data.samplers.distributed_sampler]: Cat ID 10: freq=0.01, rep=1.00
[10/26 18:43:32 d2.data.samplers.distributed_sampler]: Cat ID 13: freq=0.01, rep=1.00
[10/26 18:43:32 d2.data.samplers.distributed_sampler]: Cat ID 14: freq=0.03, rep=1.00
[10/26 18:43:32 d2.data.samplers.distributed_sampler]: Cat ID 15: freq=0.01, rep=1.00
[10/26 18:43:32 d2.data.samplers.distributed_sampler]: Cat ID 16: freq=0.05, rep=1.00
[10/26 18:43:32 d2.data.samplers.distributed_sampler]: Cat ID 17: freq=0.01, rep=1.00
[10/26 18:43:32 d2.data.samplers.distributed_sampler]: Cat ID 18: freq=0.14, rep=1.00
[10/26 18:43:32 d2.data.samplers.distributed_sampler]: Cat ID 19: freq=0.04, rep=1.00
[10/26 18:43:32 d2.data.samplers.distributed_sampler]: Cat ID 20: freq=0.10, rep=1.00
[10/26 18:43:32 d2.data.samplers.distributed_sampler]: Cat ID 21: freq=0.00, rep=1.00
[10/26 18:43:32 d2.data.samplers.distributed_sampler]: Cat ID 22: freq=0.02, rep=1.00
[10/26 18:43:32 d2.data.samplers.distributed_sampler]: Cat ID 23: freq=0.02, rep=1.00
[10/26 18:43:32 d2.data.samplers.distributed_sampler]: Cat ID 24: freq=0.01, rep=1.00
[10/26 18:43:32 d2.data.samplers.distributed_sampler]: Cat ID 25: freq=0.01, rep=1.00
[10/26 18:43:32 d2.data.samplers.distributed_sampler]: Cat ID 26: freq=0.01, rep=1.00
[10/26 18:43:32 d2.data.samplers.distributed_sampler]: Cat ID 27: freq=0.01, rep=1.00
[10/26 18:43:32 d2.data.samplers.distributed_sampler]: Cat ID 28: freq=0.01, rep=1.00
[10/26 18:43:32 d2.data.samplers.distributed_sampler]: Cat ID 29: freq=0.00, rep=1.00
[10/26 18:43:32 d2.data.samplers.distributed_sampler]: Cat ID 30: freq=0.01, rep=1.00
[10/26 18:43:32 d2.data.samplers.distributed_sampler]: Cat ID 31: freq=0.01, rep=1.00
[10/26 18:43:32 d2.data.samplers.distributed_sampler]: Cat ID 32: freq=0.01, rep=1.00
[10/26 18:43:32 d2.data.samplers.distributed_sampler]: Cat ID 33: freq=0.01, rep=1.00
[10/26 18:43:32 d2.data.samplers.distributed_sampler]: Cat ID 34: freq=0.01, rep=1.00
[10/26 18:43:32 d2.data.samplers.distributed_sampler]: Cat ID 35: freq=0.07, rep=1.00
[10/26 18:43:32 d2.data.samplers.distributed_sampler]: Cat ID 36: freq=0.01, rep=1.00
[10/26 18:43:32 d2.data.samplers.distributed_sampler]: Cat ID 37: freq=0.01, rep=1.00
[10/26 18:43:32 d2.data.samplers.distributed_sampler]: Cat ID 38: freq=0.00, rep=1.00
[10/26 18:43:32 d2.data.samplers.distributed_sampler]: Cat ID 39: freq=0.03, rep=1.00
[10/26 18:43:32 d2.data.samplers.distributed_sampler]: Cat ID 40: freq=0.00, rep=1.00
[10/26 18:43:32 d2.data.samplers.distributed_sampler]: Cat ID 41: freq=0.01, rep=1.00
[10/26 18:43:32 d2.data.samplers.distributed_sampler]: Cat ID 42: freq=0.01, rep=1.00
[10/26 18:43:32 d2.data.samplers.distributed_sampler]: Cat ID 43: freq=0.02, rep=1.00
[10/26 18:43:32 d2.data.samplers.distributed_sampler]: Cat ID 44: freq=0.01, rep=1.00
[10/26 18:43:32 d2.data.samplers.distributed_sampler]: Cat ID 45: freq=0.05, rep=1.00
[10/26 18:43:32 d2.data.samplers.distributed_sampler]: Cat ID 46: freq=0.01, rep=1.00
[10/26 18:43:32 d2.data.samplers.distributed_sampler]: Cat ID 47: freq=0.01, rep=1.00
[10/26 18:43:32 d2.data.samplers.distributed_sampler]: Cat ID 48: freq=0.04, rep=1.00
[10/26 18:43:32 d2.data.samplers.distributed_sampler]: Cat ID 49: freq=0.01, rep=1.00
[10/26 18:43:32 d2.data.samplers.distributed_sampler]: Cat ID 50: freq=0.00, rep=1.00
[10/26 18:43:32 d2.data.samplers.distributed_sampler]: Cat ID 51: freq=0.00, rep=1.00
[10/26 18:43:32 d2.data.samplers.distributed_sampler]: Cat ID 52: freq=0.01, rep=1.00
[10/26 18:43:32 d2.data.samplers.distributed_sampler]: Cat ID 53: freq=0.02, rep=1.00
[10/26 18:43:32 d2.data.samplers.distributed_sampler]: Cat ID 54: freq=0.02, rep=1.00
[10/26 18:43:32 d2.data.samplers.distributed_sampler]: Cat ID 55: freq=0.01, rep=1.00
[10/26 18:43:32 d2.data.samplers.distributed_sampler]: Cat ID 56: freq=0.00, rep=1.32
[10/26 18:43:32 d2.data.samplers.distributed_sampler]: Cat ID 57: freq=0.00, rep=1.00
[10/26 18:43:32 d2.data.samplers.distributed_sampler]: Cat ID 58: freq=0.03, rep=1.00
[10/26 18:43:32 d2.data.samplers.distributed_sampler]: Cat ID 59: freq=0.00, rep=1.00
[10/26 18:43:32 d2.data.samplers.distributed_sampler]: Cat ID 60: freq=0.01, rep=1.00
[10/26 18:43:32 d2.data.samplers.distributed_sampler]: Cat ID 61: freq=0.02, rep=1.00
[10/26 18:43:32 d2.data.samplers.distributed_sampler]: Cat ID 62: freq=0.01, rep=1.00
[10/26 18:43:32 d2.data.samplers.distributed_sampler]: Cat ID 64: freq=0.00, rep=1.00
[10/26 18:43:32 d2.data.samplers.distributed_sampler]: Cat ID 65: freq=0.07, rep=1.00
[10/26 18:43:32 d2.data.samplers.distributed_sampler]: Cat ID 66: freq=0.00, rep=1.00
[10/26 18:43:32 d2.data.samplers.distributed_sampler]: Cat ID 67: freq=0.00, rep=1.00
[10/26 18:43:32 d2.data.samplers.distributed_sampler]: Cat ID 68: freq=0.00, rep=1.00
[10/26 18:43:32 d2.data.samplers.distributed_sampler]: Cat ID 69: freq=0.01, rep=1.00
[10/26 18:43:32 d2.data.samplers.distributed_sampler]: Cat ID 70: freq=0.02, rep=1.00
[10/26 18:43:32 d2.data.samplers.distributed_sampler]: Cat ID 71: freq=0.01, rep=1.00
[10/26 18:43:32 d2.data.samplers.distributed_sampler]: Cat ID 72: freq=0.01, rep=1.00
[10/26 18:43:32 d2.data.samplers.distributed_sampler]: Cat ID 73: freq=0.01, rep=1.00
[10/26 18:43:32 d2.data.samplers.distributed_sampler]: Cat ID 74: freq=0.01, rep=1.00
[10/26 18:43:32 d2.data.common]: Serializing the dataset using: <class 'detectron2.data.common._TorchSerializedList'>
[10/26 18:43:32 d2.data.common]: Serializing 1735 elements to byte tensors and concatenating them all ...
[10/26 18:43:32 d2.data.common]: Serialized dataset takes 0.56 MiB
[10/26 18:43:32 fvcore.common.checkpoint]: [Checkpointer] Loading from /home/turje87/DeFRCN/imagenet_pretrain/MSRA/R-101.pkl ...
[10/26 18:43:32 d2.checkpoint.c2_model_loading]: Renaming Caffe2 weights ......
[10/26 18:43:32 d2.checkpoint.c2_model_loading]: Following weights matched with submodule model - Total num: 105
[10/26 18:43:32 d2.engine.train_loop]: Starting training from iteration 0
/home/turje87/miniconda/envs/defrcn-cu121/lib/python3.10/site-packages/torch/functional.py:504: UserWarning: torch.meshgrid: in an upcoming release, it will be required to pass the indexing argument. (Triggered internally at ../aten/src/ATen/native/TensorShape.cpp:3526.)
  return _VF.meshgrid(tensors, **kwargs)  # type: ignore[attr-defined]
[10/26 18:43:42 d2.utils.events]:  eta: 0:23:38  iter: 19  total_loss: 1.111e+06  loss_cls: 7.414e+05  loss_box_reg: 1.476e+05  loss_rpn_cls: 5.764e+04  loss_rpn_loc: 8.567e+04    time: 0.4032  last_time: 0.3317  data_time: 0.0276  last_data_time: 0.0275   lr: 4.9952e-05  max_mem: 1807M
[10/26 18:43:49 d2.utils.events]:  eta: 0:21:36  iter: 39  total_loss: 3.232e+05  loss_cls: 2.356e+05  loss_box_reg: 4.392e+04  loss_rpn_cls: 1.344e+04  loss_rpn_loc: 3.057e+04    time: 0.3795  last_time: 0.2597  data_time: 0.0087  last_data_time: 0.0060   lr: 9.9902e-05  max_mem: 1807M
[10/26 18:43:56 d2.utils.events]:  eta: 0:20:45  iter: 59  total_loss: 5.479e+04  loss_cls: 3.761e+04  loss_box_reg: 7609  loss_rpn_cls: 1174  loss_rpn_loc: 5595    time: 0.3675  last_time: 0.2587  data_time: 0.0092  last_data_time: 0.0057   lr: 0.00014985  max_mem: 1811M
[10/26 18:44:03 d2.utils.events]:  eta: 0:20:45  iter: 79  total_loss: 2.102e+04  loss_cls: 1.569e+04  loss_box_reg: 3730  loss_rpn_cls: 405.2  loss_rpn_loc: 2519    time: 0.3688  last_time: 0.3050  data_time: 0.0097  last_data_time: 0.0045   lr: 0.0001998  max_mem: 1811M
[10/26 18:44:11 d2.utils.events]:  eta: 0:20:58  iter: 99  total_loss: 1.266e+04  loss_cls: 7872  loss_box_reg: 1625  loss_rpn_cls: 283.1  loss_rpn_loc: 1618    time: 0.3717  last_time: 0.4939  data_time: 0.0090  last_data_time: 0.0247   lr: 0.00024975  max_mem: 1812M
[10/26 18:44:18 d2.utils.events]:  eta: 0:20:34  iter: 119  total_loss: 6209  loss_cls: 3517  loss_box_reg: 1253  loss_rpn_cls: 223.7  loss_rpn_loc: 1002    time: 0.3679  last_time: 0.4255  data_time: 0.0085  last_data_time: 0.0045   lr: 0.0002997  max_mem: 1812M
[10/26 18:44:26 d2.utils.events]:  eta: 0:20:37  iter: 139  total_loss: 4588  loss_cls: 2457  loss_box_reg: 797.8  loss_rpn_cls: 154.8  loss_rpn_loc: 837.9    time: 0.3712  last_time: 0.3316  data_time: 0.0083  last_data_time: 0.0117   lr: 0.00034965  max_mem: 1816M
[10/26 18:44:34 d2.utils.events]:  eta: 0:20:30  iter: 159  total_loss: 2701  loss_cls: 1338  loss_box_reg: 497.3  loss_rpn_cls: 109.3  loss_rpn_loc: 750.8    time: 0.3722  last_time: 0.2970  data_time: 0.0075  last_data_time: 0.0052   lr: 0.0003996  max_mem: 1816M
[10/26 18:44:41 d2.utils.events]:  eta: 0:20:22  iter: 179  total_loss: 2684  loss_cls: 1517  loss_box_reg: 424.7  loss_rpn_cls: 120.2  loss_rpn_loc: 517.9    time: 0.3732  last_time: 0.4561  data_time: 0.0072  last_data_time: 0.0050   lr: 0.00044955  max_mem: 1816M
[10/26 18:44:49 d2.utils.events]:  eta: 0:20:32  iter: 199  total_loss: 1589  loss_cls: 836.5  loss_box_reg: 316.1  loss_rpn_cls: 65.04  loss_rpn_loc: 371.8    time: 0.3741  last_time: 0.3933  data_time: 0.0068  last_data_time: 0.0049   lr: 0.0004995  max_mem: 1816M
[10/26 18:44:57 d2.utils.events]:  eta: 0:20:24  iter: 219  total_loss: 993  loss_cls: 402.6  loss_box_reg: 148  loss_rpn_cls: 83.19  loss_rpn_loc: 281.2    time: 0.3757  last_time: 0.4702  data_time: 0.0075  last_data_time: 0.0054   lr: 0.00054945  max_mem: 1842M
[10/26 18:45:05 d2.utils.events]:  eta: 0:20:22  iter: 239  total_loss: 966.6  loss_cls: 445  loss_box_reg: 120.5  loss_rpn_cls: 70.03  loss_rpn_loc: 250.1    time: 0.3782  last_time: 0.4319  data_time: 0.0054  last_data_time: 0.0055   lr: 0.0005994  max_mem: 1960M
[10/26 18:45:13 d2.utils.events]:  eta: 0:20:28  iter: 259  total_loss: 482.6  loss_cls: 209.1  loss_box_reg: 78.44  loss_rpn_cls: 30.87  loss_rpn_loc: 191.6    time: 0.3811  last_time: 0.6144  data_time: 0.0077  last_data_time: 0.0047   lr: 0.00064935  max_mem: 2014M
[10/26 18:45:21 d2.utils.events]:  eta: 0:20:25  iter: 279  total_loss: 488.8  loss_cls: 181.2  loss_box_reg: 53.77  loss_rpn_cls: 39.3  loss_rpn_loc: 210.1    time: 0.3831  last_time: 0.5453  data_time: 0.0078  last_data_time: 0.0050   lr: 0.0006993  max_mem: 2194M
[10/26 18:45:29 d2.utils.events]:  eta: 0:20:18  iter: 299  total_loss: 505.9  loss_cls: 198.6  loss_box_reg: 77.05  loss_rpn_cls: 45.72  loss_rpn_loc: 151.4    time: 0.3838  last_time: 0.2885  data_time: 0.0067  last_data_time: 0.0063   lr: 0.00074925  max_mem: 2194M
[10/26 18:45:38 d2.utils.events]:  eta: 0:20:13  iter: 319  total_loss: 295.8  loss_cls: 72.47  loss_box_reg: 31.25  loss_rpn_cls: 22.8  loss_rpn_loc: 147.3    time: 0.3863  last_time: 0.4248  data_time: 0.0087  last_data_time: 0.0151   lr: 0.0007992  max_mem: 2199M
[10/26 18:45:46 d2.utils.events]:  eta: 0:20:05  iter: 339  total_loss: 215.6  loss_cls: 74.93  loss_box_reg: 23.17  loss_rpn_cls: 18.18  loss_rpn_loc: 109.1    time: 0.3881  last_time: 0.2738  data_time: 0.0071  last_data_time: 0.0062   lr: 0.00084915  max_mem: 2211M
[10/26 18:45:55 d2.utils.events]:  eta: 0:20:08  iter: 359  total_loss: 202.9  loss_cls: 57.75  loss_box_reg: 22.43  loss_rpn_cls: 14.58  loss_rpn_loc: 94.16    time: 0.3911  last_time: 0.6214  data_time: 0.0068  last_data_time: 0.0056   lr: 0.0008991  max_mem: 2249M
[10/26 18:46:04 d2.utils.events]:  eta: 0:20:08  iter: 379  total_loss: 151.5  loss_cls: 42.98  loss_box_reg: 10.22  loss_rpn_cls: 14.64  loss_rpn_loc: 93.16    time: 0.3942  last_time: 0.2910  data_time: 0.0100  last_data_time: 0.0062   lr: 0.00094905  max_mem: 2249M
[10/26 18:46:12 d2.utils.events]:  eta: 0:20:03  iter: 399  total_loss: 117  loss_cls: 23.8  loss_box_reg: 7.906  loss_rpn_cls: 14.77  loss_rpn_loc: 62.14    time: 0.3960  last_time: 0.4500  data_time: 0.0091  last_data_time: 0.0049   lr: 0.000999  max_mem: 2249M
[10/26 18:46:21 d2.utils.events]:  eta: 0:20:00  iter: 419  total_loss: 116.4  loss_cls: 16.88  loss_box_reg: 7.939  loss_rpn_cls: 11.38  loss_rpn_loc: 55.99    time: 0.3977  last_time: 0.4045  data_time: 0.0076  last_data_time: 0.0051   lr: 0.001049  max_mem: 2255M
[10/26 18:46:31 d2.utils.events]:  eta: 0:20:07  iter: 439  total_loss: 63.58  loss_cls: 14.04  loss_box_reg: 3.351  loss_rpn_cls: 8.563  loss_rpn_loc: 34.95    time: 0.4014  last_time: 0.4705  data_time: 0.0081  last_data_time: 0.0051   lr: 0.0010989  max_mem: 2336M
[10/26 18:46:41 d2.utils.events]:  eta: 0:20:09  iter: 459  total_loss: 64.81  loss_cls: 12.16  loss_box_reg: 4.717  loss_rpn_cls: 8.273  loss_rpn_loc: 33.12    time: 0.4053  last_time: 0.5393  data_time: 0.0068  last_data_time: 0.0054   lr: 0.0011489  max_mem: 2336M
[10/26 18:46:51 d2.utils.events]:  eta: 0:20:06  iter: 479  total_loss: 52.7  loss_cls: 6.295  loss_box_reg: 2.1  loss_rpn_cls: 7.958  loss_rpn_loc: 28.55    time: 0.4096  last_time: 0.6474  data_time: 0.0059  last_data_time: 0.0057   lr: 0.0011988  max_mem: 2393M
[10/26 18:47:01 d2.utils.events]:  eta: 0:20:12  iter: 499  total_loss: 50.49  loss_cls: 4.444  loss_box_reg: 2.089  loss_rpn_cls: 5.809  loss_rpn_loc: 32.14    time: 0.4135  last_time: 0.5944  data_time: 0.0062  last_data_time: 0.0058   lr: 0.0012488  max_mem: 2405M
[10/26 18:47:12 d2.utils.events]:  eta: 0:20:14  iter: 519  total_loss: 35.21  loss_cls: 2.947  loss_box_reg: 0.8243  loss_rpn_cls: 4.792  loss_rpn_loc: 23.05    time: 0.4186  last_time: 0.5839  data_time: 0.0066  last_data_time: 0.0090   lr: 0.0012987  max_mem: 2514M
[10/26 18:47:24 d2.utils.events]:  eta: 0:20:20  iter: 539  total_loss: 26.21  loss_cls: 2.991  loss_box_reg: 0.8106  loss_rpn_cls: 3.983  loss_rpn_loc: 16.52    time: 0.4251  last_time: 0.7839  data_time: 0.0067  last_data_time: 0.0061   lr: 0.0013487  max_mem: 2689M
[10/26 18:47:36 d2.utils.events]:  eta: 0:20:28  iter: 559  total_loss: 27.15  loss_cls: 2.474  loss_box_reg: 0.811  loss_rpn_cls: 3.698  loss_rpn_loc: 18.19    time: 0.4327  last_time: 0.6731  data_time: 0.0058  last_data_time: 0.0057   lr: 0.0013986  max_mem: 2689M
[10/26 18:47:50 d2.utils.events]:  eta: 0:20:31  iter: 579  total_loss: 15.51  loss_cls: 1.91  loss_box_reg: 0.5551  loss_rpn_cls: 2.641  loss_rpn_loc: 10.31    time: 0.4416  last_time: 0.7318  data_time: 0.0062  last_data_time: 0.0050   lr: 0.0014486  max_mem: 2702M
[10/26 18:48:04 d2.utils.events]:  eta: 0:20:35  iter: 599  total_loss: 13.55  loss_cls: 1.373  loss_box_reg: 0.6337  loss_rpn_cls: 2.381  loss_rpn_loc: 9.522    time: 0.4504  last_time: 0.7544  data_time: 0.0064  last_data_time: 0.0082   lr: 0.0014985  max_mem: 2705M
[10/26 18:48:18 d2.utils.events]:  eta: 0:20:40  iter: 619  total_loss: 11.15  loss_cls: 1.634  loss_box_reg: 0.4487  loss_rpn_cls: 1.311  loss_rpn_loc: 7.611    time: 0.4586  last_time: 0.7078  data_time: 0.0063  last_data_time: 0.0052   lr: 0.0015485  max_mem: 2707M
[10/26 18:48:32 d2.utils.events]:  eta: 0:20:48  iter: 639  total_loss: 6.346  loss_cls: 1.342  loss_box_reg: 0.3967  loss_rpn_cls: 0.8938  loss_rpn_loc: 3.784    time: 0.4660  last_time: 0.6741  data_time: 0.0053  last_data_time: 0.0054   lr: 0.0015984  max_mem: 2708M
[10/26 18:48:46 d2.utils.events]:  eta: 0:20:55  iter: 659  total_loss: 5.663  loss_cls: 1.164  loss_box_reg: 0.3306  loss_rpn_cls: 0.7106  loss_rpn_loc: 3.484    time: 0.4732  last_time: 0.6599  data_time: 0.0068  last_data_time: 0.0047   lr: 0.0016484  max_mem: 2708M
[10/26 18:49:00 d2.utils.events]:  eta: 0:21:01  iter: 679  total_loss: 4.803  loss_cls: 0.916  loss_box_reg: 0.5677  loss_rpn_cls: 0.5509  loss_rpn_loc: 1.969    time: 0.4796  last_time: 0.6654  data_time: 0.0053  last_data_time: 0.0055   lr: 0.0016983  max_mem: 2708M
[10/26 18:49:14 d2.utils.events]:  eta: 0:21:06  iter: 699  total_loss: 3.954  loss_cls: 1.351  loss_box_reg: 0.7083  loss_rpn_cls: 0.4784  loss_rpn_loc: 1.071    time: 0.4856  last_time: 0.7498  data_time: 0.0063  last_data_time: 0.0055   lr: 0.0017483  max_mem: 2708M
[10/26 18:49:28 d2.utils.events]:  eta: 0:21:05  iter: 719  total_loss: 3.118  loss_cls: 1.411  loss_box_reg: 0.5941  loss_rpn_cls: 0.3927  loss_rpn_loc: 0.687    time: 0.4914  last_time: 0.7290  data_time: 0.0055  last_data_time: 0.0046   lr: 0.0017982  max_mem: 2708M
[10/26 18:49:41 d2.utils.events]:  eta: 0:21:09  iter: 739  total_loss: 2.755  loss_cls: 1.237  loss_box_reg: 0.3926  loss_rpn_cls: 0.3778  loss_rpn_loc: 0.5624    time: 0.4965  last_time: 0.5939  data_time: 0.0057  last_data_time: 0.0056   lr: 0.0018482  max_mem: 2708M
[10/26 18:49:55 d2.utils.events]:  eta: 0:21:10  iter: 759  total_loss: 2.233  loss_cls: 0.9188  loss_box_reg: 0.4206  loss_rpn_cls: 0.3754  loss_rpn_loc: 0.3406    time: 0.5015  last_time: 0.7450  data_time: 0.0059  last_data_time: 0.0063   lr: 0.0018981  max_mem: 2710M
[10/26 18:50:09 d2.utils.events]:  eta: 0:21:09  iter: 779  total_loss: 2.046  loss_cls: 0.9124  loss_box_reg: 0.3139  loss_rpn_cls: 0.3746  loss_rpn_loc: 0.3561    time: 0.5066  last_time: 0.7505  data_time: 0.0066  last_data_time: 0.0056   lr: 0.0019481  max_mem: 2710M
[10/26 18:50:23 d2.utils.events]:  eta: 0:21:15  iter: 799  total_loss: 1.884  loss_cls: 0.8808  loss_box_reg: 0.3454  loss_rpn_cls: 0.372  loss_rpn_loc: 0.3334    time: 0.5116  last_time: 0.7445  data_time: 0.0073  last_data_time: 0.0062   lr: 0.001998  max_mem: 2710M
[10/26 18:50:37 d2.utils.events]:  eta: 0:21:24  iter: 819  total_loss: 1.869  loss_cls: 0.8065  loss_box_reg: 0.2935  loss_rpn_cls: 0.3933  loss_rpn_loc: 0.3587    time: 0.5156  last_time: 0.6782  data_time: 0.0055  last_data_time: 0.0059   lr: 0.002048  max_mem: 2710M
[10/26 18:50:51 d2.utils.events]:  eta: 0:21:33  iter: 839  total_loss: 1.339  loss_cls: 0.4917  loss_box_reg: 0.2233  loss_rpn_cls: 0.3454  loss_rpn_loc: 0.3011    time: 0.5197  last_time: 0.6996  data_time: 0.0053  last_data_time: 0.0060   lr: 0.0020979  max_mem: 2911M
[10/26 18:51:04 d2.utils.events]:  eta: 0:21:42  iter: 859  total_loss: 1.376  loss_cls: 0.5758  loss_box_reg: 0.2205  loss_rpn_cls: 0.3676  loss_rpn_loc: 0.281    time: 0.5234  last_time: 0.7305  data_time: 0.0059  last_data_time: 0.0053   lr: 0.0021479  max_mem: 2911M
[10/26 18:51:18 d2.utils.events]:  eta: 0:22:08  iter: 879  total_loss: 1.477  loss_cls: 0.6459  loss_box_reg: 0.2117  loss_rpn_cls: 0.3212  loss_rpn_loc: 0.2556    time: 0.5273  last_time: 0.6852  data_time: 0.0055  last_data_time: 0.0054   lr: 0.0021978  max_mem: 2911M
[10/26 18:51:32 d2.utils.events]:  eta: 0:22:11  iter: 899  total_loss: 1.507  loss_cls: 0.5253  loss_box_reg: 0.2373  loss_rpn_cls: 0.37  loss_rpn_loc: 0.315    time: 0.5309  last_time: 0.6304  data_time: 0.0056  last_data_time: 0.0058   lr: 0.0022478  max_mem: 2911M
[10/26 18:51:46 d2.utils.events]:  eta: 0:22:25  iter: 919  total_loss: 1.29  loss_cls: 0.5278  loss_box_reg: 0.2108  loss_rpn_cls: 0.3869  loss_rpn_loc: 0.2025    time: 0.5345  last_time: 0.6137  data_time: 0.0054  last_data_time: 0.0053   lr: 0.0022977  max_mem: 2911M
[10/26 18:51:59 d2.utils.events]:  eta: 0:22:37  iter: 939  total_loss: 1.257  loss_cls: 0.4791  loss_box_reg: 0.2247  loss_rpn_cls: 0.3676  loss_rpn_loc: 0.1806    time: 0.5375  last_time: 0.7372  data_time: 0.0055  last_data_time: 0.0046   lr: 0.0023477  max_mem: 2911M
[10/26 18:52:14 d2.utils.events]:  eta: 0:23:09  iter: 959  total_loss: 1.342  loss_cls: 0.5396  loss_box_reg: 0.1958  loss_rpn_cls: 0.3444  loss_rpn_loc: 0.2697    time: 0.5412  last_time: 0.7373  data_time: 0.0076  last_data_time: 0.0200   lr: 0.0023976  max_mem: 2911M
[10/26 18:52:27 d2.utils.events]:  eta: 0:23:24  iter: 979  total_loss: 1.346  loss_cls: 0.5218  loss_box_reg: 0.1662  loss_rpn_cls: 0.3309  loss_rpn_loc: 0.2551    time: 0.5439  last_time: 0.7291  data_time: 0.0053  last_data_time: 0.0055   lr: 0.0024476  max_mem: 2911M
[10/26 18:52:41 d2.utils.events]:  eta: 0:23:53  iter: 999  total_loss: 1.166  loss_cls: 0.4188  loss_box_reg: 0.1601  loss_rpn_cls: 0.3458  loss_rpn_loc: 0.2358    time: 0.5467  last_time: 0.6833  data_time: 0.0054  last_data_time: 0.0070   lr: 0.0024975  max_mem: 2911M
[10/26 18:52:54 d2.utils.events]:  eta: 0:24:20  iter: 1019  total_loss: 1.45  loss_cls: 0.5825  loss_box_reg: 0.2122  loss_rpn_cls: 0.3539  loss_rpn_loc: 0.2489    time: 0.5494  last_time: 0.6981  data_time: 0.0063  last_data_time: 0.0191   lr: 0.0025  max_mem: 2911M
[10/26 18:53:08 d2.utils.events]:  eta: 0:24:58  iter: 1039  total_loss: 1.143  loss_cls: 0.4201  loss_box_reg: 0.1561  loss_rpn_cls: 0.3329  loss_rpn_loc: 0.2532    time: 0.5519  last_time: 0.7104  data_time: 0.0059  last_data_time: 0.0050   lr: 0.0025  max_mem: 2911M
[10/26 18:53:22 d2.utils.events]:  eta: 0:25:07  iter: 1059  total_loss: 1.256  loss_cls: 0.3824  loss_box_reg: 0.1797  loss_rpn_cls: 0.353  loss_rpn_loc: 0.2878    time: 0.5543  last_time: 0.7264  data_time: 0.0068  last_data_time: 0.0056   lr: 0.0025  max_mem: 2911M
[10/26 18:53:36 d2.utils.events]:  eta: 0:25:19  iter: 1079  total_loss: 1.178  loss_cls: 0.3683  loss_box_reg: 0.1485  loss_rpn_cls: 0.33  loss_rpn_loc: 0.2345    time: 0.5571  last_time: 0.8042  data_time: 0.0055  last_data_time: 0.0052   lr: 0.0025  max_mem: 2911M
[10/26 18:53:49 d2.utils.events]:  eta: 0:25:17  iter: 1099  total_loss: 1.223  loss_cls: 0.3192  loss_box_reg: 0.1152  loss_rpn_cls: 0.4067  loss_rpn_loc: 0.2618    time: 0.5593  last_time: 0.6867  data_time: 0.0063  last_data_time: 0.0053   lr: 0.0025  max_mem: 2911M
[10/26 18:54:03 d2.utils.events]:  eta: 0:25:14  iter: 1119  total_loss: 1.218  loss_cls: 0.3896  loss_box_reg: 0.1519  loss_rpn_cls: 0.3212  loss_rpn_loc: 0.2871    time: 0.5615  last_time: 0.6372  data_time: 0.0074  last_data_time: 0.0046   lr: 0.0025  max_mem: 2911M
[10/26 18:54:17 d2.utils.events]:  eta: 0:25:11  iter: 1139  total_loss: 1.199  loss_cls: 0.4102  loss_box_reg: 0.15  loss_rpn_cls: 0.3566  loss_rpn_loc: 0.2598    time: 0.5636  last_time: 0.6657  data_time: 0.0051  last_data_time: 0.0043   lr: 0.0025  max_mem: 2911M
[10/26 18:54:30 d2.utils.events]:  eta: 0:25:07  iter: 1159  total_loss: 1.048  loss_cls: 0.3058  loss_box_reg: 0.1183  loss_rpn_cls: 0.3418  loss_rpn_loc: 0.2025    time: 0.5657  last_time: 0.5937  data_time: 0.0066  last_data_time: 0.0042   lr: 0.0025  max_mem: 2911M
[10/26 18:54:40 d2.utils.events]:  eta: 0:24:57  iter: 1179  total_loss: 0.9673  loss_cls: 0.2934  loss_box_reg: 0.1356  loss_rpn_cls: 0.3494  loss_rpn_loc: 0.1529    time: 0.5645  last_time: 0.5391  data_time: 0.0056  last_data_time: 0.0107   lr: 0.0025  max_mem: 2911M
[10/26 18:54:51 d2.utils.events]:  eta: 0:24:44  iter: 1199  total_loss: 1.096  loss_cls: 0.3268  loss_box_reg: 0.1555  loss_rpn_cls: 0.3276  loss_rpn_loc: 0.2086    time: 0.5643  last_time: 0.4949  data_time: 0.0108  last_data_time: 0.0076   lr: 0.0025  max_mem: 2911M
[10/26 18:55:03 d2.utils.events]:  eta: 0:24:31  iter: 1219  total_loss: 1.033  loss_cls: 0.3371  loss_box_reg: 0.1438  loss_rpn_cls: 0.3182  loss_rpn_loc: 0.1948    time: 0.5643  last_time: 0.5172  data_time: 0.0117  last_data_time: 0.0056   lr: 0.0025  max_mem: 2911M
[10/26 18:55:14 d2.utils.events]:  eta: 0:24:18  iter: 1239  total_loss: 0.9159  loss_cls: 0.2863  loss_box_reg: 0.159  loss_rpn_cls: 0.2967  loss_rpn_loc: 0.1374    time: 0.5641  last_time: 0.6046  data_time: 0.0136  last_data_time: 0.0163   lr: 0.0025  max_mem: 2911M
[10/26 18:55:25 d2.utils.events]:  eta: 0:24:05  iter: 1259  total_loss: 1.038  loss_cls: 0.2897  loss_box_reg: 0.1278  loss_rpn_cls: 0.3151  loss_rpn_loc: 0.2433    time: 0.5641  last_time: 0.6394  data_time: 0.0083  last_data_time: 0.0223   lr: 0.0025  max_mem: 2911M
[10/26 18:55:35 d2.utils.events]:  eta: 0:23:52  iter: 1279  total_loss: 1.1  loss_cls: 0.388  loss_box_reg: 0.1351  loss_rpn_cls: 0.35  loss_rpn_loc: 0.2226    time: 0.5630  last_time: 0.3542  data_time: 0.0088  last_data_time: 0.0051   lr: 0.0025  max_mem: 2911M
[10/26 18:55:42 d2.utils.events]:  eta: 0:23:39  iter: 1299  total_loss: 0.9632  loss_cls: 0.374  loss_box_reg: 0.1183  loss_rpn_cls: 0.3522  loss_rpn_loc: 0.1662    time: 0.5601  last_time: 0.3626  data_time: 0.0068  last_data_time: 0.0057   lr: 0.0025  max_mem: 2911M
[10/26 18:55:50 d2.utils.events]:  eta: 0:23:25  iter: 1319  total_loss: 1.007  loss_cls: 0.3049  loss_box_reg: 0.1122  loss_rpn_cls: 0.3527  loss_rpn_loc: 0.1092    time: 0.5573  last_time: 0.4187  data_time: 0.0059  last_data_time: 0.0044   lr: 0.0025  max_mem: 2911M
[10/26 18:56:02 d2.utils.events]:  eta: 0:23:16  iter: 1339  total_loss: 1.002  loss_cls: 0.3453  loss_box_reg: 0.1271  loss_rpn_cls: 0.3603  loss_rpn_loc: 0.2233    time: 0.5582  last_time: 0.8767  data_time: 0.0083  last_data_time: 0.0172   lr: 0.0025  max_mem: 2911M
[10/26 18:56:17 d2.utils.events]:  eta: 0:23:08  iter: 1359  total_loss: 1.088  loss_cls: 0.3402  loss_box_reg: 0.1376  loss_rpn_cls: 0.2869  loss_rpn_loc: 0.225    time: 0.5607  last_time: 0.7501  data_time: 0.0062  last_data_time: 0.0054   lr: 0.0025  max_mem: 2911M
[10/26 18:56:31 d2.utils.events]:  eta: 0:23:00  iter: 1379  total_loss: 1.026  loss_cls: 0.3572  loss_box_reg: 0.142  loss_rpn_cls: 0.3606  loss_rpn_loc: 0.1638    time: 0.5630  last_time: 0.7161  data_time: 0.0097  last_data_time: 0.0184   lr: 0.0025  max_mem: 2911M
[10/26 18:56:45 d2.utils.events]:  eta: 0:22:50  iter: 1399  total_loss: 0.9645  loss_cls: 0.2325  loss_box_reg: 0.1192  loss_rpn_cls: 0.368  loss_rpn_loc: 0.1618    time: 0.5650  last_time: 0.6516  data_time: 0.0064  last_data_time: 0.0141   lr: 0.0025  max_mem: 2911M
[10/26 18:57:00 d2.utils.events]:  eta: 0:22:42  iter: 1419  total_loss: 1.167  loss_cls: 0.3217  loss_box_reg: 0.1131  loss_rpn_cls: 0.4223  loss_rpn_loc: 0.2528    time: 0.5675  last_time: 0.7878  data_time: 0.0086  last_data_time: 0.0053   lr: 0.0025  max_mem: 2911M
[10/26 18:57:15 d2.utils.events]:  eta: 0:22:32  iter: 1439  total_loss: 1.057  loss_cls: 0.3761  loss_box_reg: 0.1157  loss_rpn_cls: 0.2978  loss_rpn_loc: 0.213    time: 0.5700  last_time: 0.9820  data_time: 0.0101  last_data_time: 0.0158   lr: 0.0025  max_mem: 2911M
[10/26 18:57:29 d2.utils.events]:  eta: 0:22:22  iter: 1459  total_loss: 0.93  loss_cls: 0.2903  loss_box_reg: 0.1262  loss_rpn_cls: 0.3022  loss_rpn_loc: 0.1835    time: 0.5718  last_time: 0.6207  data_time: 0.0083  last_data_time: 0.0059   lr: 0.0025  max_mem: 2911M
[10/26 18:57:44 d2.utils.events]:  eta: 0:22:13  iter: 1479  total_loss: 1.088  loss_cls: 0.3661  loss_box_reg: 0.1278  loss_rpn_cls: 0.3142  loss_rpn_loc: 0.2029    time: 0.5740  last_time: 0.8377  data_time: 0.0076  last_data_time: 0.0048   lr: 0.0025  max_mem: 2911M
[10/26 18:57:58 d2.utils.events]:  eta: 0:22:04  iter: 1499  total_loss: 1.032  loss_cls: 0.3177  loss_box_reg: 0.1197  loss_rpn_cls: 0.4128  loss_rpn_loc: 0.1712    time: 0.5760  last_time: 0.9102  data_time: 0.0061  last_data_time: 0.0057   lr: 0.0025  max_mem: 2911M
[10/26 18:58:12 d2.utils.events]:  eta: 0:21:54  iter: 1519  total_loss: 1.025  loss_cls: 0.334  loss_box_reg: 0.1446  loss_rpn_cls: 0.3958  loss_rpn_loc: 0.2329    time: 0.5777  last_time: 0.6827  data_time: 0.0067  last_data_time: 0.0054   lr: 0.0025  max_mem: 2911M
[10/26 18:58:27 d2.utils.events]:  eta: 0:21:44  iter: 1539  total_loss: 0.9334  loss_cls: 0.256  loss_box_reg: 0.1206  loss_rpn_cls: 0.3411  loss_rpn_loc: 0.1802    time: 0.5797  last_time: 0.7181  data_time: 0.0080  last_data_time: 0.0142   lr: 0.0025  max_mem: 2911M
[10/26 18:58:41 d2.utils.events]:  eta: 0:21:36  iter: 1559  total_loss: 0.9265  loss_cls: 0.252  loss_box_reg: 0.1265  loss_rpn_cls: 0.3289  loss_rpn_loc: 0.1704    time: 0.5815  last_time: 0.6494  data_time: 0.0078  last_data_time: 0.0054   lr: 0.0025  max_mem: 2911M
[10/26 18:58:56 d2.utils.events]:  eta: 0:21:22  iter: 1579  total_loss: 0.9431  loss_cls: 0.2545  loss_box_reg: 0.1243  loss_rpn_cls: 0.3716  loss_rpn_loc: 0.187    time: 0.5832  last_time: 0.9095  data_time: 0.0078  last_data_time: 0.0054   lr: 0.0025  max_mem: 2911M
[10/26 18:59:11 d2.utils.events]:  eta: 0:21:09  iter: 1599  total_loss: 0.9211  loss_cls: 0.2568  loss_box_reg: 0.1207  loss_rpn_cls: 0.3085  loss_rpn_loc: 0.2872    time: 0.5851  last_time: 0.7006  data_time: 0.0062  last_data_time: 0.0056   lr: 0.0025  max_mem: 2911M
[10/26 18:59:25 d2.utils.events]:  eta: 0:20:55  iter: 1619  total_loss: 0.9542  loss_cls: 0.2774  loss_box_reg: 0.09108  loss_rpn_cls: 0.336  loss_rpn_loc: 0.1815    time: 0.5867  last_time: 0.6678  data_time: 0.0092  last_data_time: 0.0053   lr: 0.0025  max_mem: 2911M
[10/26 18:59:39 d2.utils.events]:  eta: 0:20:42  iter: 1639  total_loss: 1.064  loss_cls: 0.3044  loss_box_reg: 0.1233  loss_rpn_cls: 0.3315  loss_rpn_loc: 0.2443    time: 0.5884  last_time: 0.5902  data_time: 0.0085  last_data_time: 0.0084   lr: 0.0025  max_mem: 2911M
[10/26 18:59:54 d2.utils.events]:  eta: 0:20:29  iter: 1659  total_loss: 0.9405  loss_cls: 0.3228  loss_box_reg: 0.1069  loss_rpn_cls: 0.3228  loss_rpn_loc: 0.1939    time: 0.5901  last_time: 0.7597  data_time: 0.0088  last_data_time: 0.0056   lr: 0.0025  max_mem: 2911M
[10/26 19:00:09 d2.utils.events]:  eta: 0:20:16  iter: 1679  total_loss: 0.9358  loss_cls: 0.3788  loss_box_reg: 0.1274  loss_rpn_cls: 0.2981  loss_rpn_loc: 0.1974    time: 0.5918  last_time: 0.8662  data_time: 0.0069  last_data_time: 0.0052   lr: 0.0025  max_mem: 2911M
[10/26 19:00:23 d2.utils.events]:  eta: 0:20:02  iter: 1699  total_loss: 0.93  loss_cls: 0.2706  loss_box_reg: 0.124  loss_rpn_cls: 0.3169  loss_rpn_loc: 0.1975    time: 0.5933  last_time: 0.5204  data_time: 0.0067  last_data_time: 0.0051   lr: 0.0025  max_mem: 2911M
[10/26 19:00:37 d2.utils.events]:  eta: 0:19:48  iter: 1719  total_loss: 0.8548  loss_cls: 0.2522  loss_box_reg: 0.1337  loss_rpn_cls: 0.2936  loss_rpn_loc: 0.1891    time: 0.5947  last_time: 0.7437  data_time: 0.0076  last_data_time: 0.0093   lr: 0.0025  max_mem: 2911M
[10/26 19:00:52 d2.utils.events]:  eta: 0:19:36  iter: 1739  total_loss: 0.9558  loss_cls: 0.2589  loss_box_reg: 0.1109  loss_rpn_cls: 0.3395  loss_rpn_loc: 0.2156    time: 0.5962  last_time: 0.6994  data_time: 0.0071  last_data_time: 0.0060   lr: 0.0025  max_mem: 2911M
[10/26 19:01:06 d2.utils.events]:  eta: 0:19:22  iter: 1759  total_loss: 1.048  loss_cls: 0.2825  loss_box_reg: 0.1244  loss_rpn_cls: 0.3201  loss_rpn_loc: 0.2126    time: 0.5975  last_time: 0.6644  data_time: 0.0094  last_data_time: 0.0051   lr: 0.0025  max_mem: 2911M
[10/26 19:01:20 d2.utils.events]:  eta: 0:19:09  iter: 1779  total_loss: 0.8831  loss_cls: 0.258  loss_box_reg: 0.1086  loss_rpn_cls: 0.3102  loss_rpn_loc: 0.1502    time: 0.5988  last_time: 0.6020  data_time: 0.0069  last_data_time: 0.0052   lr: 0.0025  max_mem: 2911M
[10/26 19:01:35 d2.utils.events]:  eta: 0:18:55  iter: 1799  total_loss: 0.8793  loss_cls: 0.2621  loss_box_reg: 0.1087  loss_rpn_cls: 0.33  loss_rpn_loc: 0.1126    time: 0.6002  last_time: 0.6207  data_time: 0.0093  last_data_time: 0.0070   lr: 0.0025  max_mem: 2911M
[10/26 19:01:50 d2.utils.events]:  eta: 0:18:43  iter: 1819  total_loss: 0.942  loss_cls: 0.2707  loss_box_reg: 0.1207  loss_rpn_cls: 0.3473  loss_rpn_loc: 0.2141    time: 0.6018  last_time: 0.8722  data_time: 0.0069  last_data_time: 0.0052   lr: 0.0025  max_mem: 2911M
[10/26 19:02:04 d2.utils.events]:  eta: 0:18:30  iter: 1839  total_loss: 0.8905  loss_cls: 0.2377  loss_box_reg: 0.107  loss_rpn_cls: 0.3172  loss_rpn_loc: 0.2484    time: 0.6031  last_time: 0.4408  data_time: 0.0081  last_data_time: 0.0053   lr: 0.0025  max_mem: 2911M
[10/26 19:02:19 d2.utils.events]:  eta: 0:18:18  iter: 1859  total_loss: 0.8812  loss_cls: 0.2482  loss_box_reg: 0.103  loss_rpn_cls: 0.2925  loss_rpn_loc: 0.174    time: 0.6045  last_time: 0.8474  data_time: 0.0084  last_data_time: 0.0051   lr: 0.0025  max_mem: 2911M
[10/26 19:02:33 d2.utils.events]:  eta: 0:18:04  iter: 1879  total_loss: 0.8956  loss_cls: 0.2124  loss_box_reg: 0.1019  loss_rpn_cls: 0.3806  loss_rpn_loc: 0.1802    time: 0.6057  last_time: 0.7834  data_time: 0.0082  last_data_time: 0.0044   lr: 0.0025  max_mem: 2911M
[10/26 19:02:48 d2.utils.events]:  eta: 0:17:52  iter: 1899  total_loss: 0.938  loss_cls: 0.2753  loss_box_reg: 0.1251  loss_rpn_cls: 0.2873  loss_rpn_loc: 0.1448    time: 0.6070  last_time: 0.5914  data_time: 0.0079  last_data_time: 0.0051   lr: 0.0025  max_mem: 2911M
[10/26 19:03:02 d2.utils.events]:  eta: 0:17:40  iter: 1919  total_loss: 0.8584  loss_cls: 0.2184  loss_box_reg: 0.1059  loss_rpn_cls: 0.3165  loss_rpn_loc: 0.2336    time: 0.6080  last_time: 0.7750  data_time: 0.0070  last_data_time: 0.0057   lr: 0.0025  max_mem: 2911M
[10/26 19:03:16 d2.utils.events]:  eta: 0:17:28  iter: 1939  total_loss: 0.9965  loss_cls: 0.2562  loss_box_reg: 0.1149  loss_rpn_cls: 0.343  loss_rpn_loc: 0.1941    time: 0.6093  last_time: 0.9026  data_time: 0.0078  last_data_time: 0.0051   lr: 0.0025  max_mem: 2911M
[10/26 19:03:31 d2.utils.events]:  eta: 0:17:14  iter: 1959  total_loss: 0.9912  loss_cls: 0.2776  loss_box_reg: 0.125  loss_rpn_cls: 0.3484  loss_rpn_loc: 0.2009    time: 0.6105  last_time: 0.6756  data_time: 0.0057  last_data_time: 0.0053   lr: 0.0025  max_mem: 2911M
[10/26 19:03:46 d2.utils.events]:  eta: 0:17:02  iter: 1979  total_loss: 0.9321  loss_cls: 0.3123  loss_box_reg: 0.1431  loss_rpn_cls: 0.3407  loss_rpn_loc: 0.1672    time: 0.6117  last_time: 0.8793  data_time: 0.0075  last_data_time: 0.0056   lr: 0.0025  max_mem: 2911M
[10/26 19:04:00 d2.utils.events]:  eta: 0:16:49  iter: 1999  total_loss: 0.9835  loss_cls: 0.2551  loss_box_reg: 0.1086  loss_rpn_cls: 0.342  loss_rpn_loc: 0.178    time: 0.6127  last_time: 0.7767  data_time: 0.0065  last_data_time: 0.0045   lr: 0.0025  max_mem: 2911M
[10/26 19:04:15 d2.utils.events]:  eta: 0:16:37  iter: 2019  total_loss: 1.009  loss_cls: 0.3152  loss_box_reg: 0.1203  loss_rpn_cls: 0.3252  loss_rpn_loc: 0.1853    time: 0.6139  last_time: 0.6609  data_time: 0.0069  last_data_time: 0.0229   lr: 0.0025  max_mem: 2911M
[10/26 19:04:30 d2.utils.events]:  eta: 0:16:26  iter: 2039  total_loss: 0.9544  loss_cls: 0.2482  loss_box_reg: 0.1033  loss_rpn_cls: 0.2945  loss_rpn_loc: 0.2439    time: 0.6152  last_time: 0.7337  data_time: 0.0073  last_data_time: 0.0057   lr: 0.0025  max_mem: 2911M
[10/26 19:04:44 d2.utils.events]:  eta: 0:16:16  iter: 2059  total_loss: 0.8765  loss_cls: 0.2281  loss_box_reg: 0.09969  loss_rpn_cls: 0.3846  loss_rpn_loc: 0.1733    time: 0.6163  last_time: 0.7932  data_time: 0.0073  last_data_time: 0.0052   lr: 0.0025  max_mem: 2911M
[10/26 19:04:59 d2.utils.events]:  eta: 0:16:03  iter: 2079  total_loss: 0.9826  loss_cls: 0.3123  loss_box_reg: 0.1341  loss_rpn_cls: 0.319  loss_rpn_loc: 0.1814    time: 0.6173  last_time: 0.5463  data_time: 0.0081  last_data_time: 0.0061   lr: 0.0025  max_mem: 2911M
[10/26 19:05:13 d2.utils.events]:  eta: 0:15:54  iter: 2099  total_loss: 0.8697  loss_cls: 0.2533  loss_box_reg: 0.1319  loss_rpn_cls: 0.3069  loss_rpn_loc: 0.1479    time: 0.6183  last_time: 0.7249  data_time: 0.0093  last_data_time: 0.0045   lr: 0.00025  max_mem: 2911M
[10/26 19:05:28 d2.utils.events]:  eta: 0:15:43  iter: 2119  total_loss: 0.8499  loss_cls: 0.2312  loss_box_reg: 0.101  loss_rpn_cls: 0.2797  loss_rpn_loc: 0.155    time: 0.6196  last_time: 0.8485  data_time: 0.0101  last_data_time: 0.0049   lr: 0.00025  max_mem: 2911M
[10/26 19:05:43 d2.utils.events]:  eta: 0:15:33  iter: 2139  total_loss: 0.8378  loss_cls: 0.1958  loss_box_reg: 0.1049  loss_rpn_cls: 0.2626  loss_rpn_loc: 0.2069    time: 0.6207  last_time: 0.6862  data_time: 0.0064  last_data_time: 0.0048   lr: 0.00025  max_mem: 2911M
[10/26 19:05:58 d2.utils.events]:  eta: 0:15:23  iter: 2159  total_loss: 0.7679  loss_cls: 0.2331  loss_box_reg: 0.105  loss_rpn_cls: 0.2826  loss_rpn_loc: 0.1874    time: 0.6218  last_time: 0.5599  data_time: 0.0095  last_data_time: 0.0044   lr: 0.00025  max_mem: 2911M
[10/26 19:06:12 d2.utils.events]:  eta: 0:15:11  iter: 2179  total_loss: 0.9067  loss_cls: 0.1951  loss_box_reg: 0.1027  loss_rpn_cls: 0.3183  loss_rpn_loc: 0.2376    time: 0.6227  last_time: 0.6165  data_time: 0.0090  last_data_time: 0.0054   lr: 0.00025  max_mem: 2911M
[10/26 19:06:27 d2.utils.events]:  eta: 0:15:03  iter: 2199  total_loss: 0.8058  loss_cls: 0.2369  loss_box_reg: 0.1118  loss_rpn_cls: 0.2838  loss_rpn_loc: 0.1823    time: 0.6239  last_time: 0.8334  data_time: 0.0071  last_data_time: 0.0053   lr: 0.00025  max_mem: 2911M
[10/26 19:06:42 d2.utils.events]:  eta: 0:14:51  iter: 2219  total_loss: 0.8911  loss_cls: 0.2294  loss_box_reg: 0.1034  loss_rpn_cls: 0.3366  loss_rpn_loc: 0.1608    time: 0.6248  last_time: 0.6510  data_time: 0.0074  last_data_time: 0.0051   lr: 0.00025  max_mem: 2911M
[10/26 19:06:57 d2.utils.events]:  eta: 0:14:45  iter: 2239  total_loss: 0.9235  loss_cls: 0.2301  loss_box_reg: 0.1259  loss_rpn_cls: 0.2753  loss_rpn_loc: 0.1716    time: 0.6259  last_time: 0.7121  data_time: 0.0081  last_data_time: 0.0043   lr: 0.00025  max_mem: 2911M
[10/26 19:07:11 d2.utils.events]:  eta: 0:14:36  iter: 2259  total_loss: 0.8457  loss_cls: 0.2368  loss_box_reg: 0.1222  loss_rpn_cls: 0.312  loss_rpn_loc: 0.1772    time: 0.6269  last_time: 0.8904  data_time: 0.0083  last_data_time: 0.0054   lr: 0.00025  max_mem: 2911M
[10/26 19:07:26 d2.utils.events]:  eta: 0:14:27  iter: 2279  total_loss: 0.8617  loss_cls: 0.2248  loss_box_reg: 0.1304  loss_rpn_cls: 0.2933  loss_rpn_loc: 0.2171    time: 0.6280  last_time: 0.8002  data_time: 0.0067  last_data_time: 0.0044   lr: 0.00025  max_mem: 2911M
[10/26 19:07:41 d2.utils.events]:  eta: 0:14:17  iter: 2299  total_loss: 0.7604  loss_cls: 0.2077  loss_box_reg: 0.1088  loss_rpn_cls: 0.2942  loss_rpn_loc: 0.1574    time: 0.6289  last_time: 0.5318  data_time: 0.0061  last_data_time: 0.0054   lr: 0.00025  max_mem: 2911M
[10/26 19:07:56 d2.utils.events]:  eta: 0:14:08  iter: 2319  total_loss: 0.8455  loss_cls: 0.2258  loss_box_reg: 0.1029  loss_rpn_cls: 0.3189  loss_rpn_loc: 0.1347    time: 0.6300  last_time: 0.7454  data_time: 0.0086  last_data_time: 0.0048   lr: 0.00025  max_mem: 2911M
[10/26 19:08:11 d2.utils.events]:  eta: 0:13:55  iter: 2339  total_loss: 0.8754  loss_cls: 0.2245  loss_box_reg: 0.1101  loss_rpn_cls: 0.3474  loss_rpn_loc: 0.1602    time: 0.6309  last_time: 0.8214  data_time: 0.0080  last_data_time: 0.0056   lr: 0.00025  max_mem: 2911M
[10/26 19:08:26 d2.utils.events]:  eta: 0:13:40  iter: 2359  total_loss: 0.7648  loss_cls: 0.2429  loss_box_reg: 0.1343  loss_rpn_cls: 0.2724  loss_rpn_loc: 0.1174    time: 0.6318  last_time: 0.5758  data_time: 0.0070  last_data_time: 0.0063   lr: 0.00025  max_mem: 2911M
[10/26 19:08:41 d2.utils.events]:  eta: 0:13:26  iter: 2379  total_loss: 0.8212  loss_cls: 0.2523  loss_box_reg: 0.1187  loss_rpn_cls: 0.2626  loss_rpn_loc: 0.2196    time: 0.6327  last_time: 0.6503  data_time: 0.0078  last_data_time: 0.0064   lr: 0.00025  max_mem: 2911M
[10/26 19:08:55 d2.utils.events]:  eta: 0:13:11  iter: 2399  total_loss: 0.7373  loss_cls: 0.2267  loss_box_reg: 0.1221  loss_rpn_cls: 0.2922  loss_rpn_loc: 0.1066    time: 0.6336  last_time: 0.6157  data_time: 0.0084  last_data_time: 0.0099   lr: 0.00025  max_mem: 2911M
[10/26 19:09:10 d2.utils.events]:  eta: 0:12:56  iter: 2419  total_loss: 0.8312  loss_cls: 0.2047  loss_box_reg: 0.1022  loss_rpn_cls: 0.2717  loss_rpn_loc: 0.1916    time: 0.6345  last_time: 0.8602  data_time: 0.0081  last_data_time: 0.0048   lr: 0.00025  max_mem: 2911M
[10/26 19:09:25 d2.utils.events]:  eta: 0:12:41  iter: 2439  total_loss: 0.7252  loss_cls: 0.1834  loss_box_reg: 0.08942  loss_rpn_cls: 0.2845  loss_rpn_loc: 0.1399    time: 0.6353  last_time: 0.7126  data_time: 0.0059  last_data_time: 0.0055   lr: 0.00025  max_mem: 2911M
[10/26 19:09:40 d2.utils.events]:  eta: 0:12:27  iter: 2459  total_loss: 0.8295  loss_cls: 0.2452  loss_box_reg: 0.1248  loss_rpn_cls: 0.2813  loss_rpn_loc: 0.1271    time: 0.6361  last_time: 0.7550  data_time: 0.0088  last_data_time: 0.0055   lr: 0.00025  max_mem: 2911M
[10/26 19:09:54 d2.utils.events]:  eta: 0:12:13  iter: 2479  total_loss: 0.7693  loss_cls: 0.1923  loss_box_reg: 0.09666  loss_rpn_cls: 0.298  loss_rpn_loc: 0.1744    time: 0.6369  last_time: 0.9067  data_time: 0.0069  last_data_time: 0.0047   lr: 0.00025  max_mem: 2911M
[10/26 19:10:08 d2.utils.events]:  eta: 0:11:58  iter: 2499  total_loss: 0.7486  loss_cls: 0.2102  loss_box_reg: 0.1087  loss_rpn_cls: 0.2662  loss_rpn_loc: 0.181    time: 0.6374  last_time: 0.5786  data_time: 0.0070  last_data_time: 0.0164   lr: 0.00025  max_mem: 2911M
[10/26 19:10:23 d2.utils.events]:  eta: 0:11:42  iter: 2519  total_loss: 0.7987  loss_cls: 0.2213  loss_box_reg: 0.1203  loss_rpn_cls: 0.2547  loss_rpn_loc: 0.147    time: 0.6381  last_time: 0.8095  data_time: 0.0070  last_data_time: 0.0124   lr: 0.00025  max_mem: 2911M
[10/26 19:10:37 d2.utils.events]:  eta: 0:11:27  iter: 2539  total_loss: 0.696  loss_cls: 0.1697  loss_box_reg: 0.08574  loss_rpn_cls: 0.2965  loss_rpn_loc: 0.1366    time: 0.6386  last_time: 0.8824  data_time: 0.0071  last_data_time: 0.0046   lr: 0.00025  max_mem: 2911M
[10/26 19:10:52 d2.utils.events]:  eta: 0:11:13  iter: 2559  total_loss: 0.874  loss_cls: 0.2396  loss_box_reg: 0.1223  loss_rpn_cls: 0.3174  loss_rpn_loc: 0.1488    time: 0.6395  last_time: 0.9049  data_time: 0.0072  last_data_time: 0.0045   lr: 0.00025  max_mem: 2911M
[10/26 19:11:06 d2.utils.events]:  eta: 0:10:58  iter: 2579  total_loss: 0.7754  loss_cls: 0.2062  loss_box_reg: 0.0967  loss_rpn_cls: 0.2853  loss_rpn_loc: 0.1561    time: 0.6400  last_time: 0.6064  data_time: 0.0080  last_data_time: 0.0215   lr: 0.00025  max_mem: 2911M
[10/26 19:11:21 d2.utils.events]:  eta: 0:10:43  iter: 2599  total_loss: 0.7524  loss_cls: 0.1909  loss_box_reg: 0.1034  loss_rpn_cls: 0.2666  loss_rpn_loc: 0.1385    time: 0.6408  last_time: 0.6716  data_time: 0.0079  last_data_time: 0.0103   lr: 0.00025  max_mem: 2911M
[10/26 19:11:35 d2.utils.events]:  eta: 0:10:29  iter: 2619  total_loss: 0.8273  loss_cls: 0.2089  loss_box_reg: 0.09601  loss_rpn_cls: 0.2683  loss_rpn_loc: 0.2015    time: 0.6414  last_time: 0.8353  data_time: 0.0075  last_data_time: 0.0040   lr: 0.00025  max_mem: 2911M
[10/26 19:11:50 d2.utils.events]:  eta: 0:10:15  iter: 2639  total_loss: 0.8131  loss_cls: 0.2233  loss_box_reg: 0.111  loss_rpn_cls: 0.285  loss_rpn_loc: 0.1138    time: 0.6419  last_time: 0.6403  data_time: 0.0084  last_data_time: 0.0199   lr: 0.00025  max_mem: 2911M
[10/26 19:12:04 d2.utils.events]:  eta: 0:10:00  iter: 2659  total_loss: 0.7073  loss_cls: 0.1734  loss_box_reg: 0.1023  loss_rpn_cls: 0.2792  loss_rpn_loc: 0.1823    time: 0.6426  last_time: 0.7343  data_time: 0.0082  last_data_time: 0.0038   lr: 0.00025  max_mem: 2911M
[10/26 19:12:19 d2.utils.events]:  eta: 0:09:45  iter: 2679  total_loss: 0.822  loss_cls: 0.241  loss_box_reg: 0.1247  loss_rpn_cls: 0.3198  loss_rpn_loc: 0.1772    time: 0.6434  last_time: 0.8218  data_time: 0.0095  last_data_time: 0.0058   lr: 0.00025  max_mem: 2911M
[10/26 19:12:34 d2.utils.events]:  eta: 0:09:30  iter: 2699  total_loss: 0.7956  loss_cls: 0.2007  loss_box_reg: 0.09151  loss_rpn_cls: 0.3154  loss_rpn_loc: 0.1725    time: 0.6440  last_time: 0.6523  data_time: 0.0105  last_data_time: 0.0232   lr: 0.00025  max_mem: 2911M
[10/26 19:12:49 d2.utils.events]:  eta: 0:09:15  iter: 2719  total_loss: 0.8111  loss_cls: 0.2172  loss_box_reg: 0.1076  loss_rpn_cls: 0.3306  loss_rpn_loc: 0.1488    time: 0.6448  last_time: 0.6980  data_time: 0.0083  last_data_time: 0.0221   lr: 0.00025  max_mem: 2911M
[10/26 19:13:04 d2.utils.events]:  eta: 0:09:02  iter: 2739  total_loss: 0.7028  loss_cls: 0.2  loss_box_reg: 0.1167  loss_rpn_cls: 0.2439  loss_rpn_loc: 0.1207    time: 0.6455  last_time: 0.7782  data_time: 0.0059  last_data_time: 0.0052   lr: 0.00025  max_mem: 2911M
[10/26 19:13:19 d2.utils.events]:  eta: 0:08:47  iter: 2759  total_loss: 0.8515  loss_cls: 0.1947  loss_box_reg: 0.1177  loss_rpn_cls: 0.3043  loss_rpn_loc: 0.1945    time: 0.6463  last_time: 0.8965  data_time: 0.0068  last_data_time: 0.0052   lr: 0.00025  max_mem: 2911M
[10/26 19:13:33 d2.utils.events]:  eta: 0:08:32  iter: 2779  total_loss: 0.7549  loss_cls: 0.1886  loss_box_reg: 0.0967  loss_rpn_cls: 0.2561  loss_rpn_loc: 0.2044    time: 0.6469  last_time: 0.5664  data_time: 0.0064  last_data_time: 0.0050   lr: 2.5e-05  max_mem: 2911M
[10/26 19:13:48 d2.utils.events]:  eta: 0:08:18  iter: 2799  total_loss: 0.89  loss_cls: 0.2177  loss_box_reg: 0.1211  loss_rpn_cls: 0.3285  loss_rpn_loc: 0.2032    time: 0.6476  last_time: 0.8485  data_time: 0.0073  last_data_time: 0.0055   lr: 2.5e-05  max_mem: 2911M
[10/26 19:14:03 d2.utils.events]:  eta: 0:08:03  iter: 2819  total_loss: 0.7876  loss_cls: 0.1968  loss_box_reg: 0.09849  loss_rpn_cls: 0.2644  loss_rpn_loc: 0.1787    time: 0.6481  last_time: 0.8484  data_time: 0.0087  last_data_time: 0.0051   lr: 2.5e-05  max_mem: 2911M
[10/26 19:14:12 d2.utils.events]:  eta: 0:07:46  iter: 2839  total_loss: 0.718  loss_cls: 0.1754  loss_box_reg: 0.1028  loss_rpn_cls: 0.279  loss_rpn_loc: 0.1606    time: 0.6468  last_time: 0.4096  data_time: 0.0063  last_data_time: 0.0040   lr: 2.5e-05  max_mem: 2911M
[10/26 19:14:20 d2.utils.events]:  eta: 0:07:30  iter: 2859  total_loss: 0.7517  loss_cls: 0.2155  loss_box_reg: 0.1122  loss_rpn_cls: 0.2778  loss_rpn_loc: 0.1555    time: 0.6452  last_time: 0.4036  data_time: 0.0054  last_data_time: 0.0072   lr: 2.5e-05  max_mem: 2911M
[10/26 19:14:28 d2.utils.events]:  eta: 0:07:13  iter: 2879  total_loss: 0.7507  loss_cls: 0.2004  loss_box_reg: 0.1015  loss_rpn_cls: 0.2673  loss_rpn_loc: 0.152    time: 0.6434  last_time: 0.3807  data_time: 0.0049  last_data_time: 0.0046   lr: 2.5e-05  max_mem: 2911M
[10/26 19:14:36 d2.utils.events]:  eta: 0:06:56  iter: 2899  total_loss: 0.7278  loss_cls: 0.166  loss_box_reg: 0.09255  loss_rpn_cls: 0.2745  loss_rpn_loc: 0.1914    time: 0.6416  last_time: 0.3815  data_time: 0.0048  last_data_time: 0.0046   lr: 2.5e-05  max_mem: 2911M
[10/26 19:14:44 d2.utils.events]:  eta: 0:06:39  iter: 2919  total_loss: 0.7317  loss_cls: 0.1922  loss_box_reg: 0.09501  loss_rpn_cls: 0.2725  loss_rpn_loc: 0.1288    time: 0.6399  last_time: 0.4084  data_time: 0.0051  last_data_time: 0.0055   lr: 2.5e-05  max_mem: 2911M
[10/26 19:14:52 d2.utils.events]:  eta: 0:06:22  iter: 2939  total_loss: 0.8204  loss_cls: 0.2408  loss_box_reg: 0.1162  loss_rpn_cls: 0.309  loss_rpn_loc: 0.138    time: 0.6382  last_time: 0.4007  data_time: 0.0050  last_data_time: 0.0054   lr: 2.5e-05  max_mem: 2911M
[10/26 19:15:00 d2.utils.events]:  eta: 0:06:05  iter: 2959  total_loss: 0.7885  loss_cls: 0.2282  loss_box_reg: 0.1045  loss_rpn_cls: 0.2791  loss_rpn_loc: 0.1326    time: 0.6365  last_time: 0.3606  data_time: 0.0056  last_data_time: 0.0049   lr: 2.5e-05  max_mem: 2911M
[10/26 19:15:07 d2.utils.events]:  eta: 0:05:50  iter: 2979  total_loss: 0.7077  loss_cls: 0.1825  loss_box_reg: 0.09399  loss_rpn_cls: 0.295  loss_rpn_loc: 0.1286    time: 0.6349  last_time: 0.3699  data_time: 0.0051  last_data_time: 0.0043   lr: 2.5e-05  max_mem: 2911M
[10/26 19:15:15 d2.utils.events]:  eta: 0:05:34  iter: 2999  total_loss: 0.7864  loss_cls: 0.2453  loss_box_reg: 0.1332  loss_rpn_cls: 0.259  loss_rpn_loc: 0.1523    time: 0.6332  last_time: 0.3926  data_time: 0.0051  last_data_time: 0.0058   lr: 2.5e-05  max_mem: 2911M
[10/26 19:15:23 d2.utils.events]:  eta: 0:05:18  iter: 3019  total_loss: 0.7911  loss_cls: 0.2211  loss_box_reg: 0.1164  loss_rpn_cls: 0.3133  loss_rpn_loc: 0.1126    time: 0.6315  last_time: 0.3902  data_time: 0.0049  last_data_time: 0.0050   lr: 2.5e-05  max_mem: 2911M
[10/26 19:15:30 d2.utils.events]:  eta: 0:05:01  iter: 3039  total_loss: 0.7424  loss_cls: 0.2216  loss_box_reg: 0.1136  loss_rpn_cls: 0.271  loss_rpn_loc: 0.1553    time: 0.6298  last_time: 0.3724  data_time: 0.0050  last_data_time: 0.0045   lr: 2.5e-05  max_mem: 2911M
[10/26 19:15:38 d2.utils.events]:  eta: 0:04:45  iter: 3059  total_loss: 0.7109  loss_cls: 0.1906  loss_box_reg: 0.08495  loss_rpn_cls: 0.2296  loss_rpn_loc: 0.1761    time: 0.6282  last_time: 0.3767  data_time: 0.0051  last_data_time: 0.0047   lr: 2.5e-05  max_mem: 2911M
[10/26 19:15:46 d2.utils.events]:  eta: 0:04:28  iter: 3079  total_loss: 0.8437  loss_cls: 0.2478  loss_box_reg: 0.1209  loss_rpn_cls: 0.3208  loss_rpn_loc: 0.1944    time: 0.6267  last_time: 0.3792  data_time: 0.0049  last_data_time: 0.0052   lr: 2.5e-05  max_mem: 2911M
[10/26 19:15:53 d2.utils.events]:  eta: 0:04:11  iter: 3099  total_loss: 0.7511  loss_cls: 0.1944  loss_box_reg: 0.1158  loss_rpn_cls: 0.284  loss_rpn_loc: 0.1317    time: 0.6251  last_time: 0.3634  data_time: 0.0049  last_data_time: 0.0040   lr: 2.5e-05  max_mem: 2911M
[10/26 19:16:01 d2.utils.events]:  eta: 0:03:54  iter: 3119  total_loss: 0.8176  loss_cls: 0.2085  loss_box_reg: 0.1161  loss_rpn_cls: 0.2552  loss_rpn_loc: 0.2033    time: 0.6236  last_time: 0.3935  data_time: 0.0050  last_data_time: 0.0054   lr: 2.5e-05  max_mem: 2911M
[10/26 19:16:09 d2.utils.events]:  eta: 0:03:36  iter: 3139  total_loss: 0.8427  loss_cls: 0.2503  loss_box_reg: 0.1197  loss_rpn_cls: 0.2826  loss_rpn_loc: 0.2238    time: 0.6221  last_time: 0.3721  data_time: 0.0051  last_data_time: 0.0050   lr: 2.5e-05  max_mem: 2911M
[10/26 19:16:17 d2.utils.events]:  eta: 0:03:23  iter: 3159  total_loss: 0.7578  loss_cls: 0.2061  loss_box_reg: 0.09582  loss_rpn_cls: 0.2879  loss_rpn_loc: 0.1513    time: 0.6206  last_time: 0.4082  data_time: 0.0048  last_data_time: 0.0049   lr: 2.5e-05  max_mem: 2911M
[10/26 19:16:24 d2.utils.events]:  eta: 0:03:07  iter: 3179  total_loss: 0.8225  loss_cls: 0.2278  loss_box_reg: 0.1112  loss_rpn_cls: 0.2688  loss_rpn_loc: 0.1828    time: 0.6191  last_time: 0.3849  data_time: 0.0049  last_data_time: 0.0054   lr: 2.5e-05  max_mem: 2911M
[10/26 19:16:32 d2.utils.events]:  eta: 0:02:52  iter: 3199  total_loss: 0.8115  loss_cls: 0.2069  loss_box_reg: 0.08803  loss_rpn_cls: 0.3138  loss_rpn_loc: 0.1543    time: 0.6177  last_time: 0.3644  data_time: 0.0051  last_data_time: 0.0046   lr: 2.5e-05  max_mem: 2911M
[10/26 19:16:40 d2.utils.events]:  eta: 0:02:37  iter: 3219  total_loss: 0.7615  loss_cls: 0.2006  loss_box_reg: 0.1038  loss_rpn_cls: 0.2838  loss_rpn_loc: 0.1665    time: 0.6162  last_time: 0.3636  data_time: 0.0050  last_data_time: 0.0046   lr: 2.5e-05  max_mem: 2911M
[10/26 19:16:48 d2.utils.events]:  eta: 0:02:21  iter: 3239  total_loss: 0.8477  loss_cls: 0.215  loss_box_reg: 0.1084  loss_rpn_cls: 0.2837  loss_rpn_loc: 0.1959    time: 0.6148  last_time: 0.3585  data_time: 0.0047  last_data_time: 0.0047   lr: 2.5e-05  max_mem: 2911M
[10/26 19:16:55 d2.utils.events]:  eta: 0:02:05  iter: 3259  total_loss: 0.7452  loss_cls: 0.1734  loss_box_reg: 0.09884  loss_rpn_cls: 0.2391  loss_rpn_loc: 0.1657    time: 0.6134  last_time: 0.4032  data_time: 0.0048  last_data_time: 0.0049   lr: 2.5e-05  max_mem: 2911M
[10/26 19:17:03 d2.utils.events]:  eta: 0:01:49  iter: 3279  total_loss: 0.7374  loss_cls: 0.229  loss_box_reg: 0.1242  loss_rpn_cls: 0.2467  loss_rpn_loc: 0.1518    time: 0.6120  last_time: 0.3757  data_time: 0.0050  last_data_time: 0.0056   lr: 2.5e-05  max_mem: 2911M
[10/26 19:17:11 d2.utils.events]:  eta: 0:01:34  iter: 3299  total_loss: 0.7524  loss_cls: 0.2028  loss_box_reg: 0.1038  loss_rpn_cls: 0.2709  loss_rpn_loc: 0.1691    time: 0.6107  last_time: 0.3836  data_time: 0.0050  last_data_time: 0.0051   lr: 2.5e-05  max_mem: 2911M
[10/26 19:17:19 d2.utils.events]:  eta: 0:01:15  iter: 3319  total_loss: 0.6872  loss_cls: 0.1708  loss_box_reg: 0.1038  loss_rpn_cls: 0.2756  loss_rpn_loc: 0.1307    time: 0.6093  last_time: 0.3797  data_time: 0.0051  last_data_time: 0.0057   lr: 2.5e-05  max_mem: 2911M
[10/26 19:17:26 d2.utils.events]:  eta: 0:00:56  iter: 3339  total_loss: 0.7815  loss_cls: 0.1962  loss_box_reg: 0.09264  loss_rpn_cls: 0.2751  loss_rpn_loc: 0.1444    time: 0.6080  last_time: 0.3916  data_time: 0.0047  last_data_time: 0.0044   lr: 2.5e-05  max_mem: 2911M
[10/26 19:17:34 d2.utils.events]:  eta: 0:00:45  iter: 3359  total_loss: 0.7859  loss_cls: 0.2321  loss_box_reg: 0.1168  loss_rpn_cls: 0.2505  loss_rpn_loc: 0.1505    time: 0.6066  last_time: 0.3949  data_time: 0.0050  last_data_time: 0.0047   lr: 2.5e-05  max_mem: 2911M
[10/26 19:17:42 d2.utils.events]:  eta: 0:00:37  iter: 3379  total_loss: 0.8052  loss_cls: 0.195  loss_box_reg: 0.08642  loss_rpn_cls: 0.2698  loss_rpn_loc: 0.1053    time: 0.6053  last_time: 0.3855  data_time: 0.0049  last_data_time: 0.0064   lr: 2.5e-05  max_mem: 2911M
[10/26 19:17:50 d2.utils.events]:  eta: 0:00:29  iter: 3399  total_loss: 0.7006  loss_cls: 0.174  loss_box_reg: 0.09702  loss_rpn_cls: 0.2992  loss_rpn_loc: 0.1323    time: 0.6040  last_time: 0.3777  data_time: 0.0051  last_data_time: 0.0049   lr: 2.5e-05  max_mem: 2911M
[10/26 19:17:57 d2.utils.events]:  eta: 0:00:20  iter: 3419  total_loss: 0.698  loss_cls: 0.185  loss_box_reg: 0.1133  loss_rpn_cls: 0.2494  loss_rpn_loc: 0.1714    time: 0.6028  last_time: 0.3851  data_time: 0.0048  last_data_time: 0.0051   lr: 2.5e-05  max_mem: 2911M
[10/26 19:18:05 d2.utils.events]:  eta: 0:00:12  iter: 3439  total_loss: 0.7782  loss_cls: 0.1973  loss_box_reg: 0.1038  loss_rpn_cls: 0.3019  loss_rpn_loc: 0.1791    time: 0.6015  last_time: 0.3770  data_time: 0.0055  last_data_time: 0.0049   lr: 2.5e-05  max_mem: 2911M
[10/26 19:18:13 d2.utils.events]:  eta: 0:00:04  iter: 3459  total_loss: 0.7053  loss_cls: 0.2177  loss_box_reg: 0.09385  loss_rpn_cls: 0.2922  loss_rpn_loc: 0.1456    time: 0.6002  last_time: 0.3660  data_time: 0.0049  last_data_time: 0.0048   lr: 2.5e-05  max_mem: 2911M
[10/26 19:18:17 fvcore.common.checkpoint]: Saving checkpoint to /home/turje87/DeFRCN/outputs_codetr_2x/OD25_0/base_model/model_final.pth
[10/26 19:18:21 d2.utils.events]:  eta: 0:00:00  iter: 3471  total_loss: 0.6737  loss_cls: 0.1805  loss_box_reg: 0.1005  loss_rpn_cls: 0.246  loss_rpn_loc: 0.1307    time: 0.5995  last_time: 0.3749  data_time: 0.0054  last_data_time: 0.0051   lr: 2.5e-05  max_mem: 2911M
[10/26 19:18:21 d2.engine.hooks]: Overall training speed: 3470 iterations in 0:34:40 (0.5995 s / it)
[10/26 19:18:21 d2.engine.hooks]: Total training time: 0:34:46 (0:00:06 on hooks)
WARNING [10/26 19:18:21 d2.data.datasets.coco]: 
Category ids in annotations are not in [1, #categories]! We'll apply a mapping for you.

[10/26 19:18:21 d2.data.datasets.coco]: Loaded 436 images in COCO format from /home/turje87/DeFRCN/datasets/vizwiz/annotations/OD25_0/instances_val_base.json
[10/26 19:18:21 defrcn.dataloader.dataset_mapper]: [DatasetMapper] Augmentations used in inference: [ResizeShortestEdge(short_edge_length=(800, 800), max_size=1333, sample_style='choice')]
[10/26 19:18:21 d2.data.common]: Serializing the dataset using: <class 'detectron2.data.common._TorchSerializedList'>
[10/26 19:18:21 d2.data.common]: Serializing 436 elements to byte tensors and concatenating them all ...
[10/26 19:18:21 d2.data.common]: Serialized dataset takes 0.14 MiB
[10/26 19:18:21 defrcn.evaluation.evaluator]: Start inference on 436 images
[10/26 19:18:26 defrcn.evaluation.evaluator]: Inference done 50/436. 0.0722 s / img. ETA=0:00:27
[10/26 19:18:29 defrcn.evaluation.evaluator]: Inference done 100/436. 0.0703 s / img. ETA=0:00:23
[10/26 19:18:32 defrcn.evaluation.evaluator]: Inference done 150/436. 0.0701 s / img. ETA=0:00:20
[10/26 19:18:36 defrcn.evaluation.evaluator]: Inference done 200/436. 0.0695 s / img. ETA=0:00:16
[10/26 19:18:39 defrcn.evaluation.evaluator]: Inference done 250/436. 0.0696 s / img. ETA=0:00:12
[10/26 19:18:43 defrcn.evaluation.evaluator]: Inference done 300/436. 0.0691 s / img. ETA=0:00:09
[10/26 19:18:46 defrcn.evaluation.evaluator]: Inference done 350/436. 0.0690 s / img. ETA=0:00:05
[10/26 19:18:50 defrcn.evaluation.evaluator]: Inference done 400/436. 0.0692 s / img. ETA=0:00:02
[10/26 19:18:52 defrcn.evaluation.evaluator]: Total inference time: 0:00:29 (0.067285 s / img per device, on 1 devices)
[10/26 19:18:52 defrcn.evaluation.evaluator]: Total inference pure compute time: 0:00:28 (0.065872 s / img per device, on 1 devices)
[10/26 19:18:52 defrcn.evaluation.coco_evaluation]: Preparing results for COCO format ...
[10/26 19:18:52 defrcn.evaluation.coco_evaluation]: Saving results to /home/turje87/DeFRCN/outputs_codetr_2x/OD25_0/base_model/inference/coco_instances_results.json
[10/26 19:18:52 defrcn.evaluation.coco_evaluation]: Evaluating predictions ...
Loading and preparing results...
DONE (t=0.00s)
creating index...
index created!
Running per image evaluation...
Evaluate annotation type *bbox*
DONE (t=0.35s).
Accumulating evaluation results...
DONE (t=0.14s).
 Average Precision  (AP) @[ IoU=0.50:0.95 | area=   all | maxDets=100 ] = 0.001
 Average Precision  (AP) @[ IoU=0.50      | area=   all | maxDets=100 ] = 0.003
 Average Precision  (AP) @[ IoU=0.75      | area=   all | maxDets=100 ] = 0.000
 Average Precision  (AP) @[ IoU=0.50:0.95 | area= small | maxDets=100 ] = -1.000
 Average Precision  (AP) @[ IoU=0.50:0.95 | area=medium | maxDets=100 ] = 0.000
 Average Precision  (AP) @[ IoU=0.50:0.95 | area= large | maxDets=100 ] = 0.001
 Average Recall     (AR) @[ IoU=0.50:0.95 | area=   all | maxDets=  1 ] = 0.003
 Average Recall     (AR) @[ IoU=0.50:0.95 | area=   all | maxDets= 10 ] = 0.004
 Average Recall     (AR) @[ IoU=0.50:0.95 | area=   all | maxDets=100 ] = 0.004
 Average Recall     (AR) @[ IoU=0.50:0.95 | area= small | maxDets=100 ] = -1.000
 Average Recall     (AR) @[ IoU=0.50:0.95 | area=medium | maxDets=100 ] = 0.000
 Average Recall     (AR) @[ IoU=0.50:0.95 | area= large | maxDets=100 ] = 0.004
[10/26 19:18:53 defrcn.evaluation.coco_evaluation]: Evaluation results for bbox: 
|  AP   |  AP50  |  AP75  |   APs    |  APm  |  APl  |
|:-----:|:------:|:------:|:--------:|:-----:|:-----:|
| 0.065 | 0.251  | 0.034  | -100.000 | 0.000 | 0.067 |
[10/26 19:18:53 defrcn.engine.defaults]: Evaluation results for vizwiz_OD25_0_val_base in csv format:
[10/26 19:18:53 defrcn.evaluation.testing]: copypaste: Task: bbox
[10/26 19:18:53 defrcn.evaluation.testing]: copypaste: bAP,bAP50,bAP75,bAPs,bAPm,bAPl,AP
[10/26 19:18:53 defrcn.evaluation.testing]: copypaste: 0.0654,0.2513,0.0338,-100.0000,0.0000,0.0669,0.0654
✅ Base training complete for OD25_0

🔧 Model Surgery: Removing classification head
----------------------------------------
save changed ckpt to /home/turje87/DeFRCN/outputs_codetr_2x/OD25_0/base_model/model_reset_remove.pth
✅ Model surgery complete

📊 STAGE 2: Few-Shot Fine-Tuning (1-shot, 1400 iterations)
----------------------------------------
Config: /home/turje87/DeFRCN/configs/vizwiz_det_r101_novel_1shot.yaml
Output: /home/turje87/DeFRCN/outputs_codetr_2x/OD25_0/novel_1shot
K-shot: 1
Iterations: 1400

✅ Registered VizWiz datasets for 4 folds with k-shot variants
[10/26 19:19:02 detectron2]: Rank of current process: 0. World size: 1
[10/26 19:19:02 detectron2]: Command line arguments: Namespace(config_file='/home/turje87/DeFRCN/configs/vizwiz_det_r101_novel_1shot.yaml', resume=False, eval_only=False, eval_all=False, eval_during_train=False, eval_iter=-1, start_iter=-1, end_iter=-1, num_gpus=1, num_machines=1, machine_rank=0, dist_url='tcp://127.0.0.1:50154', opts=['MODEL.WEIGHTS', '/home/turje87/DeFRCN/outputs_codetr_2x/OD25_0/base_model/model_reset_remove.pth', 'OUTPUT_DIR', '/home/turje87/DeFRCN/outputs_codetr_2x/OD25_0/novel_1shot', 'SOLVER.IMS_PER_BATCH', '8', 'SOLVER.BASE_LR', '0.001', 'SOLVER.MAX_ITER', '1400', 'SOLVER.STEPS', '(840,1120)', 'SOLVER.WEIGHT_DECAY', '0.0001', 'SOLVER.WEIGHT_DECAY_BIAS', '0.0001', 'SOLVER.CHECKPOINT_PERIOD', '500', 'TEST.EVAL_PERIOD', '500', 'DATASETS.TRAIN', "('vizwiz_OD25_0_train_novel_1shot',)", 'DATASETS.TEST', "('vizwiz_OD25_0_val_novel',)", 'TEST.PCB_MODELPATH', '/home/turje87/DeFRCN/imagenet_pretrain/torchvision/resnet101-5d3b4d8f.pth'])
[10/26 19:19:02 detectron2]: Contents of args.config_file=/home/turje87/DeFRCN/configs/vizwiz_det_r101_novel_1shot.yaml:
_BASE_: "Base-RCNN.yaml"
MODEL:
  WEIGHTS: ""
  MASK_ON: False
  RESNETS:
    DEPTH: 101
  BACKBONE:
    FREEZE_AT: 0
  ROI_HEADS:
    NUM_CLASSES: 100  # 75 base + 25 novel = 100 total (FIXED from 101)
    SCORE_THRESH_TEST: 0.05
    BATCH_SIZE_PER_IMAGE: 128
INPUT:
  MIN_SIZE_TRAIN: (480, 512, 544, 576, 608, 640, 672, 704, 736, 768, 800)
  MIN_SIZE_TEST: 800
DATASETS:
  TRAIN: ('vizwiz_OD25_0_train_novel_1shot',)
  TEST: ('vizwiz_OD25_0_val_novel',)
SOLVER:
  IMS_PER_BATCH: 8
  BASE_LR: 0.001
  WEIGHT_DECAY: 0.0001
  WEIGHT_DECAY_BIAS: 0.0001
  WEIGHT_DECAY_NORM: 0.0
  STEPS: (840, 1120)
  MAX_ITER: 1400
  WARMUP_ITERS: 100
  CHECKPOINT_PERIOD: 10000
TEST:
  EVAL_PERIOD: 500
  PCB_ENABLE: True  # Enable Prototypical Calibration Block for few-shot
  PCB_MODELPATH: ""
OUTPUT_DIR: "./outputs/OD25_0/novel_1shot"


[10/26 19:19:02 detectron2]: Full config saved to /home/turje87/DeFRCN/outputs_codetr_2x/OD25_0/novel_1shot/config.yaml
[10/26 19:19:02 d2.utils.env]: Using a generated random seed 2858709
WARNING [10/26 19:19:03 d2.data.datasets.coco]: 
Category ids in annotations are not in [1, #categories]! We'll apply a mapping for you.

[10/26 19:19:03 d2.data.datasets.coco]: Loaded 25 images in COCO format from /home/turje87/DeFRCN/datasets/vizwiz/annotations/OD25_0/instances_train_novel_1shot.json
[10/26 19:19:03 defrcn.dataloader.build]: Removed 0 images with no usable annotations. 25 images left.
[10/26 19:19:03 defrcn.dataloader.dataset_mapper]: [DatasetMapper] Augmentations used in training: [ResizeShortestEdge(short_edge_length=(480, 512, 544, 576, 608, 640, 672, 704, 736, 768, 800), max_size=1333, sample_style='choice'), RandomFlip()]
[10/26 19:19:03 defrcn.dataloader.build]: Using training sampler TrainingSampler
[10/26 19:19:03 d2.data.common]: Serializing the dataset using: <class 'detectron2.data.common._TorchSerializedList'>
[10/26 19:19:03 d2.data.common]: Serializing 25 elements to byte tensors and concatenating them all ...
[10/26 19:19:03 d2.data.common]: Serialized dataset takes 0.01 MiB
[10/26 19:19:03 fvcore.common.checkpoint]: [Checkpointer] Loading from /home/turje87/DeFRCN/outputs_codetr_2x/OD25_0/base_model/model_reset_remove.pth ...
[10/26 19:19:03 d2.engine.train_loop]: Starting training from iteration 1
/home/turje87/miniconda/envs/defrcn-cu121/lib/python3.10/site-packages/torch/functional.py:504: UserWarning: torch.meshgrid: in an upcoming release, it will be required to pass the indexing argument. (Triggered internally at ../aten/src/ATen/native/TensorShape.cpp:3526.)
  return _VF.meshgrid(tensors, **kwargs)  # type: ignore[attr-defined]
[10/26 19:19:27 d2.utils.events]:  eta: 0:27:18  iter: 19  total_loss: 2.162  loss_cls: 1.225  loss_box_reg: 0.2526  loss_rpn_cls: 0.3765  loss_rpn_loc: 0.1262    time: 1.1517  last_time: 0.8628  data_time: 0.0625  last_data_time: 0.0220   lr: 0.00018082  max_mem: 9328M
[10/26 19:19:50 d2.utils.events]:  eta: 0:27:15  iter: 39  total_loss: 1.366  loss_cls: 0.6346  loss_box_reg: 0.2066  loss_rpn_cls: 0.3544  loss_rpn_loc: 0.1113    time: 1.1557  last_time: 1.2263  data_time: 0.0390  last_data_time: 0.0217   lr: 0.00038062  max_mem: 9328M
[10/26 19:20:13 d2.utils.events]:  eta: 0:26:43  iter: 59  total_loss: 1.325  loss_cls: 0.6232  loss_box_reg: 0.2263  loss_rpn_cls: 0.3467  loss_rpn_loc: 0.1053    time: 1.1503  last_time: 1.2092  data_time: 0.0352  last_data_time: 0.0286   lr: 0.00058042  max_mem: 9328M
[10/26 19:20:36 d2.utils.events]:  eta: 0:26:19  iter: 79  total_loss: 1.336  loss_cls: 0.547  loss_box_reg: 0.2377  loss_rpn_cls: 0.4145  loss_rpn_loc: 0.1218    time: 1.1503  last_time: 1.2828  data_time: 0.0424  last_data_time: 0.0916   lr: 0.00078022  max_mem: 9328M
[10/26 19:20:58 d2.utils.events]:  eta: 0:25:43  iter: 99  total_loss: 1.54  loss_cls: 0.7399  loss_box_reg: 0.317  loss_rpn_cls: 0.3764  loss_rpn_loc: 0.1353    time: 1.1454  last_time: 1.2228  data_time: 0.0356  last_data_time: 0.0233   lr: 0.00098002  max_mem: 9328M
[10/26 19:21:21 d2.utils.events]:  eta: 0:25:16  iter: 119  total_loss: 1.63  loss_cls: 0.6891  loss_box_reg: 0.2524  loss_rpn_cls: 0.4543  loss_rpn_loc: 0.2033    time: 1.1455  last_time: 1.1027  data_time: 0.0385  last_data_time: 0.0384   lr: 0.001  max_mem: 9328M
[10/26 19:21:45 d2.utils.events]:  eta: 0:24:56  iter: 139  total_loss: 1.773  loss_cls: 0.8702  loss_box_reg: 0.2653  loss_rpn_cls: 0.4616  loss_rpn_loc: 0.1613    time: 1.1481  last_time: 1.2819  data_time: 0.0527  last_data_time: 0.0907   lr: 0.001  max_mem: 9328M
[10/26 19:22:07 d2.utils.events]:  eta: 0:24:34  iter: 159  total_loss: 1.524  loss_cls: 0.6815  loss_box_reg: 0.2012  loss_rpn_cls: 0.5231  loss_rpn_loc: 0.1575    time: 1.1476  last_time: 1.1099  data_time: 0.0526  last_data_time: 0.0422   lr: 0.001  max_mem: 9329M
[10/26 19:22:31 d2.utils.events]:  eta: 0:24:14  iter: 179  total_loss: 1.464  loss_cls: 0.5749  loss_box_reg: 0.231  loss_rpn_cls: 0.4223  loss_rpn_loc: 0.1733    time: 1.1492  last_time: 1.1716  data_time: 0.0489  last_data_time: 0.0189   lr: 0.001  max_mem: 9329M
[10/26 19:22:54 d2.utils.events]:  eta: 0:23:52  iter: 199  total_loss: 1.456  loss_cls: 0.6891  loss_box_reg: 0.291  loss_rpn_cls: 0.4039  loss_rpn_loc: 0.1544    time: 1.1497  last_time: 1.2093  data_time: 0.0435  last_data_time: 0.0232   lr: 0.001  max_mem: 9329M
[10/26 19:23:17 d2.utils.events]:  eta: 0:23:28  iter: 219  total_loss: 1.366  loss_cls: 0.5736  loss_box_reg: 0.2431  loss_rpn_cls: 0.3591  loss_rpn_loc: 0.1629    time: 1.1492  last_time: 1.2048  data_time: 0.0376  last_data_time: 0.0398   lr: 0.001  max_mem: 9329M
[10/26 19:23:41 d2.utils.events]:  eta: 0:23:07  iter: 239  total_loss: 1.29  loss_cls: 0.5338  loss_box_reg: 0.233  loss_rpn_cls: 0.351  loss_rpn_loc: 0.1622    time: 1.1530  last_time: 1.2152  data_time: 0.0531  last_data_time: 0.0295   lr: 0.001  max_mem: 9329M
[10/26 19:24:04 d2.utils.events]:  eta: 0:22:48  iter: 259  total_loss: 1.298  loss_cls: 0.5745  loss_box_reg: 0.2413  loss_rpn_cls: 0.3326  loss_rpn_loc: 0.1776    time: 1.1546  last_time: 1.0941  data_time: 0.0434  last_data_time: 0.0193   lr: 0.001  max_mem: 9329M
[10/26 19:24:26 d2.utils.events]:  eta: 0:22:20  iter: 279  total_loss: 1.258  loss_cls: 0.5199  loss_box_reg: 0.2676  loss_rpn_cls: 0.3122  loss_rpn_loc: 0.1402    time: 1.1514  last_time: 1.0976  data_time: 0.0353  last_data_time: 0.0210   lr: 0.001  max_mem: 9329M
[10/26 19:24:49 d2.utils.events]:  eta: 0:21:56  iter: 299  total_loss: 1.263  loss_cls: 0.5187  loss_box_reg: 0.2781  loss_rpn_cls: 0.2984  loss_rpn_loc: 0.1404    time: 1.1515  last_time: 1.2323  data_time: 0.0396  last_data_time: 0.0419   lr: 0.001  max_mem: 9329M
[10/26 19:25:12 d2.utils.events]:  eta: 0:21:30  iter: 319  total_loss: 1.461  loss_cls: 0.6163  loss_box_reg: 0.2649  loss_rpn_cls: 0.3576  loss_rpn_loc: 0.1281    time: 1.1493  last_time: 1.1927  data_time: 0.0359  last_data_time: 0.0198   lr: 0.001  max_mem: 9329M
[10/26 19:25:35 d2.utils.events]:  eta: 0:21:08  iter: 339  total_loss: 1.243  loss_cls: 0.4936  loss_box_reg: 0.2601  loss_rpn_cls: 0.3293  loss_rpn_loc: 0.1459    time: 1.1514  last_time: 1.2274  data_time: 0.0457  last_data_time: 0.0401   lr: 0.001  max_mem: 9329M
[10/26 19:25:59 d2.utils.events]:  eta: 0:20:42  iter: 359  total_loss: 1.183  loss_cls: 0.4596  loss_box_reg: 0.22  loss_rpn_cls: 0.3195  loss_rpn_loc: 0.1461    time: 1.1517  last_time: 0.9077  data_time: 0.0487  last_data_time: 0.0854   lr: 0.001  max_mem: 9329M
[10/26 19:26:21 d2.utils.events]:  eta: 0:20:18  iter: 379  total_loss: 1.221  loss_cls: 0.5084  loss_box_reg: 0.2863  loss_rpn_cls: 0.2708  loss_rpn_loc: 0.1118    time: 1.1507  last_time: 1.0059  data_time: 0.0424  last_data_time: 0.0741   lr: 0.001  max_mem: 9329M
[10/26 19:26:44 d2.utils.events]:  eta: 0:19:53  iter: 399  total_loss: 1.095  loss_cls: 0.4131  loss_box_reg: 0.2606  loss_rpn_cls: 0.2746  loss_rpn_loc: 0.1391    time: 1.1506  last_time: 1.0641  data_time: 0.0440  last_data_time: 0.0375   lr: 0.001  max_mem: 9329M
Terminated
0 d2.utils.events]:  eta: 0:36:08  iter: 419  total_loss: 1.094  loss_cls: 0.4095  loss_box_reg: 0.2782  loss_rpn_cls: 0.2547  loss_rpn_loc: 0.1296    time: 2.1876  last_time: 2.3541  data_time: 0.0605  last_data_time: 0.0402   lr: 0.001  max_mem: 9334M
[10/26 19:11:53 d2.utils.events]:  eta: 0:35:22  iter: 439  total_loss: 1.021  loss_cls: 0.363  loss_box_reg: 0.3069  loss_rpn_cls: 0.2274  loss_rpn_loc: 0.1316    time: 2.1867  last_time: 2.2028  data_time: 0.0541  last_data_time: 0.0326   lr: 0.001  max_mem: 9334M
[10/26 19:12:37 d2.utils.events]:  eta: 0:34:37  iter: 459  total_loss: 0.9596  loss_cls: 0.2898  loss_box_reg: 0.2902  loss_rpn_cls: 0.2088  loss_rpn_loc: 0.1601    time: 2.1879  last_time: 2.1967  data_time: 0.0703  last_data_time: 0.0396   lr: 0.001  max_mem: 9334M
[10/26 19:13:21 d2.utils.events]:  eta: 0:33:57  iter: 479  total_loss: 0.9691  loss_cls: 0.3232  loss_box_reg: 0.2647  loss_rpn_cls: 0.235  loss_rpn_loc: 0.127    time: 2.1886  last_time: 2.2556  data_time: 0.0542  last_data_time: 0.0406   lr: 0.001  max_mem: 9334M
[10/26 19:14:05 fvcore.common.checkpoint]: Saving checkpoint to /home/turje87/DeFRCN/outputs_codetr_2x/OD25_0/novel_1shot/model_0000499.pth
WARNING [10/26 19:14:06 d2.data.datasets.coco]: 
Category ids in annotations are not in [1, #categories]! We'll apply a mapping for you.

[10/26 19:14:06 d2.data.datasets.coco]: Loaded 289 images in COCO format from /home/turje87/DeFRCN/datasets/vizwiz/annotations/OD25_0/instances_val_novel.json
[10/26 19:14:06 defrcn.dataloader.dataset_mapper]: [DatasetMapper] Augmentations used in inference: [ResizeShortestEdge(short_edge_length=(800, 800), max_size=1333, sample_style='choice')]
[10/26 19:14:06 d2.data.common]: Serializing the dataset using: <class 'detectron2.data.common._TorchSerializedList'>
[10/26 19:14:06 d2.data.common]: Serializing 289 elements to byte tensors and concatenating them all ...
[10/26 19:14:06 d2.data.common]: Serialized dataset takes 0.09 MiB
[10/26 19:14:06 defrcn.evaluation.evaluator]: Start initializing PCB module, please wait a seconds...
[10/26 19:14:06 defrcn.evaluation.calibration_layer]: Loading ImageNet Pre-train Model from /home/turje87/DeFRCN/imagenet_pretrain/torchvision/resnet101-5d3b4d8f.pth
WARNING [10/26 19:14:10 d2.data.datasets.coco]: 
Category ids in annotations are not in [1, #categories]! We'll apply a mapping for you.

[10/26 19:14:10 d2.data.datasets.coco]: Loaded 25 images in COCO format from /home/turje87/DeFRCN/datasets/vizwiz/annotations/OD25_0/instances_train_novel_1shot.json
[10/26 19:14:10 defrcn.dataloader.dataset_mapper]: [DatasetMapper] Augmentations used in inference: [ResizeShortestEdge(short_edge_length=(800, 800), max_size=1333, sample_style='choice')]
[10/26 19:14:10 d2.data.common]: Serializing the dataset using: <class 'detectron2.data.common._TorchSerializedList'>
[10/26 19:14:10 d2.data.common]: Serializing 25 elements to byte tensors and concatenating them all ...
[10/26 19:14:10 d2.data.common]: Serialized dataset takes 0.01 MiB
ERROR [10/26 19:14:16 d2.engine.train_loop]: Exception during training:
Traceback (most recent call last):
  File "/home/turje87/miniconda/envs/defrcn-cu121/lib/python3.10/site-packages/detectron2/engine/train_loop.py", line 156, in train
    self.after_step()
  File "/home/turje87/miniconda/envs/defrcn-cu121/lib/python3.10/site-packages/detectron2/engine/train_loop.py", line 190, in after_step
    h.after_step()
  File "/home/turje87/DeFRCN/defrcn/engine/hooks.py", line 75, in after_step
    self._do_eval()
  File "/home/turje87/DeFRCN/defrcn/engine/hooks.py", line 39, in _do_eval
    results = self._func()
  File "/home/turje87/DeFRCN/defrcn/engine/defaults.py", line 335, in test_and_save_results
    self._last_eval_results = self.test(self.cfg, self.model)
  File "/home/turje87/DeFRCN/defrcn/engine/defaults.py", line 498, in test
    results_i = inference_on_dataset(model, data_loader, evaluator, cfg)
  File "/home/turje87/DeFRCN/defrcn/evaluation/evaluator.py", line 90, in inference_on_dataset
    pcb = PrototypicalCalibrationBlock(cfg)
  File "/home/turje87/DeFRCN/defrcn/evaluation/calibration_layer.py", line 28, in __init__
    self.prototypes = self.build_prototypes()
  File "/home/turje87/DeFRCN/defrcn/evaluation/calibration_layer.py", line 58, in build_prototypes
    features = self.extract_roi_features(img, boxes)
  File "/home/turje87/DeFRCN/defrcn/evaluation/calibration_layer.py", line 98, in extract_roi_features
    conv_feature = self.imagenet_model(images.tensor[:, [2, 1, 0]])[1]  # size: BxCxHxW
  File "/home/turje87/miniconda/envs/defrcn-cu121/lib/python3.10/site-packages/torch/nn/modules/module.py", line 1518, in _wrapped_call_impl
    return self._call_impl(*args, **kwargs)
  File "/home/turje87/miniconda/envs/defrcn-cu121/lib/python3.10/site-packages/torch/nn/modules/module.py", line 1527, in _call_impl
    return forward_call(*args, **kwargs)
  File "/home/turje87/DeFRCN/defrcn/evaluation/archs/resnet.py", line 203, in forward
    x = self.layer3(x)
  File "/home/turje87/miniconda/envs/defrcn-cu121/lib/python3.10/site-packages/torch/nn/modules/module.py", line 1518, in _wrapped_call_impl
    return self._call_impl(*args, **kwargs)
  File "/home/turje87/miniconda/envs/defrcn-cu121/lib/python3.10/site-packages/torch/nn/modules/module.py", line 1527, in _call_impl
    return forward_call(*args, **kwargs)
  File "/home/turje87/miniconda/envs/defrcn-cu121/lib/python3.10/site-packages/torch/nn/modules/container.py", line 215, in forward
    input = module(input)
  File "/home/turje87/miniconda/envs/defrcn-cu121/lib/python3.10/site-packages/torch/nn/modules/module.py", line 1518, in _wrapped_call_impl
    return self._call_impl(*args, **kwargs)
  File "/home/turje87/miniconda/envs/defrcn-cu121/lib/python3.10/site-packages/torch/nn/modules/module.py", line 1527, in _call_impl
    return forward_call(*args, **kwargs)
  File "/home/turje87/DeFRCN/defrcn/evaluation/archs/resnet.py", line 99, in forward
    out = self.bn1(out)
  File "/home/turje87/miniconda/envs/defrcn-cu121/lib/python3.10/site-packages/torch/nn/modules/module.py", line 1518, in _wrapped_call_impl
    return self._call_impl(*args, **kwargs)
  File "/home/turje87/miniconda/envs/defrcn-cu121/lib/python3.10/site-packages/torch/nn/modules/module.py", line 1527, in _call_impl
    return forward_call(*args, **kwargs)
  File "/home/turje87/miniconda/envs/defrcn-cu121/lib/python3.10/site-packages/torch/nn/modules/batchnorm.py", line 171, in forward
    return F.batch_norm(
  File "/home/turje87/miniconda/envs/defrcn-cu121/lib/python3.10/site-packages/torch/nn/functional.py", line 2478, in batch_norm
    return torch.batch_norm(
torch.cuda.OutOfMemoryError: CUDA out of memory. Tried to allocate 20.00 MiB. GPU 0 has a total capacty of 21.95 GiB of which 15.00 MiB is free. Process 681105 has 5.40 GiB memory in use. Including non-PyTorch memory, this process has 16.53 GiB memory in use. Of the allocated memory 15.93 GiB is allocated by PyTorch, and 349.46 MiB is reserved by PyTorch but unallocated. If reserved but unallocated memory is large try setting max_split_size_mb to avoid fragmentation.  See documentation for Memory Management and PYTORCH_CUDA_ALLOC_CONF
[10/26 19:14:16 d2.engine.hooks]: Overall training speed: 496 iterations in 0:18:07 (2.1933 s / it)
[10/26 19:14:16 d2.engine.hooks]: Total training time: 0:18:18 (0:00:10 on hooks)
[10/26 19:14:16 d2.utils.events]:  eta: 0:33:13  iter: 499  total_loss: 1.027  loss_cls: 0.3423  loss_box_reg: 0.3278  loss_rpn_cls: 0.2193  loss_rpn_loc: 0.1379    time: 2.1888  last_time: 2.3298  data_time: 0.0525  last_data_time: 0.0416   lr: 0.001  max_mem: 16309M
Traceback (most recent call last):
  File "/home/turje87/DeFRCN/main.py", line 68, in <module>
    launch(
  File "/home/turje87/miniconda/envs/defrcn-cu121/lib/python3.10/site-packages/detectron2/engine/launch.py", line 84, in launch
    main_func(*args)
  File "/home/turje87/DeFRCN/main.py", line 63, in main
    return trainer.train()
  File "/home/turje87/DeFRCN/defrcn/engine/defaults.py", line 385, in train
    super().train(self.start_iter, self.max_iter)
  File "/home/turje87/miniconda/envs/defrcn-cu121/lib/python3.10/site-packages/detectron2/engine/train_loop.py", line 156, in train
    self.after_step()
  File "/home/turje87/miniconda/envs/defrcn-cu121/lib/python3.10/site-packages/detectron2/engine/train_loop.py", line 190, in after_step
    h.after_step()
  File "/home/turje87/DeFRCN/defrcn/engine/hooks.py", line 75, in after_step
    self._do_eval()
  File "/home/turje87/DeFRCN/defrcn/engine/hooks.py", line 39, in _do_eval
    results = self._func()
  File "/home/turje87/DeFRCN/defrcn/engine/defaults.py", line 335, in test_and_save_results
    self._last_eval_results = self.test(self.cfg, self.model)
  File "/home/turje87/DeFRCN/defrcn/engine/defaults.py", line 498, in test
    results_i = inference_on_dataset(model, data_loader, evaluator, cfg)
  File "/home/turje87/DeFRCN/defrcn/evaluation/evaluator.py", line 90, in inference_on_dataset
    pcb = PrototypicalCalibrationBlock(cfg)
  File "/home/turje87/DeFRCN/defrcn/evaluation/calibration_layer.py", line 28, in __init__
    self.prototypes = self.build_prototypes()
  File "/home/turje87/DeFRCN/defrcn/evaluation/calibration_layer.py", line 58, in build_prototypes
    features = self.extract_roi_features(img, boxes)
  File "/home/turje87/DeFRCN/defrcn/evaluation/calibration_layer.py", line 98, in extract_roi_features
    conv_feature = self.imagenet_model(images.tensor[:, [2, 1, 0]])[1]  # size: BxCxHxW
  File "/home/turje87/miniconda/envs/defrcn-cu121/lib/python3.10/site-packages/torch/nn/modules/module.py", line 1518, in _wrapped_call_impl
    return self._call_impl(*args, **kwargs)
  File "/home/turje87/miniconda/envs/defrcn-cu121/lib/python3.10/site-packages/torch/nn/modules/module.py", line 1527, in _call_impl
    return forward_call(*args, **kwargs)
  File "/home/turje87/DeFRCN/defrcn/evaluation/archs/resnet.py", line 203, in forward
    x = self.layer3(x)
  File "/home/turje87/miniconda/envs/defrcn-cu121/lib/python3.10/site-packages/torch/nn/modules/module.py", line 1518, in _wrapped_call_impl
    return self._call_impl(*args, **kwargs)
  File "/home/turje87/miniconda/envs/defrcn-cu121/lib/python3.10/site-packages/torch/nn/modules/module.py", line 1527, in _call_impl
    return forward_call(*args, **kwargs)
  File "/home/turje87/miniconda/envs/defrcn-cu121/lib/python3.10/site-packages/torch/nn/modules/container.py", line 215, in forward
    input = module(input)
  File "/home/turje87/miniconda/envs/defrcn-cu121/lib/python3.10/site-packages/torch/nn/modules/module.py", line 1518, in _wrapped_call_impl
    return self._call_impl(*args, **kwargs)
  File "/home/turje87/miniconda/envs/defrcn-cu121/lib/python3.10/site-packages/torch/nn/modules/module.py", line 1527, in _call_impl
    return forward_call(*args, **kwargs)
  File "/home/turje87/DeFRCN/defrcn/evaluation/archs/resnet.py", line 99, in forward
    out = self.bn1(out)
  File "/home/turje87/miniconda/envs/defrcn-cu121/lib/python3.10/site-packages/torch/nn/modules/module.py", line 1518, in _wrapped_call_impl
    return self._call_impl(*args, **kwargs)
  File "/home/turje87/miniconda/envs/defrcn-cu121/lib/python3.10/site-packages/torch/nn/modules/module.py", line 1527, in _call_impl
    return forward_call(*args, **kwargs)
  File "/home/turje87/miniconda/envs/defrcn-cu121/lib/python3.10/site-packages/torch/nn/modules/batchnorm.py", line 171, in forward
    return F.batch_norm(
  File "/home/turje87/miniconda/envs/defrcn-cu121/lib/python3.10/site-packages/torch/nn/functional.py", line 2478, in batch_norm
    return torch.batch_norm(
torch.cuda.OutOfMemoryError: CUDA out of memory. Tried to allocate 20.00 MiB. GPU 0 has a total capacty of 21.95 GiB of which 15.00 MiB is free. Process 681105 has 5.40 GiB memory in use. Including non-PyTorch memory, this process has 16.53 GiB memory in use. Of the allocated memory 15.93 GiB is allocated by PyTorch, and 349.46 MiB is reserved by PyTorch but unallocated. If reserved but unallocated memory is large try setting max_split_size_mb to avoid fragmentation.  See documentation for Memory Management and PYTORCH_CUDA_ALLOC_CONF
