nohup: ignoring input
========================================
VizWiz Few-Shot DeFRCN Training
CO-DETR MATCH (2X) Configuration
========================================

Base iterations: 3472 (~16 epochs)
Novel iterations: 1400 (~50 epochs for 10-shot)
Folds: OD25_0 OD25_1 OD25_2 OD25_3
K-shots: 1 10
Weights & Biases: DeFRCN_GCP_T

✅ ImageNet pretrained weights found

========================================
Processing Fold: OD25_0
========================================

📊 STAGE 1: Base Training (3472 iterations)
----------------------------------------
Config: /home/turje87/DeFRCN/configs/vizwiz_det_r101_base_balanced.yaml
Output: /home/turje87/DeFRCN/outputs_codetr_2x/OD25_0/base_model
Iterations: 3472

✅ Registered VizWiz datasets for 4 folds with k-shot variants
[10/26 17:44:20 detectron2]: Rank of current process: 0. World size: 1
[10/26 17:44:20 detectron2]: Command line arguments: Namespace(config_file='/home/turje87/DeFRCN/configs/vizwiz_det_r101_base_balanced.yaml', resume=False, eval_only=False, eval_all=False, eval_during_train=False, eval_iter=-1, start_iter=-1, end_iter=-1, num_gpus=1, num_machines=1, machine_rank=0, dist_url='tcp://127.0.0.1:50154', opts=['MODEL.WEIGHTS', '/home/turje87/DeFRCN/imagenet_pretrain/MSRA/R-101.pkl', 'OUTPUT_DIR', '/home/turje87/DeFRCN/outputs_codetr_2x/OD25_0/base_model', 'SOLVER.IMS_PER_BATCH', '2', 'SOLVER.BASE_LR', '0.0025', 'SOLVER.MAX_ITER', '3472', 'SOLVER.STEPS', '(2083,2777)', 'SOLVER.WARMUP_ITERS', '1000', 'DATASETS.TRAIN', "('vizwiz_OD25_0_train_base',)", 'DATASETS.TEST', "('vizwiz_OD25_0_val_base',)"])
[10/26 17:44:20 detectron2]: Contents of args.config_file=/home/turje87/DeFRCN/configs/vizwiz_det_r101_base_balanced.yaml:
_BASE_: "Base-RCNN.yaml"

# VizWiz Base Training Config with Class Balancing
# Addresses severe class imbalance (up to 451x ratio)

MODEL:
  WEIGHTS: "data/.pretrain_weights/ImageNetPretrained/MSRA/R-101.pkl"
  MASK_ON: False
  RESNETS:
    DEPTH: 101
  RPN:
    ENABLE_DECOUPLE: True
    BACKWARD_SCALE: 0.0
  ROI_HEADS:
    NUM_CLASSES: 75  # OD25 base split has 75 classes (FIXED from 101)
    ENABLE_DECOUPLE: True
    BACKWARD_SCALE: 0.75
    # Use focal loss to handle class imbalance
    SCORE_THRESH_TEST: 0.05  # Lower threshold for rare classes

DATASETS:
  TRAIN: ('vizwiz_train',)
  TEST: ('vizwiz_val',)

# ==================== CLASS BALANCING STRATEGIES ==================== #

# 1. Repeat Factor Sampling (oversample rare classes)
DATALOADER:
  SAMPLER_TRAIN: "RepeatFactorTrainingSampler"
  REPEAT_THRESHOLD: 0.001  # Oversample classes with <0.1% frequency
  NUM_WORKERS: 4

# 2. Training parameters optimized for imbalanced data
SOLVER:
  IMS_PER_BATCH: 16
  BASE_LR: 0.01  # Reduced from 0.02 for stability with imbalanced data
  WEIGHT_DECAY: 0.0001
  WEIGHT_DECAY_BIAS: 0.0001
  WEIGHT_DECAY_NORM: 0.0
  WARMUP_ITERS: 500  # Gradual warmup helps with rare classes
  WARMUP_FACTOR: 0.001
  STEPS: (6000,)
  MAX_ITER: 8000
  CHECKPOINT_PERIOD: 100000
  CLIP_GRADIENTS:
    ENABLED: True
    CLIP_TYPE: "norm"
    CLIP_VALUE: 1.0
    NORM_TYPE: 2.0

OUTPUT_DIR: "output/vizwiz_base_balanced"

# ==================== NOTES ==================== #
# This config addresses the severe class imbalance found:
# - monitor: 451 samples (most common)
# - purse: 1 sample (least common)  
# - Imbalance ratio: 451x
#
# RepeatFactorTrainingSampler will:
# - Oversample rare classes like "purse", "sign", "sandwich"
# - Balance the training distribution
# - Improve mAP on rare classes


[10/26 17:44:20 detectron2]: Full config saved to /home/turje87/DeFRCN/outputs_codetr_2x/OD25_0/base_model/config.yaml
[10/26 17:44:20 d2.utils.env]: Using a generated random seed 20813321
WARNING [10/26 17:44:21 d2.data.datasets.coco]: 
Category ids in annotations are not in [1, #categories]! We'll apply a mapping for you.

[10/26 17:44:21 d2.data.datasets.coco]: Loaded 1735 images in COCO format from /home/turje87/DeFRCN/datasets/vizwiz/annotations/OD25_0/instances_train_base.json
[10/26 17:44:21 defrcn.dataloader.build]: Removed 0 images with no usable annotations. 1735 images left.
[10/26 17:44:21 defrcn.dataloader.dataset_mapper]: [DatasetMapper] Augmentations used in training: [ResizeShortestEdge(short_edge_length=(640, 672, 704, 736, 768, 800), max_size=1333, sample_style='choice'), RandomFlip()]
[10/26 17:44:21 defrcn.dataloader.build]: Using training sampler RepeatFactorTrainingSampler
[10/26 17:44:21 d2.data.samplers.distributed_sampler]: Cat ID 0: freq=0.01, rep=1.00
[10/26 17:44:21 d2.data.samplers.distributed_sampler]: Cat ID 1: freq=0.01, rep=1.00
[10/26 17:44:21 d2.data.samplers.distributed_sampler]: Cat ID 2: freq=0.01, rep=1.00
[10/26 17:44:21 d2.data.samplers.distributed_sampler]: Cat ID 3: freq=0.01, rep=1.00
[10/26 17:44:21 d2.data.samplers.distributed_sampler]: Cat ID 4: freq=0.01, rep=1.00
[10/26 17:44:21 d2.data.samplers.distributed_sampler]: Cat ID 5: freq=0.02, rep=1.00
[10/26 17:44:21 d2.data.samplers.distributed_sampler]: Cat ID 6: freq=0.00, rep=1.00
[10/26 17:44:21 d2.data.samplers.distributed_sampler]: Cat ID 7: freq=0.02, rep=1.00
[10/26 17:44:21 d2.data.samplers.distributed_sampler]: Cat ID 8: freq=0.07, rep=1.00
[10/26 17:44:21 d2.data.samplers.distributed_sampler]: Cat ID 9: freq=0.02, rep=1.00
[10/26 17:44:21 d2.data.samplers.distributed_sampler]: Cat ID 10: freq=0.01, rep=1.00
[10/26 17:44:21 d2.data.samplers.distributed_sampler]: Cat ID 13: freq=0.01, rep=1.00
[10/26 17:44:21 d2.data.samplers.distributed_sampler]: Cat ID 14: freq=0.03, rep=1.00
[10/26 17:44:21 d2.data.samplers.distributed_sampler]: Cat ID 15: freq=0.01, rep=1.00
[10/26 17:44:21 d2.data.samplers.distributed_sampler]: Cat ID 16: freq=0.05, rep=1.00
[10/26 17:44:21 d2.data.samplers.distributed_sampler]: Cat ID 17: freq=0.01, rep=1.00
[10/26 17:44:21 d2.data.samplers.distributed_sampler]: Cat ID 18: freq=0.14, rep=1.00
[10/26 17:44:21 d2.data.samplers.distributed_sampler]: Cat ID 19: freq=0.04, rep=1.00
[10/26 17:44:21 d2.data.samplers.distributed_sampler]: Cat ID 20: freq=0.10, rep=1.00
[10/26 17:44:21 d2.data.samplers.distributed_sampler]: Cat ID 21: freq=0.00, rep=1.00
[10/26 17:44:21 d2.data.samplers.distributed_sampler]: Cat ID 22: freq=0.02, rep=1.00
[10/26 17:44:21 d2.data.samplers.distributed_sampler]: Cat ID 23: freq=0.02, rep=1.00
[10/26 17:44:21 d2.data.samplers.distributed_sampler]: Cat ID 24: freq=0.01, rep=1.00
[10/26 17:44:21 d2.data.samplers.distributed_sampler]: Cat ID 25: freq=0.01, rep=1.00
[10/26 17:44:21 d2.data.samplers.distributed_sampler]: Cat ID 26: freq=0.01, rep=1.00
[10/26 17:44:21 d2.data.samplers.distributed_sampler]: Cat ID 27: freq=0.01, rep=1.00
[10/26 17:44:21 d2.data.samplers.distributed_sampler]: Cat ID 28: freq=0.01, rep=1.00
[10/26 17:44:21 d2.data.samplers.distributed_sampler]: Cat ID 29: freq=0.00, rep=1.00
[10/26 17:44:21 d2.data.samplers.distributed_sampler]: Cat ID 30: freq=0.01, rep=1.00
[10/26 17:44:21 d2.data.samplers.distributed_sampler]: Cat ID 31: freq=0.01, rep=1.00
[10/26 17:44:21 d2.data.samplers.distributed_sampler]: Cat ID 32: freq=0.01, rep=1.00
[10/26 17:44:21 d2.data.samplers.distributed_sampler]: Cat ID 33: freq=0.01, rep=1.00
[10/26 17:44:21 d2.data.samplers.distributed_sampler]: Cat ID 34: freq=0.01, rep=1.00
[10/26 17:44:21 d2.data.samplers.distributed_sampler]: Cat ID 35: freq=0.07, rep=1.00
[10/26 17:44:21 d2.data.samplers.distributed_sampler]: Cat ID 36: freq=0.01, rep=1.00
[10/26 17:44:21 d2.data.samplers.distributed_sampler]: Cat ID 37: freq=0.01, rep=1.00
[10/26 17:44:21 d2.data.samplers.distributed_sampler]: Cat ID 38: freq=0.00, rep=1.00
[10/26 17:44:21 d2.data.samplers.distributed_sampler]: Cat ID 39: freq=0.03, rep=1.00
[10/26 17:44:21 d2.data.samplers.distributed_sampler]: Cat ID 40: freq=0.00, rep=1.00
[10/26 17:44:21 d2.data.samplers.distributed_sampler]: Cat ID 41: freq=0.01, rep=1.00
[10/26 17:44:21 d2.data.samplers.distributed_sampler]: Cat ID 42: freq=0.01, rep=1.00
[10/26 17:44:21 d2.data.samplers.distributed_sampler]: Cat ID 43: freq=0.02, rep=1.00
[10/26 17:44:21 d2.data.samplers.distributed_sampler]: Cat ID 44: freq=0.01, rep=1.00
[10/26 17:44:21 d2.data.samplers.distributed_sampler]: Cat ID 45: freq=0.05, rep=1.00
[10/26 17:44:21 d2.data.samplers.distributed_sampler]: Cat ID 46: freq=0.01, rep=1.00
[10/26 17:44:21 d2.data.samplers.distributed_sampler]: Cat ID 47: freq=0.01, rep=1.00
[10/26 17:44:21 d2.data.samplers.distributed_sampler]: Cat ID 48: freq=0.04, rep=1.00
[10/26 17:44:21 d2.data.samplers.distributed_sampler]: Cat ID 49: freq=0.01, rep=1.00
[10/26 17:44:21 d2.data.samplers.distributed_sampler]: Cat ID 50: freq=0.00, rep=1.00
[10/26 17:44:21 d2.data.samplers.distributed_sampler]: Cat ID 51: freq=0.00, rep=1.00
[10/26 17:44:21 d2.data.samplers.distributed_sampler]: Cat ID 52: freq=0.01, rep=1.00
[10/26 17:44:21 d2.data.samplers.distributed_sampler]: Cat ID 53: freq=0.02, rep=1.00
[10/26 17:44:21 d2.data.samplers.distributed_sampler]: Cat ID 54: freq=0.02, rep=1.00
[10/26 17:44:21 d2.data.samplers.distributed_sampler]: Cat ID 55: freq=0.01, rep=1.00
[10/26 17:44:21 d2.data.samplers.distributed_sampler]: Cat ID 56: freq=0.00, rep=1.32
[10/26 17:44:21 d2.data.samplers.distributed_sampler]: Cat ID 57: freq=0.00, rep=1.00
[10/26 17:44:21 d2.data.samplers.distributed_sampler]: Cat ID 58: freq=0.03, rep=1.00
[10/26 17:44:21 d2.data.samplers.distributed_sampler]: Cat ID 59: freq=0.00, rep=1.00
[10/26 17:44:21 d2.data.samplers.distributed_sampler]: Cat ID 60: freq=0.01, rep=1.00
[10/26 17:44:21 d2.data.samplers.distributed_sampler]: Cat ID 61: freq=0.02, rep=1.00
[10/26 17:44:21 d2.data.samplers.distributed_sampler]: Cat ID 62: freq=0.01, rep=1.00
[10/26 17:44:21 d2.data.samplers.distributed_sampler]: Cat ID 64: freq=0.00, rep=1.00
[10/26 17:44:21 d2.data.samplers.distributed_sampler]: Cat ID 65: freq=0.07, rep=1.00
[10/26 17:44:21 d2.data.samplers.distributed_sampler]: Cat ID 66: freq=0.00, rep=1.00
[10/26 17:44:21 d2.data.samplers.distributed_sampler]: Cat ID 67: freq=0.00, rep=1.00
[10/26 17:44:21 d2.data.samplers.distributed_sampler]: Cat ID 68: freq=0.00, rep=1.00
[10/26 17:44:21 d2.data.samplers.distributed_sampler]: Cat ID 69: freq=0.01, rep=1.00
[10/26 17:44:21 d2.data.samplers.distributed_sampler]: Cat ID 70: freq=0.02, rep=1.00
[10/26 17:44:21 d2.data.samplers.distributed_sampler]: Cat ID 71: freq=0.01, rep=1.00
[10/26 17:44:21 d2.data.samplers.distributed_sampler]: Cat ID 72: freq=0.01, rep=1.00
[10/26 17:44:21 d2.data.samplers.distributed_sampler]: Cat ID 73: freq=0.01, rep=1.00
[10/26 17:44:21 d2.data.samplers.distributed_sampler]: Cat ID 74: freq=0.01, rep=1.00
[10/26 17:44:21 d2.data.common]: Serializing the dataset using: <class 'detectron2.data.common._TorchSerializedList'>
[10/26 17:44:21 d2.data.common]: Serializing 1735 elements to byte tensors and concatenating them all ...
[10/26 17:44:21 d2.data.common]: Serialized dataset takes 0.56 MiB
[10/26 17:44:21 fvcore.common.checkpoint]: [Checkpointer] Loading from /home/turje87/DeFRCN/imagenet_pretrain/MSRA/R-101.pkl ...
[10/26 17:44:21 d2.checkpoint.c2_model_loading]: Renaming Caffe2 weights ......
[10/26 17:44:21 d2.checkpoint.c2_model_loading]: Following weights matched with submodule model - Total num: 105
[10/26 17:44:21 d2.engine.train_loop]: Starting training from iteration 0
/home/turje87/miniconda/envs/defrcn-cu121/lib/python3.10/site-packages/torch/functional.py:504: UserWarning: torch.meshgrid: in an upcoming release, it will be required to pass the indexing argument. (Triggered internally at ../aten/src/ATen/native/TensorShape.cpp:3526.)
  return _VF.meshgrid(tensors, **kwargs)  # type: ignore[attr-defined]
[10/26 17:44:27 d2.utils.events]:  eta: 0:11:10  iter: 19  total_loss: 1.582e+06  loss_cls: 1.229e+06  loss_box_reg: 1.774e+05  loss_rpn_cls: 7.905e+04  loss_rpn_loc: 9.624e+04    time: 0.2041  last_time: 0.2466  data_time: 0.0202  last_data_time: 0.0016   lr: 4.9952e-05  max_mem: 1804M
[10/26 17:44:30 d2.utils.events]:  eta: 0:10:11  iter: 39  total_loss: 3.181e+05  loss_cls: 2.441e+05  loss_box_reg: 5.39e+04  loss_rpn_cls: 1.467e+04  loss_rpn_loc: 1.864e+04    time: 0.1896  last_time: 0.1602  data_time: 0.0049  last_data_time: 0.0051   lr: 9.9902e-05  max_mem: 1804M
[10/26 17:44:34 d2.utils.events]:  eta: 0:10:37  iter: 59  total_loss: 1.367e+05  loss_cls: 1.068e+05  loss_box_reg: 1.4e+04  loss_rpn_cls: 2094  loss_rpn_loc: 4891    time: 0.1908  last_time: 0.2092  data_time: 0.0064  last_data_time: 0.0053   lr: 0.00014985  max_mem: 1808M
[10/26 17:44:38 d2.utils.events]:  eta: 0:10:02  iter: 79  total_loss: 1.995e+04  loss_cls: 1.431e+04  loss_box_reg: 4065  loss_rpn_cls: 476  loss_rpn_loc: 2084    time: 0.1906  last_time: 0.1755  data_time: 0.0057  last_data_time: 0.0056   lr: 0.0001998  max_mem: 1812M
[10/26 17:44:42 d2.utils.events]:  eta: 0:09:55  iter: 99  total_loss: 1.328e+04  loss_cls: 8833  loss_box_reg: 2440  loss_rpn_cls: 365  loss_rpn_loc: 1495    time: 0.1890  last_time: 0.2250  data_time: 0.0051  last_data_time: 0.0049   lr: 0.00024975  max_mem: 1812M
[10/26 17:44:46 d2.utils.events]:  eta: 0:09:49  iter: 119  total_loss: 6526  loss_cls: 3642  loss_box_reg: 1151  loss_rpn_cls: 202.6  loss_rpn_loc: 991    time: 0.1897  last_time: 0.1972  data_time: 0.0051  last_data_time: 0.0052   lr: 0.0002997  max_mem: 2202M
[10/26 17:44:49 d2.utils.events]:  eta: 0:09:41  iter: 139  total_loss: 4908  loss_cls: 3182  loss_box_reg: 877.3  loss_rpn_cls: 163.6  loss_rpn_loc: 817.7    time: 0.1876  last_time: 0.1482  data_time: 0.0049  last_data_time: 0.0065   lr: 0.00034965  max_mem: 2202M
[10/26 17:44:53 d2.utils.events]:  eta: 0:09:38  iter: 159  total_loss: 3656  loss_cls: 2183  loss_box_reg: 689.7  loss_rpn_cls: 140.2  loss_rpn_loc: 698    time: 0.1867  last_time: 0.1522  data_time: 0.0049  last_data_time: 0.0050   lr: 0.0003996  max_mem: 2202M
[10/26 17:44:57 d2.utils.events]:  eta: 0:09:31  iter: 179  total_loss: 2572  loss_cls: 1643  loss_box_reg: 473.7  loss_rpn_cls: 109.4  loss_rpn_loc: 528    time: 0.1867  last_time: 0.1734  data_time: 0.0053  last_data_time: 0.0045   lr: 0.00044955  max_mem: 2202M
[10/26 17:45:00 d2.utils.events]:  eta: 0:09:27  iter: 199  total_loss: 1840  loss_cls: 766.2  loss_box_reg: 314.3  loss_rpn_cls: 75.37  loss_rpn_loc: 368.6    time: 0.1850  last_time: 0.1589  data_time: 0.0071  last_data_time: 0.0053   lr: 0.0004995  max_mem: 2202M
[10/26 17:45:04 d2.utils.events]:  eta: 0:09:24  iter: 219  total_loss: 1180  loss_cls: 662  loss_box_reg: 206.1  loss_rpn_cls: 46.96  loss_rpn_loc: 195.5    time: 0.1850  last_time: 0.1740  data_time: 0.0053  last_data_time: 0.0050   lr: 0.00054945  max_mem: 2202M
[10/26 17:45:08 d2.utils.events]:  eta: 0:09:22  iter: 239  total_loss: 791.7  loss_cls: 350.6  loss_box_reg: 208.7  loss_rpn_cls: 52.38  loss_rpn_loc: 266.9    time: 0.1869  last_time: 0.2405  data_time: 0.0050  last_data_time: 0.0049   lr: 0.0005994  max_mem: 2222M
[10/26 17:45:12 d2.utils.events]:  eta: 0:09:19  iter: 259  total_loss: 859.5  loss_cls: 337.3  loss_box_reg: 184.6  loss_rpn_cls: 50.1  loss_rpn_loc: 271.4    time: 0.1876  last_time: 0.2392  data_time: 0.0049  last_data_time: 0.0049   lr: 0.00064935  max_mem: 2222M
[10/26 17:45:16 d2.utils.events]:  eta: 0:09:19  iter: 279  total_loss: 643.8  loss_cls: 259.1  loss_box_reg: 52.2  loss_rpn_cls: 38.85  loss_rpn_loc: 178.8    time: 0.1883  last_time: 0.1771  data_time: 0.0057  last_data_time: 0.0045   lr: 0.0006993  max_mem: 2222M
[10/26 17:45:20 d2.utils.events]:  eta: 0:09:16  iter: 299  total_loss: 468.7  loss_cls: 164.6  loss_box_reg: 58.32  loss_rpn_cls: 34.71  loss_rpn_loc: 194.4    time: 0.1892  last_time: 0.1778  data_time: 0.0049  last_data_time: 0.0043   lr: 0.00074925  max_mem: 2222M
[10/26 17:45:24 d2.utils.events]:  eta: 0:09:15  iter: 319  total_loss: 345.9  loss_cls: 120  loss_box_reg: 39.53  loss_rpn_cls: 26.62  loss_rpn_loc: 137.3    time: 0.1903  last_time: 0.2554  data_time: 0.0051  last_data_time: 0.0053   lr: 0.0007992  max_mem: 2222M
[10/26 17:45:28 d2.utils.events]:  eta: 0:09:14  iter: 339  total_loss: 306.4  loss_cls: 105.9  loss_box_reg: 40.18  loss_rpn_cls: 20  loss_rpn_loc: 127.4    time: 0.1909  last_time: 0.2172  data_time: 0.0054  last_data_time: 0.0082   lr: 0.00084915  max_mem: 2222M
[10/26 17:45:32 d2.utils.events]:  eta: 0:09:13  iter: 359  total_loss: 222.4  loss_cls: 66.08  loss_box_reg: 19.57  loss_rpn_cls: 16.55  loss_rpn_loc: 101.2    time: 0.1924  last_time: 0.2428  data_time: 0.0047  last_data_time: 0.0052   lr: 0.0008991  max_mem: 2222M
[10/26 17:45:37 d2.utils.events]:  eta: 0:09:25  iter: 379  total_loss: 153  loss_cls: 36.72  loss_box_reg: 8.793  loss_rpn_cls: 14.23  loss_rpn_loc: 79.41    time: 0.1948  last_time: 0.2878  data_time: 0.0053  last_data_time: 0.0061   lr: 0.00094905  max_mem: 2222M
[10/26 17:45:42 d2.utils.events]:  eta: 0:09:37  iter: 399  total_loss: 126.3  loss_cls: 31.08  loss_box_reg: 8.651  loss_rpn_cls: 14.34  loss_rpn_loc: 57.53    time: 0.1967  last_time: 0.2157  data_time: 0.0049  last_data_time: 0.0051   lr: 0.000999  max_mem: 2568M
[10/26 17:45:46 d2.utils.events]:  eta: 0:09:47  iter: 419  total_loss: 111.3  loss_cls: 25.84  loss_box_reg: 8.227  loss_rpn_cls: 9.07  loss_rpn_loc: 62.35    time: 0.1988  last_time: 0.3090  data_time: 0.0050  last_data_time: 0.0056   lr: 0.001049  max_mem: 2568M
[10/26 17:45:51 d2.utils.events]:  eta: 0:09:50  iter: 439  total_loss: 78.5  loss_cls: 15.96  loss_box_reg: 7.748  loss_rpn_cls: 11.74  loss_rpn_loc: 41.66    time: 0.2005  last_time: 0.2161  data_time: 0.0055  last_data_time: 0.0046   lr: 0.0010989  max_mem: 2568M
[10/26 17:45:56 d2.utils.events]:  eta: 0:09:49  iter: 459  total_loss: 60  loss_cls: 7.19  loss_box_reg: 3.03  loss_rpn_cls: 7.406  loss_rpn_loc: 37.94    time: 0.2032  last_time: 0.2993  data_time: 0.0052  last_data_time: 0.0044   lr: 0.0011489  max_mem: 2568M
[10/26 17:46:01 d2.utils.events]:  eta: 0:09:47  iter: 479  total_loss: 62.86  loss_cls: 10.76  loss_box_reg: 3.949  loss_rpn_cls: 5.802  loss_rpn_loc: 35.25    time: 0.2048  last_time: 0.2437  data_time: 0.0050  last_data_time: 0.0056   lr: 0.0011988  max_mem: 2568M
[10/26 17:46:07 d2.utils.events]:  eta: 0:09:48  iter: 499  total_loss: 63.07  loss_cls: 8.568  loss_box_reg: 2.322  loss_rpn_cls: 5.761  loss_rpn_loc: 33.45    time: 0.2071  last_time: 0.2520  data_time: 0.0052  last_data_time: 0.0051   lr: 0.0012488  max_mem: 2568M
[10/26 17:46:12 d2.utils.events]:  eta: 0:09:47  iter: 519  total_loss: 31.87  loss_cls: 3.484  loss_box_reg: 1.59  loss_rpn_cls: 5.073  loss_rpn_loc: 21.8    time: 0.2095  last_time: 0.2657  data_time: 0.0052  last_data_time: 0.0054   lr: 0.0012987  max_mem: 2568M
[10/26 17:46:17 d2.utils.events]:  eta: 0:09:48  iter: 539  total_loss: 28.41  loss_cls: 3.264  loss_box_reg: 1.181  loss_rpn_cls: 4.142  loss_rpn_loc: 19.14    time: 0.2120  last_time: 0.3030  data_time: 0.0050  last_data_time: 0.0043   lr: 0.0013487  max_mem: 2568M
[10/26 17:46:24 d2.utils.events]:  eta: 0:09:51  iter: 559  total_loss: 22.89  loss_cls: 2.834  loss_box_reg: 0.5453  loss_rpn_cls: 3.623  loss_rpn_loc: 13.46    time: 0.2166  last_time: 0.3753  data_time: 0.0049  last_data_time: 0.0049   lr: 0.0013986  max_mem: 2699M
[10/26 17:46:31 d2.utils.events]:  eta: 0:10:00  iter: 579  total_loss: 20.5  loss_cls: 1.806  loss_box_reg: 0.6112  loss_rpn_cls: 2.613  loss_rpn_loc: 14.35    time: 0.2212  last_time: 0.3505  data_time: 0.0051  last_data_time: 0.0045   lr: 0.0014486  max_mem: 2701M
[10/26 17:46:39 d2.utils.events]:  eta: 0:10:10  iter: 599  total_loss: 16.78  loss_cls: 1.619  loss_box_reg: 0.5011  loss_rpn_cls: 1.961  loss_rpn_loc: 12.46    time: 0.2260  last_time: 0.3563  data_time: 0.0049  last_data_time: 0.0053   lr: 0.0014985  max_mem: 2701M
[10/26 17:46:46 d2.utils.events]:  eta: 0:10:16  iter: 619  total_loss: 8.915  loss_cls: 1.237  loss_box_reg: 0.4138  loss_rpn_cls: 1.101  loss_rpn_loc: 5.835    time: 0.2301  last_time: 0.3382  data_time: 0.0053  last_data_time: 0.0046   lr: 0.0015485  max_mem: 2702M
[10/26 17:46:53 d2.utils.events]:  eta: 0:10:19  iter: 639  total_loss: 10.22  loss_cls: 1.691  loss_box_reg: 0.5382  loss_rpn_cls: 0.9002  loss_rpn_loc: 5.41    time: 0.2341  last_time: 0.3707  data_time: 0.0050  last_data_time: 0.0052   lr: 0.0015984  max_mem: 2705M
[10/26 17:47:00 d2.utils.events]:  eta: 0:10:19  iter: 659  total_loss: 5.927  loss_cls: 1.425  loss_box_reg: 0.6493  loss_rpn_cls: 0.6277  loss_rpn_loc: 2.863    time: 0.2375  last_time: 0.3361  data_time: 0.0050  last_data_time: 0.0053   lr: 0.0016484  max_mem: 2705M
[10/26 17:47:07 d2.utils.events]:  eta: 0:10:27  iter: 679  total_loss: 3.711  loss_cls: 1.283  loss_box_reg: 0.4814  loss_rpn_cls: 0.4958  loss_rpn_loc: 1.21    time: 0.2408  last_time: 0.3392  data_time: 0.0052  last_data_time: 0.0049   lr: 0.0016983  max_mem: 2705M
[10/26 17:47:14 d2.utils.events]:  eta: 0:10:32  iter: 699  total_loss: 3.965  loss_cls: 1.377  loss_box_reg: 0.5887  loss_rpn_cls: 0.4296  loss_rpn_loc: 0.9419    time: 0.2439  last_time: 0.3442  data_time: 0.0049  last_data_time: 0.0044   lr: 0.0017483  max_mem: 2705M
[10/26 17:47:21 d2.utils.events]:  eta: 0:10:34  iter: 719  total_loss: 3.375  loss_cls: 1.687  loss_box_reg: 0.4503  loss_rpn_cls: 0.3556  loss_rpn_loc: 0.692    time: 0.2470  last_time: 0.3296  data_time: 0.0050  last_data_time: 0.0051   lr: 0.0017982  max_mem: 2707M
[10/26 17:47:28 d2.utils.events]:  eta: 0:10:35  iter: 739  total_loss: 2.816  loss_cls: 1.196  loss_box_reg: 0.6002  loss_rpn_cls: 0.3694  loss_rpn_loc: 0.5252    time: 0.2500  last_time: 0.3276  data_time: 0.0049  last_data_time: 0.0055   lr: 0.0018482  max_mem: 2707M
[10/26 17:47:35 d2.utils.events]:  eta: 0:10:41  iter: 759  total_loss: 2.161  loss_cls: 1.015  loss_box_reg: 0.3487  loss_rpn_cls: 0.4104  loss_rpn_loc: 0.3206    time: 0.2528  last_time: 0.3894  data_time: 0.0053  last_data_time: 0.0044   lr: 0.0018981  max_mem: 2708M
[10/26 17:47:42 d2.utils.events]:  eta: 0:10:41  iter: 779  total_loss: 2.336  loss_cls: 1.312  loss_box_reg: 0.4078  loss_rpn_cls: 0.3168  loss_rpn_loc: 0.3831    time: 0.2554  last_time: 0.3381  data_time: 0.0050  last_data_time: 0.0044   lr: 0.0019481  max_mem: 2708M
[10/26 17:47:49 d2.utils.events]:  eta: 0:10:44  iter: 799  total_loss: 1.818  loss_cls: 0.6537  loss_box_reg: 0.2737  loss_rpn_cls: 0.3804  loss_rpn_loc: 0.3317    time: 0.2577  last_time: 0.3549  data_time: 0.0046  last_data_time: 0.0054   lr: 0.001998  max_mem: 2708M
[10/26 17:47:56 d2.utils.events]:  eta: 0:10:54  iter: 819  total_loss: 2.209  loss_cls: 0.8687  loss_box_reg: 0.3034  loss_rpn_cls: 0.3831  loss_rpn_loc: 0.3132    time: 0.2600  last_time: 0.3436  data_time: 0.0051  last_data_time: 0.0057   lr: 0.002048  max_mem: 2708M
[10/26 17:48:03 d2.utils.events]:  eta: 0:10:59  iter: 839  total_loss: 1.803  loss_cls: 0.7862  loss_box_reg: 0.2716  loss_rpn_cls: 0.3812  loss_rpn_loc: 0.267    time: 0.2622  last_time: 0.3161  data_time: 0.0049  last_data_time: 0.0039   lr: 0.0020979  max_mem: 2708M
[10/26 17:48:10 d2.utils.events]:  eta: 0:11:03  iter: 859  total_loss: 1.658  loss_cls: 0.7624  loss_box_reg: 0.2434  loss_rpn_cls: 0.3744  loss_rpn_loc: 0.2616    time: 0.2644  last_time: 0.3779  data_time: 0.0050  last_data_time: 0.0049   lr: 0.0021479  max_mem: 2708M
[10/26 17:48:18 d2.utils.events]:  eta: 0:11:07  iter: 879  total_loss: 1.552  loss_cls: 0.6752  loss_box_reg: 0.2383  loss_rpn_cls: 0.3383  loss_rpn_loc: 0.2557    time: 0.2665  last_time: 0.3455  data_time: 0.0054  last_data_time: 0.0062   lr: 0.0021978  max_mem: 2708M
[10/26 17:48:25 d2.utils.events]:  eta: 0:11:10  iter: 899  total_loss: 1.264  loss_cls: 0.4547  loss_box_reg: 0.1707  loss_rpn_cls: 0.3356  loss_rpn_loc: 0.2336    time: 0.2683  last_time: 0.3469  data_time: 0.0049  last_data_time: 0.0047   lr: 0.0022478  max_mem: 2708M
[10/26 17:48:32 d2.utils.events]:  eta: 0:11:17  iter: 919  total_loss: 1.74  loss_cls: 0.8162  loss_box_reg: 0.2325  loss_rpn_cls: 0.3701  loss_rpn_loc: 0.2496    time: 0.2701  last_time: 0.3284  data_time: 0.0051  last_data_time: 0.0045   lr: 0.0022977  max_mem: 2708M
[10/26 17:48:39 d2.utils.events]:  eta: 0:11:24  iter: 939  total_loss: 1.307  loss_cls: 0.501  loss_box_reg: 0.1753  loss_rpn_cls: 0.3384  loss_rpn_loc: 0.1901    time: 0.2719  last_time: 0.3467  data_time: 0.0048  last_data_time: 0.0056   lr: 0.0023477  max_mem: 2708M
[10/26 17:48:46 d2.utils.events]:  eta: 0:11:36  iter: 959  total_loss: 1.537  loss_cls: 0.5848  loss_box_reg: 0.1975  loss_rpn_cls: 0.3467  loss_rpn_loc: 0.2676    time: 0.2736  last_time: 0.3740  data_time: 0.0050  last_data_time: 0.0056   lr: 0.0023976  max_mem: 2708M
[10/26 17:48:53 d2.utils.events]:  eta: 0:11:48  iter: 979  total_loss: 1.284  loss_cls: 0.5389  loss_box_reg: 0.1505  loss_rpn_cls: 0.3733  loss_rpn_loc: 0.2369    time: 0.2751  last_time: 0.3758  data_time: 0.0047  last_data_time: 0.0041   lr: 0.0024476  max_mem: 2708M
[10/26 17:49:00 d2.utils.events]:  eta: 0:12:00  iter: 999  total_loss: 1.172  loss_cls: 0.5057  loss_box_reg: 0.1869  loss_rpn_cls: 0.3284  loss_rpn_loc: 0.1927    time: 0.2765  last_time: 0.3821  data_time: 0.0050  last_data_time: 0.0049   lr: 0.0024975  max_mem: 2708M
[10/26 17:49:07 d2.utils.events]:  eta: 0:12:32  iter: 1019  total_loss: 1.092  loss_cls: 0.3455  loss_box_reg: 0.142  loss_rpn_cls: 0.3686  loss_rpn_loc: 0.2572    time: 0.2779  last_time: 0.3397  data_time: 0.0049  last_data_time: 0.0050   lr: 0.0025  max_mem: 2708M
[10/26 17:49:14 d2.utils.events]:  eta: 0:12:56  iter: 1039  total_loss: 1.217  loss_cls: 0.4367  loss_box_reg: 0.1712  loss_rpn_cls: 0.3798  loss_rpn_loc: 0.1818    time: 0.2794  last_time: 0.3334  data_time: 0.0051  last_data_time: 0.0033   lr: 0.0025  max_mem: 2708M
[10/26 17:49:21 d2.utils.events]:  eta: 0:13:01  iter: 1059  total_loss: 1.028  loss_cls: 0.3872  loss_box_reg: 0.1681  loss_rpn_cls: 0.3281  loss_rpn_loc: 0.1751    time: 0.2808  last_time: 0.3365  data_time: 0.0049  last_data_time: 0.0039   lr: 0.0025  max_mem: 2708M
[10/26 17:49:28 d2.utils.events]:  eta: 0:13:07  iter: 1079  total_loss: 1.158  loss_cls: 0.409  loss_box_reg: 0.1456  loss_rpn_cls: 0.3244  loss_rpn_loc: 0.2006    time: 0.2823  last_time: 0.3647  data_time: 0.0049  last_data_time: 0.0046   lr: 0.0025  max_mem: 2708M
[10/26 17:49:35 d2.utils.events]:  eta: 0:13:04  iter: 1099  total_loss: 1.217  loss_cls: 0.3918  loss_box_reg: 0.1315  loss_rpn_cls: 0.3764  loss_rpn_loc: 0.2569    time: 0.2836  last_time: 0.3396  data_time: 0.0050  last_data_time: 0.0051   lr: 0.0025  max_mem: 2708M
[10/26 17:49:42 d2.utils.events]:  eta: 0:13:03  iter: 1119  total_loss: 1.26  loss_cls: 0.3713  loss_box_reg: 0.1741  loss_rpn_cls: 0.3351  loss_rpn_loc: 0.2085    time: 0.2848  last_time: 0.3387  data_time: 0.0050  last_data_time: 0.0043   lr: 0.0025  max_mem: 2708M
[10/26 17:49:49 d2.utils.events]:  eta: 0:13:01  iter: 1139  total_loss: 1.172  loss_cls: 0.4127  loss_box_reg: 0.1474  loss_rpn_cls: 0.3484  loss_rpn_loc: 0.2091    time: 0.2859  last_time: 0.3471  data_time: 0.0050  last_data_time: 0.0043   lr: 0.0025  max_mem: 2708M
[10/26 17:49:56 d2.utils.events]:  eta: 0:12:58  iter: 1159  total_loss: 1.06  loss_cls: 0.3987  loss_box_reg: 0.1414  loss_rpn_cls: 0.3362  loss_rpn_loc: 0.1819    time: 0.2871  last_time: 0.3361  data_time: 0.0051  last_data_time: 0.0040   lr: 0.0025  max_mem: 2708M
[10/26 17:50:03 d2.utils.events]:  eta: 0:12:53  iter: 1179  total_loss: 1.118  loss_cls: 0.3718  loss_box_reg: 0.1429  loss_rpn_cls: 0.361  loss_rpn_loc: 0.2015    time: 0.2882  last_time: 0.3797  data_time: 0.0050  last_data_time: 0.0047   lr: 0.0025  max_mem: 2708M
[10/26 17:50:10 d2.utils.events]:  eta: 0:12:48  iter: 1199  total_loss: 0.9419  loss_cls: 0.2526  loss_box_reg: 0.1135  loss_rpn_cls: 0.3433  loss_rpn_loc: 0.2231    time: 0.2894  last_time: 0.3491  data_time: 0.0050  last_data_time: 0.0047   lr: 0.0025  max_mem: 2708M
[10/26 17:50:17 d2.utils.events]:  eta: 0:12:43  iter: 1219  total_loss: 0.9788  loss_cls: 0.2553  loss_box_reg: 0.1221  loss_rpn_cls: 0.34  loss_rpn_loc: 0.2445    time: 0.2904  last_time: 0.3388  data_time: 0.0052  last_data_time: 0.0044   lr: 0.0025  max_mem: 2708M
[10/26 17:50:25 d2.utils.events]:  eta: 0:12:38  iter: 1239  total_loss: 1.168  loss_cls: 0.3738  loss_box_reg: 0.1318  loss_rpn_cls: 0.3337  loss_rpn_loc: 0.2598    time: 0.2915  last_time: 0.3766  data_time: 0.0053  last_data_time: 0.0056   lr: 0.0025  max_mem: 2708M
[10/26 17:50:32 d2.utils.events]:  eta: 0:12:34  iter: 1259  total_loss: 1.101  loss_cls: 0.4516  loss_box_reg: 0.1398  loss_rpn_cls: 0.3009  loss_rpn_loc: 0.1659    time: 0.2926  last_time: 0.3403  data_time: 0.0050  last_data_time: 0.0054   lr: 0.0025  max_mem: 2708M
[10/26 17:50:39 d2.utils.events]:  eta: 0:12:29  iter: 1279  total_loss: 0.9604  loss_cls: 0.3008  loss_box_reg: 0.1226  loss_rpn_cls: 0.3599  loss_rpn_loc: 0.2059    time: 0.2936  last_time: 0.3479  data_time: 0.0054  last_data_time: 0.0054   lr: 0.0025  max_mem: 2708M
[10/26 17:50:46 d2.utils.events]:  eta: 0:12:23  iter: 1299  total_loss: 1.233  loss_cls: 0.3496  loss_box_reg: 0.1387  loss_rpn_cls: 0.413  loss_rpn_loc: 0.1766    time: 0.2944  last_time: 0.3419  data_time: 0.0051  last_data_time: 0.0042   lr: 0.0025  max_mem: 2708M
[10/26 17:50:53 d2.utils.events]:  eta: 0:12:18  iter: 1319  total_loss: 0.9687  loss_cls: 0.2925  loss_box_reg: 0.1255  loss_rpn_cls: 0.3493  loss_rpn_loc: 0.2168    time: 0.2955  last_time: 0.3936  data_time: 0.0049  last_data_time: 0.0051   lr: 0.0025  max_mem: 2708M
[10/26 17:51:00 d2.utils.events]:  eta: 0:12:13  iter: 1339  total_loss: 0.9953  loss_cls: 0.3459  loss_box_reg: 0.1355  loss_rpn_cls: 0.2831  loss_rpn_loc: 0.1284    time: 0.2964  last_time: 0.3747  data_time: 0.0050  last_data_time: 0.0051   lr: 0.0025  max_mem: 2708M
[10/26 17:51:08 d2.utils.events]:  eta: 0:12:07  iter: 1359  total_loss: 0.9373  loss_cls: 0.3475  loss_box_reg: 0.1233  loss_rpn_cls: 0.3014  loss_rpn_loc: 0.1602    time: 0.2974  last_time: 0.3343  data_time: 0.0063  last_data_time: 0.0053   lr: 0.0025  max_mem: 2709M
[10/26 17:51:15 d2.utils.events]:  eta: 0:12:01  iter: 1379  total_loss: 0.9968  loss_cls: 0.3162  loss_box_reg: 0.1241  loss_rpn_cls: 0.3927  loss_rpn_loc: 0.1474    time: 0.2981  last_time: 0.3427  data_time: 0.0051  last_data_time: 0.0046   lr: 0.0025  max_mem: 2709M
[10/26 17:51:22 d2.utils.events]:  eta: 0:11:55  iter: 1399  total_loss: 1.107  loss_cls: 0.2885  loss_box_reg: 0.1434  loss_rpn_cls: 0.3287  loss_rpn_loc: 0.1853    time: 0.2990  last_time: 0.3820  data_time: 0.0050  last_data_time: 0.0045   lr: 0.0025  max_mem: 2734M
[10/26 17:51:29 d2.utils.events]:  eta: 0:11:49  iter: 1419  total_loss: 0.9741  loss_cls: 0.3088  loss_box_reg: 0.1242  loss_rpn_cls: 0.3415  loss_rpn_loc: 0.1996    time: 0.2997  last_time: 0.3607  data_time: 0.0056  last_data_time: 0.0040   lr: 0.0025  max_mem: 2734M
[10/26 17:51:36 d2.utils.events]:  eta: 0:11:43  iter: 1439  total_loss: 1.043  loss_cls: 0.2981  loss_box_reg: 0.1328  loss_rpn_cls: 0.3408  loss_rpn_loc: 0.199    time: 0.3005  last_time: 0.3514  data_time: 0.0049  last_data_time: 0.0047   lr: 0.0025  max_mem: 2734M
[10/26 17:51:43 d2.utils.events]:  eta: 0:11:37  iter: 1459  total_loss: 1.133  loss_cls: 0.2911  loss_box_reg: 0.1446  loss_rpn_cls: 0.3981  loss_rpn_loc: 0.2334    time: 0.3013  last_time: 0.3346  data_time: 0.0050  last_data_time: 0.0040   lr: 0.0025  max_mem: 2734M
[10/26 17:51:50 d2.utils.events]:  eta: 0:11:31  iter: 1479  total_loss: 0.9871  loss_cls: 0.2972  loss_box_reg: 0.1077  loss_rpn_cls: 0.368  loss_rpn_loc: 0.1477    time: 0.3021  last_time: 0.3622  data_time: 0.0048  last_data_time: 0.0052   lr: 0.0025  max_mem: 2734M
[10/26 17:51:58 d2.utils.events]:  eta: 0:11:26  iter: 1499  total_loss: 0.9321  loss_cls: 0.2838  loss_box_reg: 0.118  loss_rpn_cls: 0.3349  loss_rpn_loc: 0.1836    time: 0.3029  last_time: 0.3537  data_time: 0.0051  last_data_time: 0.0058   lr: 0.0025  max_mem: 2734M
[10/26 17:52:05 d2.utils.events]:  eta: 0:11:20  iter: 1519  total_loss: 0.9765  loss_cls: 0.2429  loss_box_reg: 0.113  loss_rpn_cls: 0.3323  loss_rpn_loc: 0.2689    time: 0.3036  last_time: 0.3565  data_time: 0.0049  last_data_time: 0.0044   lr: 0.0025  max_mem: 2734M
[10/26 17:52:12 d2.utils.events]:  eta: 0:11:14  iter: 1539  total_loss: 1.047  loss_cls: 0.3323  loss_box_reg: 0.1187  loss_rpn_cls: 0.3654  loss_rpn_loc: 0.238    time: 0.3043  last_time: 0.3656  data_time: 0.0050  last_data_time: 0.0044   lr: 0.0025  max_mem: 2734M
[10/26 17:52:19 d2.utils.events]:  eta: 0:11:07  iter: 1559  total_loss: 0.9324  loss_cls: 0.2472  loss_box_reg: 0.1054  loss_rpn_cls: 0.3198  loss_rpn_loc: 0.2086    time: 0.3050  last_time: 0.3557  data_time: 0.0050  last_data_time: 0.0047   lr: 0.0025  max_mem: 2734M
[10/26 17:52:26 d2.utils.events]:  eta: 0:11:00  iter: 1579  total_loss: 1.038  loss_cls: 0.3485  loss_box_reg: 0.1217  loss_rpn_cls: 0.3412  loss_rpn_loc: 0.2537    time: 0.3056  last_time: 0.3642  data_time: 0.0049  last_data_time: 0.0047   lr: 0.0025  max_mem: 2734M
[10/26 17:52:33 d2.utils.events]:  eta: 0:10:53  iter: 1599  total_loss: 0.9109  loss_cls: 0.2666  loss_box_reg: 0.1246  loss_rpn_cls: 0.3076  loss_rpn_loc: 0.2233    time: 0.3063  last_time: 0.3607  data_time: 0.0049  last_data_time: 0.0054   lr: 0.0025  max_mem: 2734M
[10/26 17:52:40 d2.utils.events]:  eta: 0:10:46  iter: 1619  total_loss: 0.9137  loss_cls: 0.2862  loss_box_reg: 0.1154  loss_rpn_cls: 0.2674  loss_rpn_loc: 0.2126    time: 0.3068  last_time: 0.3294  data_time: 0.0048  last_data_time: 0.0037   lr: 0.0025  max_mem: 2734M
[10/26 17:52:47 d2.utils.events]:  eta: 0:10:39  iter: 1639  total_loss: 1.084  loss_cls: 0.3328  loss_box_reg: 0.1403  loss_rpn_cls: 0.4376  loss_rpn_loc: 0.1542    time: 0.3074  last_time: 0.3421  data_time: 0.0047  last_data_time: 0.0040   lr: 0.0025  max_mem: 2734M
[10/26 17:52:55 d2.utils.events]:  eta: 0:10:33  iter: 1659  total_loss: 0.944  loss_cls: 0.2401  loss_box_reg: 0.09994  loss_rpn_cls: 0.3036  loss_rpn_loc: 0.1731    time: 0.3080  last_time: 0.3522  data_time: 0.0051  last_data_time: 0.0050   lr: 0.0025  max_mem: 2734M
[10/26 17:53:02 d2.utils.events]:  eta: 0:10:27  iter: 1679  total_loss: 0.8782  loss_cls: 0.277  loss_box_reg: 0.1318  loss_rpn_cls: 0.3253  loss_rpn_loc: 0.1715    time: 0.3087  last_time: 0.3446  data_time: 0.0049  last_data_time: 0.0053   lr: 0.0025  max_mem: 2861M
[10/26 17:53:09 d2.utils.events]:  eta: 0:10:20  iter: 1699  total_loss: 1.014  loss_cls: 0.2995  loss_box_reg: 0.129  loss_rpn_cls: 0.3216  loss_rpn_loc: 0.2027    time: 0.3091  last_time: 0.3348  data_time: 0.0048  last_data_time: 0.0051   lr: 0.0025  max_mem: 2861M
[10/26 17:53:16 d2.utils.events]:  eta: 0:10:13  iter: 1719  total_loss: 1.037  loss_cls: 0.217  loss_box_reg: 0.1044  loss_rpn_cls: 0.3868  loss_rpn_loc: 0.1709    time: 0.3097  last_time: 0.3562  data_time: 0.0053  last_data_time: 0.0047   lr: 0.0025  max_mem: 2861M
[10/26 17:53:23 d2.utils.events]:  eta: 0:10:06  iter: 1739  total_loss: 0.9559  loss_cls: 0.2931  loss_box_reg: 0.1276  loss_rpn_cls: 0.3203  loss_rpn_loc: 0.1577    time: 0.3101  last_time: 0.3410  data_time: 0.0052  last_data_time: 0.0065   lr: 0.0025  max_mem: 2861M
[10/26 17:53:30 d2.utils.events]:  eta: 0:09:59  iter: 1759  total_loss: 0.9401  loss_cls: 0.309  loss_box_reg: 0.127  loss_rpn_cls: 0.3457  loss_rpn_loc: 0.2047    time: 0.3106  last_time: 0.3541  data_time: 0.0048  last_data_time: 0.0040   lr: 0.0025  max_mem: 2861M
[10/26 17:53:37 d2.utils.events]:  eta: 0:09:52  iter: 1779  total_loss: 0.9166  loss_cls: 0.2583  loss_box_reg: 0.1299  loss_rpn_cls: 0.2961  loss_rpn_loc: 0.2533    time: 0.3111  last_time: 0.3402  data_time: 0.0047  last_data_time: 0.0058   lr: 0.0025  max_mem: 2861M
[10/26 17:53:44 d2.utils.events]:  eta: 0:09:45  iter: 1799  total_loss: 0.9592  loss_cls: 0.2522  loss_box_reg: 0.09671  loss_rpn_cls: 0.3616  loss_rpn_loc: 0.2025    time: 0.3115  last_time: 0.3555  data_time: 0.0047  last_data_time: 0.0051   lr: 0.0025  max_mem: 2861M
[10/26 17:53:51 d2.utils.events]:  eta: 0:09:38  iter: 1819  total_loss: 0.8895  loss_cls: 0.2585  loss_box_reg: 0.1028  loss_rpn_cls: 0.3404  loss_rpn_loc: 0.22    time: 0.3120  last_time: 0.3370  data_time: 0.0050  last_data_time: 0.0057   lr: 0.0025  max_mem: 2861M
[10/26 17:53:58 d2.utils.events]:  eta: 0:09:31  iter: 1839  total_loss: 0.9912  loss_cls: 0.2492  loss_box_reg: 0.1158  loss_rpn_cls: 0.407  loss_rpn_loc: 0.1777    time: 0.3124  last_time: 0.3396  data_time: 0.0049  last_data_time: 0.0056   lr: 0.0025  max_mem: 2861M
[10/26 17:54:06 d2.utils.events]:  eta: 0:09:25  iter: 1859  total_loss: 1.03  loss_cls: 0.2773  loss_box_reg: 0.1123  loss_rpn_cls: 0.3263  loss_rpn_loc: 0.2691    time: 0.3130  last_time: 0.4016  data_time: 0.0050  last_data_time: 0.0055   lr: 0.0025  max_mem: 2861M
[10/26 17:54:13 d2.utils.events]:  eta: 0:09:18  iter: 1879  total_loss: 1.011  loss_cls: 0.2978  loss_box_reg: 0.1353  loss_rpn_cls: 0.3309  loss_rpn_loc: 0.2025    time: 0.3135  last_time: 0.3410  data_time: 0.0049  last_data_time: 0.0051   lr: 0.0025  max_mem: 2861M
[10/26 17:54:20 d2.utils.events]:  eta: 0:09:12  iter: 1899  total_loss: 0.9945  loss_cls: 0.2722  loss_box_reg: 0.1328  loss_rpn_cls: 0.3621  loss_rpn_loc: 0.2047    time: 0.3139  last_time: 0.3400  data_time: 0.0046  last_data_time: 0.0049   lr: 0.0025  max_mem: 2861M
[10/26 17:54:27 d2.utils.events]:  eta: 0:09:05  iter: 1919  total_loss: 0.9849  loss_cls: 0.3244  loss_box_reg: 0.155  loss_rpn_cls: 0.2968  loss_rpn_loc: 0.2143    time: 0.3143  last_time: 0.3642  data_time: 0.0048  last_data_time: 0.0050   lr: 0.0025  max_mem: 2861M
[10/26 17:54:34 d2.utils.events]:  eta: 0:08:58  iter: 1939  total_loss: 0.876  loss_cls: 0.2543  loss_box_reg: 0.1127  loss_rpn_cls: 0.2771  loss_rpn_loc: 0.2045    time: 0.3147  last_time: 0.3563  data_time: 0.0051  last_data_time: 0.0049   lr: 0.0025  max_mem: 2861M
[10/26 17:54:41 d2.utils.events]:  eta: 0:08:51  iter: 1959  total_loss: 1.003  loss_cls: 0.296  loss_box_reg: 0.1181  loss_rpn_cls: 0.3463  loss_rpn_loc: 0.2798    time: 0.3152  last_time: 0.3868  data_time: 0.0050  last_data_time: 0.0045   lr: 0.0025  max_mem: 2861M
[10/26 17:54:48 d2.utils.events]:  eta: 0:08:44  iter: 1979  total_loss: 1.056  loss_cls: 0.2422  loss_box_reg: 0.08925  loss_rpn_cls: 0.4921  loss_rpn_loc: 0.2457    time: 0.3155  last_time: 0.3708  data_time: 0.0052  last_data_time: 0.0046   lr: 0.0025  max_mem: 2861M
[10/26 17:54:55 d2.utils.events]:  eta: 0:08:37  iter: 1999  total_loss: 0.9706  loss_cls: 0.2455  loss_box_reg: 0.1232  loss_rpn_cls: 0.3066  loss_rpn_loc: 0.2514    time: 0.3158  last_time: 0.3739  data_time: 0.0051  last_data_time: 0.0054   lr: 0.0025  max_mem: 2861M
[10/26 17:55:03 d2.utils.events]:  eta: 0:08:31  iter: 2019  total_loss: 1.199  loss_cls: 0.3435  loss_box_reg: 0.1303  loss_rpn_cls: 0.3736  loss_rpn_loc: 0.1939    time: 0.3164  last_time: 0.3867  data_time: 0.0050  last_data_time: 0.0042   lr: 0.0025  max_mem: 2861M
[10/26 17:55:10 d2.utils.events]:  eta: 0:08:24  iter: 2039  total_loss: 0.9278  loss_cls: 0.249  loss_box_reg: 0.1248  loss_rpn_cls: 0.3418  loss_rpn_loc: 0.1805    time: 0.3168  last_time: 0.3543  data_time: 0.0047  last_data_time: 0.0054   lr: 0.0025  max_mem: 2861M
[10/26 17:55:17 d2.utils.events]:  eta: 0:08:17  iter: 2059  total_loss: 0.9085  loss_cls: 0.2738  loss_box_reg: 0.1238  loss_rpn_cls: 0.3139  loss_rpn_loc: 0.1843    time: 0.3172  last_time: 0.3524  data_time: 0.0047  last_data_time: 0.0044   lr: 0.0025  max_mem: 2861M
[10/26 17:55:24 d2.utils.events]:  eta: 0:08:10  iter: 2079  total_loss: 0.984  loss_cls: 0.329  loss_box_reg: 0.1096  loss_rpn_cls: 0.3728  loss_rpn_loc: 0.2007    time: 0.3175  last_time: 0.3437  data_time: 0.0050  last_data_time: 0.0048   lr: 0.0025  max_mem: 2861M
[10/26 17:55:31 d2.utils.events]:  eta: 0:08:03  iter: 2099  total_loss: 0.8206  loss_cls: 0.2051  loss_box_reg: 0.09941  loss_rpn_cls: 0.3164  loss_rpn_loc: 0.1837    time: 0.3179  last_time: 0.3336  data_time: 0.0048  last_data_time: 0.0050   lr: 0.00025  max_mem: 2861M
[10/26 17:55:38 d2.utils.events]:  eta: 0:07:56  iter: 2119  total_loss: 0.8372  loss_cls: 0.2118  loss_box_reg: 0.1018  loss_rpn_cls: 0.3169  loss_rpn_loc: 0.1349    time: 0.3183  last_time: 0.3905  data_time: 0.0049  last_data_time: 0.0053   lr: 0.00025  max_mem: 2861M
[10/26 17:55:45 d2.utils.events]:  eta: 0:07:49  iter: 2139  total_loss: 0.768  loss_cls: 0.2099  loss_box_reg: 0.1026  loss_rpn_cls: 0.259  loss_rpn_loc: 0.1904    time: 0.3186  last_time: 0.3960  data_time: 0.0047  last_data_time: 0.0052   lr: 0.00025  max_mem: 2861M
[10/26 17:55:53 d2.utils.events]:  eta: 0:07:43  iter: 2159  total_loss: 0.7938  loss_cls: 0.2079  loss_box_reg: 0.1018  loss_rpn_cls: 0.2802  loss_rpn_loc: 0.1814    time: 0.3191  last_time: 0.3860  data_time: 0.0050  last_data_time: 0.0050   lr: 0.00025  max_mem: 2861M
[10/26 17:56:00 d2.utils.events]:  eta: 0:07:36  iter: 2179  total_loss: 0.7565  loss_cls: 0.2092  loss_box_reg: 0.1199  loss_rpn_cls: 0.241  loss_rpn_loc: 0.1856    time: 0.3195  last_time: 0.3737  data_time: 0.0049  last_data_time: 0.0047   lr: 0.00025  max_mem: 2861M
[10/26 17:56:07 d2.utils.events]:  eta: 0:07:29  iter: 2199  total_loss: 0.8191  loss_cls: 0.1576  loss_box_reg: 0.07992  loss_rpn_cls: 0.2973  loss_rpn_loc: 0.1865    time: 0.3199  last_time: 0.3696  data_time: 0.0054  last_data_time: 0.0039   lr: 0.00025  max_mem: 2861M
[10/26 17:56:15 d2.utils.events]:  eta: 0:07:23  iter: 2219  total_loss: 0.7051  loss_cls: 0.2088  loss_box_reg: 0.09148  loss_rpn_cls: 0.2535  loss_rpn_loc: 0.178    time: 0.3203  last_time: 0.3757  data_time: 0.0049  last_data_time: 0.0043   lr: 0.00025  max_mem: 2861M
[10/26 17:56:22 d2.utils.events]:  eta: 0:07:16  iter: 2239  total_loss: 0.8518  loss_cls: 0.2229  loss_box_reg: 0.1073  loss_rpn_cls: 0.3345  loss_rpn_loc: 0.1533    time: 0.3206  last_time: 0.3828  data_time: 0.0051  last_data_time: 0.0057   lr: 0.00025  max_mem: 2861M
[10/26 17:56:29 d2.utils.events]:  eta: 0:07:09  iter: 2259  total_loss: 0.6366  loss_cls: 0.163  loss_box_reg: 0.09146  loss_rpn_cls: 0.2659  loss_rpn_loc: 0.1098    time: 0.3210  last_time: 0.3866  data_time: 0.0050  last_data_time: 0.0052   lr: 0.00025  max_mem: 2861M
[10/26 17:56:36 d2.utils.events]:  eta: 0:07:02  iter: 2279  total_loss: 0.8611  loss_cls: 0.2079  loss_box_reg: 0.09895  loss_rpn_cls: 0.3014  loss_rpn_loc: 0.1827    time: 0.3214  last_time: 0.3518  data_time: 0.0051  last_data_time: 0.0041   lr: 0.00025  max_mem: 2861M
[10/26 17:56:44 d2.utils.events]:  eta: 0:06:56  iter: 2299  total_loss: 0.7599  loss_cls: 0.1797  loss_box_reg: 0.08789  loss_rpn_cls: 0.2851  loss_rpn_loc: 0.1487    time: 0.3218  last_time: 0.3623  data_time: 0.0051  last_data_time: 0.0055   lr: 0.00025  max_mem: 2861M
[10/26 17:56:51 d2.utils.events]:  eta: 0:06:48  iter: 2319  total_loss: 0.9002  loss_cls: 0.2365  loss_box_reg: 0.1242  loss_rpn_cls: 0.238  loss_rpn_loc: 0.2087    time: 0.3221  last_time: 0.3763  data_time: 0.0048  last_data_time: 0.0052   lr: 0.00025  max_mem: 2861M
[10/26 17:56:58 d2.utils.events]:  eta: 0:06:42  iter: 2339  total_loss: 0.8902  loss_cls: 0.2793  loss_box_reg: 0.1324  loss_rpn_cls: 0.2905  loss_rpn_loc: 0.1499    time: 0.3225  last_time: 0.3561  data_time: 0.0049  last_data_time: 0.0040   lr: 0.00025  max_mem: 2861M
[10/26 17:57:06 d2.utils.events]:  eta: 0:06:35  iter: 2359  total_loss: 0.7378  loss_cls: 0.2158  loss_box_reg: 0.111  loss_rpn_cls: 0.2781  loss_rpn_loc: 0.1546    time: 0.3228  last_time: 0.3658  data_time: 0.0050  last_data_time: 0.0052   lr: 0.00025  max_mem: 2861M
[10/26 17:57:13 d2.utils.events]:  eta: 0:06:28  iter: 2379  total_loss: 0.6798  loss_cls: 0.1865  loss_box_reg: 0.1019  loss_rpn_cls: 0.2961  loss_rpn_loc: 0.1345    time: 0.3233  last_time: 0.3915  data_time: 0.0050  last_data_time: 0.0052   lr: 0.00025  max_mem: 2861M
[10/26 17:57:20 d2.utils.events]:  eta: 0:06:21  iter: 2399  total_loss: 0.836  loss_cls: 0.1923  loss_box_reg: 0.1174  loss_rpn_cls: 0.307  loss_rpn_loc: 0.196    time: 0.3237  last_time: 0.3520  data_time: 0.0047  last_data_time: 0.0040   lr: 0.00025  max_mem: 2861M
[10/26 17:57:28 d2.utils.events]:  eta: 0:06:14  iter: 2419  total_loss: 0.8503  loss_cls: 0.2329  loss_box_reg: 0.1177  loss_rpn_cls: 0.3093  loss_rpn_loc: 0.1246    time: 0.3240  last_time: 0.3798  data_time: 0.0049  last_data_time: 0.0050   lr: 0.00025  max_mem: 2861M
[10/26 17:57:35 d2.utils.events]:  eta: 0:06:08  iter: 2439  total_loss: 0.8084  loss_cls: 0.2226  loss_box_reg: 0.1119  loss_rpn_cls: 0.3106  loss_rpn_loc: 0.2302    time: 0.3243  last_time: 0.3672  data_time: 0.0048  last_data_time: 0.0048   lr: 0.00025  max_mem: 2861M
[10/26 17:57:42 d2.utils.events]:  eta: 0:06:01  iter: 2459  total_loss: 0.7807  loss_cls: 0.1862  loss_box_reg: 0.1061  loss_rpn_cls: 0.306  loss_rpn_loc: 0.1723    time: 0.3246  last_time: 0.3460  data_time: 0.0049  last_data_time: 0.0044   lr: 0.00025  max_mem: 2861M
[10/26 17:57:50 d2.utils.events]:  eta: 0:05:54  iter: 2479  total_loss: 0.7813  loss_cls: 0.2173  loss_box_reg: 0.123  loss_rpn_cls: 0.2826  loss_rpn_loc: 0.1283    time: 0.3249  last_time: 0.3444  data_time: 0.0048  last_data_time: 0.0051   lr: 0.00025  max_mem: 2861M
[10/26 17:57:57 d2.utils.events]:  eta: 0:05:47  iter: 2499  total_loss: 0.8483  loss_cls: 0.178  loss_box_reg: 0.1028  loss_rpn_cls: 0.2965  loss_rpn_loc: 0.1877    time: 0.3253  last_time: 0.3817  data_time: 0.0051  last_data_time: 0.0054   lr: 0.00025  max_mem: 2861M
[10/26 17:58:04 d2.utils.events]:  eta: 0:05:40  iter: 2519  total_loss: 0.856  loss_cls: 0.2755  loss_box_reg: 0.1382  loss_rpn_cls: 0.3067  loss_rpn_loc: 0.1705    time: 0.3257  last_time: 0.3653  data_time: 0.0052  last_data_time: 0.0049   lr: 0.00025  max_mem: 2861M
[10/26 17:58:12 d2.utils.events]:  eta: 0:05:33  iter: 2539  total_loss: 0.7707  loss_cls: 0.194  loss_box_reg: 0.1071  loss_rpn_cls: 0.3006  loss_rpn_loc: 0.1578    time: 0.3260  last_time: 0.3810  data_time: 0.0053  last_data_time: 0.0048   lr: 0.00025  max_mem: 2861M
[10/26 17:58:19 d2.utils.events]:  eta: 0:05:27  iter: 2559  total_loss: 0.7426  loss_cls: 0.1941  loss_box_reg: 0.117  loss_rpn_cls: 0.2396  loss_rpn_loc: 0.1914    time: 0.3264  last_time: 0.3762  data_time: 0.0049  last_data_time: 0.0034   lr: 0.00025  max_mem: 2861M
[10/26 17:58:27 d2.utils.events]:  eta: 0:05:20  iter: 2579  total_loss: 0.8417  loss_cls: 0.2448  loss_box_reg: 0.1187  loss_rpn_cls: 0.2896  loss_rpn_loc: 0.1522    time: 0.3267  last_time: 0.3688  data_time: 0.0046  last_data_time: 0.0053   lr: 0.00025  max_mem: 2861M
[10/26 17:58:34 d2.utils.events]:  eta: 0:05:13  iter: 2599  total_loss: 0.7894  loss_cls: 0.2093  loss_box_reg: 0.09945  loss_rpn_cls: 0.2924  loss_rpn_loc: 0.1719    time: 0.3271  last_time: 0.3719  data_time: 0.0050  last_data_time: 0.0089   lr: 0.00025  max_mem: 2861M
[10/26 17:58:42 d2.utils.events]:  eta: 0:05:06  iter: 2619  total_loss: 0.8606  loss_cls: 0.258  loss_box_reg: 0.1367  loss_rpn_cls: 0.3048  loss_rpn_loc: 0.1517    time: 0.3274  last_time: 0.3713  data_time: 0.0048  last_data_time: 0.0049   lr: 0.00025  max_mem: 2861M
[10/26 17:58:49 d2.utils.events]:  eta: 0:04:59  iter: 2639  total_loss: 0.7126  loss_cls: 0.1911  loss_box_reg: 0.07526  loss_rpn_cls: 0.2773  loss_rpn_loc: 0.1056    time: 0.3278  last_time: 0.3702  data_time: 0.0049  last_data_time: 0.0049   lr: 0.00025  max_mem: 2861M
[10/26 17:58:57 d2.utils.events]:  eta: 0:04:52  iter: 2659  total_loss: 0.8544  loss_cls: 0.2537  loss_box_reg: 0.1223  loss_rpn_cls: 0.2763  loss_rpn_loc: 0.125    time: 0.3281  last_time: 0.3564  data_time: 0.0050  last_data_time: 0.0050   lr: 0.00025  max_mem: 2861M
[10/26 17:59:04 d2.utils.events]:  eta: 0:04:46  iter: 2679  total_loss: 0.7436  loss_cls: 0.2033  loss_box_reg: 0.09452  loss_rpn_cls: 0.2967  loss_rpn_loc: 0.1329    time: 0.3285  last_time: 0.3854  data_time: 0.0052  last_data_time: 0.0046   lr: 0.00025  max_mem: 2861M
[10/26 17:59:12 d2.utils.events]:  eta: 0:04:39  iter: 2699  total_loss: 0.7818  loss_cls: 0.208  loss_box_reg: 0.1175  loss_rpn_cls: 0.249  loss_rpn_loc: 0.1646    time: 0.3288  last_time: 0.3780  data_time: 0.0050  last_data_time: 0.0042   lr: 0.00025  max_mem: 2861M
[10/26 17:59:19 d2.utils.events]:  eta: 0:04:32  iter: 2719  total_loss: 0.6712  loss_cls: 0.188  loss_box_reg: 0.1103  loss_rpn_cls: 0.2442  loss_rpn_loc: 0.1481    time: 0.3292  last_time: 0.4002  data_time: 0.0049  last_data_time: 0.0050   lr: 0.00025  max_mem: 2861M
[10/26 17:59:27 d2.utils.events]:  eta: 0:04:25  iter: 2739  total_loss: 0.8196  loss_cls: 0.2171  loss_box_reg: 0.1244  loss_rpn_cls: 0.243  loss_rpn_loc: 0.2336    time: 0.3296  last_time: 0.3887  data_time: 0.0053  last_data_time: 0.0043   lr: 0.00025  max_mem: 2861M
[10/26 17:59:34 d2.utils.events]:  eta: 0:04:18  iter: 2759  total_loss: 0.7403  loss_cls: 0.2056  loss_box_reg: 0.1028  loss_rpn_cls: 0.2972  loss_rpn_loc: 0.1627    time: 0.3299  last_time: 0.3707  data_time: 0.0048  last_data_time: 0.0048   lr: 0.00025  max_mem: 2861M
[10/26 17:59:42 d2.utils.events]:  eta: 0:04:11  iter: 2779  total_loss: 0.6998  loss_cls: 0.16  loss_box_reg: 0.08756  loss_rpn_cls: 0.2643  loss_rpn_loc: 0.1554    time: 0.3302  last_time: 0.3684  data_time: 0.0049  last_data_time: 0.0048   lr: 2.5e-05  max_mem: 2861M
[10/26 17:59:49 d2.utils.events]:  eta: 0:04:04  iter: 2799  total_loss: 0.8031  loss_cls: 0.234  loss_box_reg: 0.1184  loss_rpn_cls: 0.2682  loss_rpn_loc: 0.1812    time: 0.3306  last_time: 0.3643  data_time: 0.0050  last_data_time: 0.0044   lr: 2.5e-05  max_mem: 2861M
[10/26 17:59:57 d2.utils.events]:  eta: 0:03:57  iter: 2819  total_loss: 0.8641  loss_cls: 0.2057  loss_box_reg: 0.1019  loss_rpn_cls: 0.2904  loss_rpn_loc: 0.2099    time: 0.3309  last_time: 0.3775  data_time: 0.0050  last_data_time: 0.0056   lr: 2.5e-05  max_mem: 2861M
[10/26 18:00:05 d2.utils.events]:  eta: 0:03:50  iter: 2839  total_loss: 0.7275  loss_cls: 0.1771  loss_box_reg: 0.1012  loss_rpn_cls: 0.2586  loss_rpn_loc: 0.1267    time: 0.3312  last_time: 0.3709  data_time: 0.0053  last_data_time: 0.0049   lr: 2.5e-05  max_mem: 2861M
[10/26 18:00:12 d2.utils.events]:  eta: 0:03:43  iter: 2859  total_loss: 0.7089  loss_cls: 0.1847  loss_box_reg: 0.1034  loss_rpn_cls: 0.2586  loss_rpn_loc: 0.134    time: 0.3316  last_time: 0.3942  data_time: 0.0047  last_data_time: 0.0058   lr: 2.5e-05  max_mem: 2861M
[10/26 18:00:20 d2.utils.events]:  eta: 0:03:36  iter: 2879  total_loss: 0.8514  loss_cls: 0.1861  loss_box_reg: 0.1064  loss_rpn_cls: 0.3185  loss_rpn_loc: 0.1802    time: 0.3319  last_time: 0.3639  data_time: 0.0050  last_data_time: 0.0043   lr: 2.5e-05  max_mem: 2861M
[10/26 18:00:27 d2.utils.events]:  eta: 0:03:29  iter: 2899  total_loss: 0.7322  loss_cls: 0.1872  loss_box_reg: 0.0984  loss_rpn_cls: 0.2758  loss_rpn_loc: 0.1746    time: 0.3322  last_time: 0.3909  data_time: 0.0051  last_data_time: 0.0047   lr: 2.5e-05  max_mem: 2861M
[10/26 18:00:35 d2.utils.events]:  eta: 0:03:22  iter: 2919  total_loss: 0.707  loss_cls: 0.1628  loss_box_reg: 0.0864  loss_rpn_cls: 0.2861  loss_rpn_loc: 0.1567    time: 0.3326  last_time: 0.3540  data_time: 0.0048  last_data_time: 0.0048   lr: 2.5e-05  max_mem: 2861M
[10/26 18:00:43 d2.utils.events]:  eta: 0:03:15  iter: 2939  total_loss: 0.707  loss_cls: 0.1872  loss_box_reg: 0.1151  loss_rpn_cls: 0.2684  loss_rpn_loc: 0.151    time: 0.3329  last_time: 0.3776  data_time: 0.0047  last_data_time: 0.0042   lr: 2.5e-05  max_mem: 2861M
[10/26 18:00:50 d2.utils.events]:  eta: 0:03:08  iter: 2959  total_loss: 0.756  loss_cls: 0.1831  loss_box_reg: 0.1003  loss_rpn_cls: 0.2839  loss_rpn_loc: 0.1403    time: 0.3331  last_time: 0.3883  data_time: 0.0049  last_data_time: 0.0054   lr: 2.5e-05  max_mem: 2861M
[10/26 18:00:58 d2.utils.events]:  eta: 0:03:01  iter: 2979  total_loss: 0.7171  loss_cls: 0.1968  loss_box_reg: 0.0974  loss_rpn_cls: 0.2668  loss_rpn_loc: 0.1524    time: 0.3335  last_time: 0.4026  data_time: 0.0048  last_data_time: 0.0041   lr: 2.5e-05  max_mem: 2861M
[10/26 18:01:05 d2.utils.events]:  eta: 0:02:54  iter: 2999  total_loss: 0.8057  loss_cls: 0.2391  loss_box_reg: 0.1042  loss_rpn_cls: 0.2887  loss_rpn_loc: 0.1385    time: 0.3338  last_time: 0.3885  data_time: 0.0051  last_data_time: 0.0047   lr: 2.5e-05  max_mem: 2861M
[10/26 18:01:13 d2.utils.events]:  eta: 0:02:46  iter: 3019  total_loss: 0.7623  loss_cls: 0.1877  loss_box_reg: 0.1099  loss_rpn_cls: 0.2792  loss_rpn_loc: 0.1256    time: 0.3340  last_time: 0.3665  data_time: 0.0047  last_data_time: 0.0047   lr: 2.5e-05  max_mem: 2861M
[10/26 18:01:20 d2.utils.events]:  eta: 0:02:39  iter: 3039  total_loss: 0.8333  loss_cls: 0.2217  loss_box_reg: 0.1249  loss_rpn_cls: 0.2691  loss_rpn_loc: 0.1594    time: 0.3343  last_time: 0.3956  data_time: 0.0058  last_data_time: 0.0181   lr: 2.5e-05  max_mem: 2861M
[10/26 18:01:28 d2.utils.events]:  eta: 0:02:32  iter: 3059  total_loss: 0.7219  loss_cls: 0.1602  loss_box_reg: 0.08703  loss_rpn_cls: 0.2877  loss_rpn_loc: 0.1644    time: 0.3346  last_time: 0.3668  data_time: 0.0050  last_data_time: 0.0047   lr: 2.5e-05  max_mem: 2861M
[10/26 18:01:36 d2.utils.events]:  eta: 0:02:25  iter: 3079  total_loss: 0.7693  loss_cls: 0.1874  loss_box_reg: 0.104  loss_rpn_cls: 0.3266  loss_rpn_loc: 0.181    time: 0.3349  last_time: 0.3907  data_time: 0.0049  last_data_time: 0.0060   lr: 2.5e-05  max_mem: 2861M
[10/26 18:01:43 d2.utils.events]:  eta: 0:02:18  iter: 3099  total_loss: 0.7255  loss_cls: 0.2082  loss_box_reg: 0.1099  loss_rpn_cls: 0.2675  loss_rpn_loc: 0.1459    time: 0.3353  last_time: 0.3893  data_time: 0.0048  last_data_time: 0.0046   lr: 2.5e-05  max_mem: 2861M
[10/26 18:01:51 d2.utils.events]:  eta: 0:02:10  iter: 3119  total_loss: 0.6605  loss_cls: 0.1778  loss_box_reg: 0.1039  loss_rpn_cls: 0.259  loss_rpn_loc: 0.121    time: 0.3355  last_time: 0.3960  data_time: 0.0052  last_data_time: 0.0045   lr: 2.5e-05  max_mem: 2861M
[10/26 18:01:59 d2.utils.events]:  eta: 0:02:03  iter: 3139  total_loss: 0.7163  loss_cls: 0.1964  loss_box_reg: 0.1016  loss_rpn_cls: 0.2993  loss_rpn_loc: 0.1623    time: 0.3359  last_time: 0.4067  data_time: 0.0049  last_data_time: 0.0046   lr: 2.5e-05  max_mem: 2861M
[10/26 18:02:06 d2.utils.events]:  eta: 0:01:56  iter: 3159  total_loss: 0.7543  loss_cls: 0.2075  loss_box_reg: 0.1061  loss_rpn_cls: 0.2925  loss_rpn_loc: 0.1154    time: 0.3361  last_time: 0.3813  data_time: 0.0051  last_data_time: 0.0050   lr: 2.5e-05  max_mem: 2861M
[10/26 18:02:14 d2.utils.events]:  eta: 0:01:48  iter: 3179  total_loss: 0.7413  loss_cls: 0.1806  loss_box_reg: 0.1059  loss_rpn_cls: 0.2751  loss_rpn_loc: 0.1667    time: 0.3364  last_time: 0.3637  data_time: 0.0048  last_data_time: 0.0042   lr: 2.5e-05  max_mem: 2861M
[10/26 18:02:22 d2.utils.events]:  eta: 0:01:41  iter: 3199  total_loss: 0.7451  loss_cls: 0.1847  loss_box_reg: 0.08901  loss_rpn_cls: 0.233  loss_rpn_loc: 0.1809    time: 0.3367  last_time: 0.3928  data_time: 0.0050  last_data_time: 0.0050   lr: 2.5e-05  max_mem: 2861M
[10/26 18:02:29 d2.utils.events]:  eta: 0:01:34  iter: 3219  total_loss: 0.6351  loss_cls: 0.1676  loss_box_reg: 0.09026  loss_rpn_cls: 0.2455  loss_rpn_loc: 0.1325    time: 0.3370  last_time: 0.3947  data_time: 0.0048  last_data_time: 0.0043   lr: 2.5e-05  max_mem: 2861M
[10/26 18:02:37 d2.utils.events]:  eta: 0:01:26  iter: 3239  total_loss: 0.8142  loss_cls: 0.2069  loss_box_reg: 0.1187  loss_rpn_cls: 0.3018  loss_rpn_loc: 0.1432    time: 0.3373  last_time: 0.3782  data_time: 0.0052  last_data_time: 0.0057   lr: 2.5e-05  max_mem: 2861M
[10/26 18:02:44 d2.utils.events]:  eta: 0:01:19  iter: 3259  total_loss: 0.8065  loss_cls: 0.1918  loss_box_reg: 0.1042  loss_rpn_cls: 0.2947  loss_rpn_loc: 0.1457    time: 0.3375  last_time: 0.3803  data_time: 0.0050  last_data_time: 0.0044   lr: 2.5e-05  max_mem: 2861M
[10/26 18:02:52 d2.utils.events]:  eta: 0:01:11  iter: 3279  total_loss: 0.832  loss_cls: 0.2093  loss_box_reg: 0.1091  loss_rpn_cls: 0.272  loss_rpn_loc: 0.1575    time: 0.3378  last_time: 0.3993  data_time: 0.0048  last_data_time: 0.0046   lr: 2.5e-05  max_mem: 2861M
[10/26 18:03:00 d2.utils.events]:  eta: 0:01:04  iter: 3299  total_loss: 0.8044  loss_cls: 0.2274  loss_box_reg: 0.117  loss_rpn_cls: 0.2839  loss_rpn_loc: 0.139    time: 0.3380  last_time: 0.3863  data_time: 0.0051  last_data_time: 0.0052   lr: 2.5e-05  max_mem: 2861M
[10/26 18:03:07 d2.utils.events]:  eta: 0:00:56  iter: 3319  total_loss: 0.8213  loss_cls: 0.189  loss_box_reg: 0.1153  loss_rpn_cls: 0.2786  loss_rpn_loc: 0.1595    time: 0.3383  last_time: 0.3675  data_time: 0.0047  last_data_time: 0.0050   lr: 2.5e-05  max_mem: 2861M
[10/26 18:03:15 d2.utils.events]:  eta: 0:00:49  iter: 3339  total_loss: 0.6982  loss_cls: 0.1826  loss_box_reg: 0.09066  loss_rpn_cls: 0.2829  loss_rpn_loc: 0.1357    time: 0.3386  last_time: 0.3811  data_time: 0.0050  last_data_time: 0.0057   lr: 2.5e-05  max_mem: 2861M
[10/26 18:03:23 d2.utils.events]:  eta: 0:00:42  iter: 3359  total_loss: 0.6907  loss_cls: 0.1762  loss_box_reg: 0.1007  loss_rpn_cls: 0.2717  loss_rpn_loc: 0.1178    time: 0.3389  last_time: 0.4021  data_time: 0.0052  last_data_time: 0.0054   lr: 2.5e-05  max_mem: 2861M
[10/26 18:03:30 d2.utils.events]:  eta: 0:00:34  iter: 3379  total_loss: 0.8805  loss_cls: 0.2149  loss_box_reg: 0.1254  loss_rpn_cls: 0.308  loss_rpn_loc: 0.1854    time: 0.3391  last_time: 0.3873  data_time: 0.0045  last_data_time: 0.0043   lr: 2.5e-05  max_mem: 2861M
[10/26 18:03:38 d2.utils.events]:  eta: 0:00:27  iter: 3399  total_loss: 0.7845  loss_cls: 0.2036  loss_box_reg: 0.1096  loss_rpn_cls: 0.2775  loss_rpn_loc: 0.135    time: 0.3393  last_time: 0.3780  data_time: 0.0052  last_data_time: 0.0055   lr: 2.5e-05  max_mem: 2861M
[10/26 18:03:46 d2.utils.events]:  eta: 0:00:19  iter: 3419  total_loss: 0.7806  loss_cls: 0.2054  loss_box_reg: 0.09975  loss_rpn_cls: 0.2788  loss_rpn_loc: 0.1918    time: 0.3396  last_time: 0.3872  data_time: 0.0049  last_data_time: 0.0043   lr: 2.5e-05  max_mem: 2861M
[10/26 18:03:53 d2.utils.events]:  eta: 0:00:12  iter: 3439  total_loss: 0.7488  loss_cls: 0.1769  loss_box_reg: 0.1044  loss_rpn_cls: 0.2469  loss_rpn_loc: 0.1577    time: 0.3398  last_time: 0.3698  data_time: 0.0049  last_data_time: 0.0041   lr: 2.5e-05  max_mem: 2861M
[10/26 18:04:01 d2.utils.events]:  eta: 0:00:04  iter: 3459  total_loss: 0.7182  loss_cls: 0.1879  loss_box_reg: 0.09295  loss_rpn_cls: 0.2734  loss_rpn_loc: 0.159    time: 0.3400  last_time: 0.3724  data_time: 0.0049  last_data_time: 0.0039   lr: 2.5e-05  max_mem: 2861M
[10/26 18:04:05 fvcore.common.checkpoint]: Saving checkpoint to /home/turje87/DeFRCN/outputs_codetr_2x/OD25_0/base_model/model_final.pth
[10/26 18:04:06 d2.utils.events]:  eta: 0:00:00  iter: 3471  total_loss: 0.7473  loss_cls: 0.2092  loss_box_reg: 0.1015  loss_rpn_cls: 0.2682  loss_rpn_loc: 0.1175    time: 0.3402  last_time: 0.3879  data_time: 0.0054  last_data_time: 0.0050   lr: 2.5e-05  max_mem: 2861M
[10/26 18:04:06 d2.engine.hooks]: Overall training speed: 3470 iterations in 0:19:40 (0.3402 s / it)
[10/26 18:04:06 d2.engine.hooks]: Total training time: 0:19:42 (0:00:02 on hooks)
WARNING [10/26 18:04:06 d2.data.datasets.coco]: 
Category ids in annotations are not in [1, #categories]! We'll apply a mapping for you.

[10/26 18:04:06 d2.data.datasets.coco]: Loaded 436 images in COCO format from /home/turje87/DeFRCN/datasets/vizwiz/annotations/OD25_0/instances_val_base.json
[10/26 18:04:06 defrcn.dataloader.dataset_mapper]: [DatasetMapper] Augmentations used in inference: [ResizeShortestEdge(short_edge_length=(800, 800), max_size=1333, sample_style='choice')]
[10/26 18:04:06 d2.data.common]: Serializing the dataset using: <class 'detectron2.data.common._TorchSerializedList'>
[10/26 18:04:06 d2.data.common]: Serializing 436 elements to byte tensors and concatenating them all ...
[10/26 18:04:06 d2.data.common]: Serialized dataset takes 0.14 MiB
[10/26 18:04:06 defrcn.evaluation.evaluator]: Start inference on 436 images
[10/26 18:04:10 defrcn.evaluation.evaluator]: Inference done 50/436. 0.0706 s / img. ETA=0:00:27
[10/26 18:04:13 defrcn.evaluation.evaluator]: Inference done 100/436. 0.0690 s / img. ETA=0:00:23
[10/26 18:04:17 defrcn.evaluation.evaluator]: Inference done 150/436. 0.0693 s / img. ETA=0:00:19
[10/26 18:04:20 defrcn.evaluation.evaluator]: Inference done 200/436. 0.0695 s / img. ETA=0:00:16
[10/26 18:04:24 defrcn.evaluation.evaluator]: Inference done 250/436. 0.0695 s / img. ETA=0:00:12
[10/26 18:04:27 defrcn.evaluation.evaluator]: Inference done 300/436. 0.0692 s / img. ETA=0:00:09
[10/26 18:04:31 defrcn.evaluation.evaluator]: Inference done 350/436. 0.0692 s / img. ETA=0:00:05
[10/26 18:04:34 defrcn.evaluation.evaluator]: Inference done 400/436. 0.0696 s / img. ETA=0:00:02
[10/26 18:04:37 defrcn.evaluation.evaluator]: Total inference time: 0:00:29 (0.067285 s / img per device, on 1 devices)
[10/26 18:04:37 defrcn.evaluation.evaluator]: Total inference pure compute time: 0:00:28 (0.066171 s / img per device, on 1 devices)
[10/26 18:04:37 defrcn.evaluation.coco_evaluation]: Preparing results for COCO format ...
[10/26 18:04:37 defrcn.evaluation.coco_evaluation]: Saving results to /home/turje87/DeFRCN/outputs_codetr_2x/OD25_0/base_model/inference/coco_instances_results.json
[10/26 18:04:37 defrcn.evaluation.coco_evaluation]: Evaluating predictions ...
Loading and preparing results...
DONE (t=0.00s)
creating index...
index created!
Running per image evaluation...
Evaluate annotation type *bbox*
DONE (t=0.37s).
Accumulating evaluation results...
DONE (t=0.14s).
 Average Precision  (AP) @[ IoU=0.50:0.95 | area=   all | maxDets=100 ] = 0.000
 Average Precision  (AP) @[ IoU=0.50      | area=   all | maxDets=100 ] = 0.002
 Average Precision  (AP) @[ IoU=0.75      | area=   all | maxDets=100 ] = 0.000
 Average Precision  (AP) @[ IoU=0.50:0.95 | area= small | maxDets=100 ] = -1.000
 Average Precision  (AP) @[ IoU=0.50:0.95 | area=medium | maxDets=100 ] = 0.000
 Average Precision  (AP) @[ IoU=0.50:0.95 | area= large | maxDets=100 ] = 0.000
 Average Recall     (AR) @[ IoU=0.50:0.95 | area=   all | maxDets=  1 ] = 0.003
 Average Recall     (AR) @[ IoU=0.50:0.95 | area=   all | maxDets= 10 ] = 0.004
 Average Recall     (AR) @[ IoU=0.50:0.95 | area=   all | maxDets=100 ] = 0.004
 Average Recall     (AR) @[ IoU=0.50:0.95 | area= small | maxDets=100 ] = -1.000
 Average Recall     (AR) @[ IoU=0.50:0.95 | area=medium | maxDets=100 ] = 0.000
 Average Recall     (AR) @[ IoU=0.50:0.95 | area= large | maxDets=100 ] = 0.004
[10/26 18:04:37 defrcn.evaluation.coco_evaluation]: Evaluation results for bbox: 
|  AP   |  AP50  |  AP75  |   APs    |  APm  |  APl  |
|:-----:|:------:|:------:|:--------:|:-----:|:-----:|
| 0.047 | 0.175  | 0.011  | -100.000 | 0.000 | 0.048 |
[10/26 18:04:37 defrcn.engine.defaults]: Evaluation results for vizwiz_OD25_0_val_base in csv format:
[10/26 18:04:37 defrcn.evaluation.testing]: copypaste: Task: bbox
[10/26 18:04:37 defrcn.evaluation.testing]: copypaste: bAP,bAP50,bAP75,bAPs,bAPm,bAPl,AP
[10/26 18:04:37 defrcn.evaluation.testing]: copypaste: 0.0468,0.1747,0.0112,-100.0000,0.0000,0.0479,0.0468
✅ Base training complete for OD25_0

🔧 Model Surgery: Removing classification head
----------------------------------------
save changed ckpt to /home/turje87/DeFRCN/outputs_codetr_2x/OD25_0/base_model/model_reset_remove.pth
✅ Model surgery complete

📊 STAGE 2: Few-Shot Fine-Tuning (1-shot, 1400 iterations)
----------------------------------------
Config: /home/turje87/DeFRCN/configs/vizwiz_det_r101_novel_1shot.yaml
Output: /home/turje87/DeFRCN/outputs_codetr_2x/OD25_0/novel_1shot
K-shot: 1
Iterations: 1400

✅ Registered VizWiz datasets for 4 folds with k-shot variants
Traceback (most recent call last):
  File "/home/turje87/DeFRCN/main.py", line 68, in <module>
    launch(
  File "/home/turje87/miniconda/envs/defrcn-cu121/lib/python3.10/site-packages/detectron2/engine/launch.py", line 84, in launch
    main_func(*args)
  File "/home/turje87/DeFRCN/main.py", line 49, in main
    cfg = setup(args)
  File "/home/turje87/DeFRCN/main.py", line 39, in setup
    cfg.merge_from_file(args.config_file)
  File "/home/turje87/miniconda/envs/defrcn-cu121/lib/python3.10/site-packages/detectron2/config/config.py", line 69, in merge_from_file
    self.merge_from_other_cfg(loaded_cfg)
  File "/home/turje87/miniconda/envs/defrcn-cu121/lib/python3.10/site-packages/fvcore/common/config.py", line 132, in merge_from_other_cfg
    return super().merge_from_other_cfg(cfg_other)
  File "/home/turje87/miniconda/envs/defrcn-cu121/lib/python3.10/site-packages/yacs/config.py", line 217, in merge_from_other_cfg
    _merge_a_into_b(cfg_other, self, self, [])
  File "/home/turje87/miniconda/envs/defrcn-cu121/lib/python3.10/site-packages/yacs/config.py", line 478, in _merge_a_into_b
    _merge_a_into_b(v, b[k], root, key_list + [k])
  File "/home/turje87/miniconda/envs/defrcn-cu121/lib/python3.10/site-packages/yacs/config.py", line 478, in _merge_a_into_b
    _merge_a_into_b(v, b[k], root, key_list + [k])
  File "/home/turje87/miniconda/envs/defrcn-cu121/lib/python3.10/site-packages/yacs/config.py", line 491, in _merge_a_into_b
    raise KeyError("Non-existent config key: {}".format(full_key))
KeyError: 'Non-existent config key: MODEL.ROI_HEADS.PCB_ENABLE'
